  Window.cpp
  VMath.cpp
  Timer.cpp
  Scene.cpp
c:\users\erico\documents\code\school\year 1\semester 2\game programming 2\sdl\sdl_project_1.1.0 - using umers body class\sdl_project\scene.cpp(23): warning C4244: '=': conversion from 'double' to 'float', possible loss of data
c:\users\erico\documents\code\school\year 1\semester 2\game programming 2\sdl\sdl_project_1.1.0 - using umers body class\sdl_project\scene.cpp(24): warning C4244: '=': conversion from 'double' to 'float', possible loss of data
  MMath.cpp
  Main.cpp
  GameManager.cpp
c:\users\erico\documents\code\school\year 1\semester 2\game programming 2\sdl\sdl_project_1.1.0 - using umers body class\sdl_project\assignment2.h(19): warning C4099: 'MATH::Vec3': type name first seen using 'struct' now seen using 'class'
  c:\users\erico\documents\code\school\year 1\semester 2\game programming 2\sdl\sdl_project_1.1.0 - using umers body class\sdl_project\vector.h(28): note: see declaration of 'MATH::Vec3'
c:\users\erico\documents\code\school\year 1\semester 2\game programming 2\sdl\sdl_project_1.1.0 - using umers body class\sdl_project\assignment2.h(20): warning C4099: 'MATH::Vec3': type name first seen using 'struct' now seen using 'class'
  c:\users\erico\documents\code\school\year 1\semester 2\game programming 2\sdl\sdl_project_1.1.0 - using umers body class\sdl_project\vector.h(28): note: see declaration of 'MATH::Vec3'
c:\users\erico\documents\code\school\year 1\semester 2\game programming 2\sdl\sdl_project_1.1.0 - using umers body class\sdl_project\assignment3.h(13): warning C4005: 'NUM_BODIES': macro redefinition
  c:\users\erico\documents\code\school\year 1\semester 2\game programming 2\sdl\sdl_project_1.1.0 - using umers body class\sdl_project\assignment1.h(12): note: see previous definition of 'NUM_BODIES'
  Collider.cpp
  Body.cpp
  Assignment3.cpp
c:\users\erico\documents\code\school\year 1\semester 2\game programming 2\sdl\sdl_project_1.1.0 - using umers body class\sdl_project\assignment3.cpp(55): warning C4244: 'argument': conversion from 'int' to 'float', possible loss of data
c:\users\erico\documents\code\school\year 1\semester 2\game programming 2\sdl\sdl_project_1.1.0 - using umers body class\sdl_project\assignment3.cpp(117): warning C4244: '=': conversion from 'float' to 'int', possible loss of data
c:\users\erico\documents\code\school\year 1\semester 2\game programming 2\sdl\sdl_project_1.1.0 - using umers body class\sdl_project\assignment3.cpp(118): warning C4244: '=': conversion from 'float' to 'int', possible loss of data
  Assignment2.cpp
c:\users\erico\documents\code\school\year 1\semester 2\game programming 2\sdl\sdl_project_1.1.0 - using umers body class\sdl_project\assignment2.h(19): warning C4099: 'MATH::Vec3': type name first seen using 'struct' now seen using 'class'
  c:\users\erico\documents\code\school\year 1\semester 2\game programming 2\sdl\sdl_project_1.1.0 - using umers body class\sdl_project\vector.h(28): note: see declaration of 'MATH::Vec3'
c:\users\erico\documents\code\school\year 1\semester 2\game programming 2\sdl\sdl_project_1.1.0 - using umers body class\sdl_project\assignment2.h(20): warning C4099: 'MATH::Vec3': type name first seen using 'struct' now seen using 'class'
  c:\users\erico\documents\code\school\year 1\semester 2\game programming 2\sdl\sdl_project_1.1.0 - using umers body class\sdl_project\vector.h(28): note: see declaration of 'MATH::Vec3'
c:\users\erico\documents\code\school\year 1\semester 2\game programming 2\sdl\sdl_project_1.1.0 - using umers body class\sdl_project\assignment2.cpp(76): warning C4244: '=': conversion from 'double' to 'float', possible loss of data
c:\users\erico\documents\code\school\year 1\semester 2\game programming 2\sdl\sdl_project_1.1.0 - using umers body class\sdl_project\assignment2.cpp(77): warning C4244: '=': conversion from 'double' to 'float', possible loss of data
c:\users\erico\documents\code\school\year 1\semester 2\game programming 2\sdl\sdl_project_1.1.0 - using umers body class\sdl_project\assignment2.cpp(111): warning C4244: '=': conversion from 'float' to 'int', possible loss of data
c:\users\erico\documents\code\school\year 1\semester 2\game programming 2\sdl\sdl_project_1.1.0 - using umers body class\sdl_project\assignment2.cpp(112): warning C4244: '=': conversion from 'float' to 'int', possible loss of data
  Assignment1.cpp
c:\users\erico\documents\code\school\year 1\semester 2\game programming 2\sdl\sdl_project_1.1.0 - using umers body class\sdl_project\assignment1.cpp(89): warning C4244: '=': conversion from 'float' to 'int', possible loss of data
c:\users\erico\documents\code\school\year 1\semester 2\game programming 2\sdl\sdl_project_1.1.0 - using umers body class\sdl_project\assignment1.cpp(90): warning C4244: '=': conversion from 'float' to 'int', possible loss of data
  Generating Code...
  LINK : C:\Users\erico\Documents\Code\School\year 1\semester 2\game programming 2\SDL\SDL_Project_1.1.0 - Using Umers Body Class\Debug\SDL_Project.exe not found or not built by the last incremental link; performing full link
     Creating library C:\Users\erico\Documents\Code\School\year 1\semester 2\game programming 2\SDL\SDL_Project_1.1.0 - Using Umers Body Class\Debug\SDL_Project.lib and object C:\Users\erico\Documents\Code\School\year 1\semester 2\game programming 2\SDL\SDL_Project_1.1.0 - Using Umers Body Class\Debug\SDL_Project.exp
  SDL_Project.vcxproj -> C:\Users\erico\Documents\Code\School\year 1\semester 2\game programming 2\SDL\SDL_Project_1.1.0 - Using Umers Body Class\Debug\SDL_Project.exe
