Log file open, 01/17/19 22:38:25
LogWindows: Failed to load 'aqProf.dll' (GetLastError=126)
LogWindows: File 'aqProf.dll' does not exist
LogWindows: Failed to load 'VtuneApi.dll' (GetLastError=126)
LogWindows: File 'VtuneApi.dll' does not exist
LogWindows: Failed to load 'VtuneApi32e.dll' (GetLastError=126)
LogWindows: File 'VtuneApi32e.dll' does not exist
LogConsoleResponse: Display: Failed to find resolution value strings in scalability ini. Falling back to default.
LogInit: Display: Running engine for game: LandsacpeProject
LogPakFile: Registered encryption key '00000000000000000000000000000000': 0 pak files mounted, 0 remain pending
LogPlatformFile: Not using cached read wrapper
LogTaskGraph: Started task graph with 5 named threads and 14 total threads with 3 sets of task threads.
LogStats: Stats thread started at 0.221616
LogD3D11RHI: Loaded GFSDK_Aftermath_Lib.x64.dll
LogICUInternationalization: ICU TimeZone Detection - Raw Offset: -5:00, Platform Override: ''
LogPluginManager: Mounting plugin Paper2D
LogPluginManager: Mounting plugin AISupport
LogPluginManager: Mounting plugin LightPropagationVolume
LogPluginManager: Mounting plugin ActorLayerUtilities
LogPluginManager: Mounting plugin CLionSourceCodeAccess
LogPluginManager: Mounting plugin CodeLiteSourceCodeAccess
LogPluginManager: Mounting plugin GitSourceControl
LogPluginManager: Mounting plugin KDevelopSourceCodeAccess
LogPluginManager: Mounting plugin NullSourceCodeAccess
LogPluginManager: Mounting plugin PerforceSourceControl
LogPluginManager: Mounting plugin SubversionSourceControl
LogPluginManager: Mounting plugin UObjectPlugin
LogPluginManager: Mounting plugin VisualStudioCodeSourceCodeAccess
LogPluginManager: Mounting plugin VisualStudioSourceCodeAccess
LogPluginManager: Mounting plugin XCodeSourceCodeAccess
LogPluginManager: Mounting plugin AssetManagerEditor
LogPluginManager: Mounting plugin CryptoKeys
LogPluginManager: Mounting plugin DataValidation
LogPluginManager: Mounting plugin FacialAnimation
LogPluginManager: Mounting plugin GameplayTagsEditor
LogPluginManager: Mounting plugin MacGraphicsSwitching
LogPluginManager: Mounting plugin MeshEditor
LogPluginManager: Mounting plugin MobileLauncherProfileWizard
LogPluginManager: Mounting plugin PluginBrowser
LogPluginManager: Mounting plugin SpeedTreeImporter
LogPluginManager: Mounting plugin DatasmithContent
LogPluginManager: Mounting plugin VariantManagerContent
LogPluginManager: Mounting plugin AlembicImporter
LogPluginManager: Mounting plugin AppleImageUtils
LogPluginManager: Mounting plugin AppleVision
LogPluginManager: Mounting plugin BackChannel
LogPluginManager: Mounting plugin CharacterAI
LogPluginManager: Mounting plugin GeometryCache
LogPluginManager: Mounting plugin HTML5Networking
LogPluginManager: Mounting plugin ProxyLODPlugin
LogPluginManager: Mounting plugin MagicLeap
LogPluginManager: Mounting plugin MagicLeapMedia
LogPluginManager: Mounting plugin AndroidMedia
LogPluginManager: Mounting plugin AvfMedia
LogPluginManager: Mounting plugin ImgMedia
LogPluginManager: Mounting plugin LinearTimecode
LogPluginManager: Mounting plugin MediaCompositing
LogPluginManager: Mounting plugin MediaPlayerEditor
LogPluginManager: Mounting plugin WebMMedia
LogPluginManager: Mounting plugin WmfMedia
LogPluginManager: Mounting plugin TcpMessaging
LogPluginManager: Mounting plugin UdpMessaging
LogPluginManager: Mounting plugin ActorSequence
LogPluginManager: Mounting plugin LevelSequenceEditor
LogPluginManager: Mounting plugin MatineeToLevelSequence
LogPluginManager: Mounting plugin NetcodeUnitTest
LogPluginManager: Mounting plugin NUTUnrealEngine4
LogPluginManager: Mounting plugin OnlineSubsystemGooglePlay
LogPluginManager: Mounting plugin OnlineSubsystemIOS
LogPluginManager: Mounting plugin OnlineSubsystem
LogPluginManager: Mounting plugin OnlineSubsystemNull
LogPluginManager: Mounting plugin OnlineSubsystemUtils
LogPluginManager: Mounting plugin LauncherChunkInstaller
LogPluginManager: Mounting plugin AndroidDeviceProfileSelector
LogPluginManager: Mounting plugin AndroidMoviePlayer
LogPluginManager: Mounting plugin AndroidPermission
LogPluginManager: Mounting plugin AppleMoviePlayer
LogPluginManager: Mounting plugin ArchVisCharacter
LogPluginManager: Mounting plugin AudioCapture
LogPluginManager: Mounting plugin CableComponent
LogPluginManager: Mounting plugin CustomMeshComponent
LogPluginManager: Mounting plugin EditableMesh
LogPluginManager: Mounting plugin ExampleDeviceProfileSelector
LogPluginManager: Mounting plugin Firebase
LogPluginManager: Mounting plugin GoogleCloudMessaging
LogPluginManager: Mounting plugin IOSDeviceProfileSelector
LogPluginManager: Mounting plugin LinuxDeviceProfileSelector
LogPluginManager: Mounting plugin LocationServicesBPLibrary
LogPluginManager: Mounting plugin MobilePatchingUtils
LogPluginManager: Mounting plugin OculusVR
LogPluginManager: Mounting plugin PhysXVehicles
LogPluginManager: Mounting plugin ProceduralMeshComponent
LogPluginManager: Mounting plugin RuntimePhysXCooking
LogPluginManager: Mounting plugin SteamVR
LogPluginManager: Mounting plugin WebMMoviePlayer
LogPluginManager: Mounting plugin WindowsMoviePlayer
LogStreaming: Display: Took  0.081s to configure plugins.
LogInit: Using libcurl 7.55.1-DEV
LogInit:  - built for x86_64-pc-win32
LogInit:  - supports SSL with OpenSSL/1.0.2h
LogInit:  - supports HTTP deflate (compression) using libz 1.2.8
LogInit:  - other features:
LogInit:      CURL_VERSION_SSL
LogInit:      CURL_VERSION_LIBZ
LogInit:      CURL_VERSION_IPV6
LogInit:      CURL_VERSION_ASYNCHDNS
LogInit:      CURL_VERSION_LARGEFILE
LogInit:      CURL_VERSION_IDN
LogInit:  CurlRequestOptions (configurable via config and command line):
LogInit:  - bVerifyPeer = true  - Libcurl will verify peer certificate
LogInit:  - bUseHttpProxy = false  - Libcurl will NOT use HTTP proxy
LogInit:  - bDontReuseConnections = false  - Libcurl will reuse connections
LogInit:  - MaxHostConnections = 16  - Libcurl will limit the number of connections to a host
LogInit:  - LocalHostAddr = Default
LogInit:  - BufferSize = 65536
LogInit: WinSock: version 1.1 (2.2), MaxSocks=32767, MaxUdp=65467
LogInit: Build: ++UE4+Release-4.21-CL-4613538
LogInit: Engine Version: 4.21.1-4613538+++UE4+Release-4.21
LogInit: Compatible Engine Version: 4.21.0-4541578+++UE4+Release-4.21
LogInit: Net CL: 4541578
LogInit: OS: Windows 10 (), CPU: Intel(R) Core(TM) i5-4690K CPU @ 3.50GHz, GPU: NVIDIA GeForce GTX 970
LogInit: Compiled (64-bit): Nov 30 2018 04:13:25
LogInit: Compiled with Visual C++: 19.13.26129.00
LogInit: Build Configuration: Development
LogInit: Branch Name: ++UE4+Release-4.21
LogInit: Command Line:  -EpicPortal -epicusername=Electroshockist -epicuserid=79068a25bf1c457f862ce3fc2c5c8aa9 -epiclocale=en-US
LogInit: Base Directory: C:/Program Files/Epic Games/UE_4.21/Engine/Binaries/Win64/
LogInit: Installed Engine Build: 1
LogDevObjectVersion: Number of dev versions registered: 22
LogDevObjectVersion:   Dev-Blueprints (B0D832E4-1F89-4F0D-ACCF-7EB736FD4AA2): 10
LogDevObjectVersion:   Dev-Build (E1C64328-A22C-4D53-A36C-8E866417BD8C): 0
LogDevObjectVersion:   Dev-Core (375EC13C-06E4-48FB-B500-84F0262A717E): 2
LogDevObjectVersion:   Dev-Editor (E4B068ED-F494-42E9-A231-DA0B2E46BB41): 26
LogDevObjectVersion:   Dev-Framework (CFFC743F-43B0-4480-9391-14DF171D2073): 34
LogDevObjectVersion:   Dev-Mobile (B02B49B5-BB20-44E9-A304-32B752E40360): 2
LogDevObjectVersion:   Dev-Networking (A4E4105C-59A1-49B5-A7C5-40C4547EDFEE): 0
LogDevObjectVersion:   Dev-Online (39C831C9-5AE6-47DC-9A44-9C173E1C8E7C): 0
LogDevObjectVersion:   Dev-Physics (78F01B33-EBEA-4F98-B9B4-84EACCB95AA2): 0
LogDevObjectVersion:   Dev-Platform (6631380F-2D4D-43E0-8009-CF276956A95A): 0
LogDevObjectVersion:   Dev-Rendering (12F88B9F-8875-4AFC-A67C-D90C383ABD29): 27
LogDevObjectVersion:   Dev-Sequencer (7B5AE74C-D270-4C10-A958-57980B212A5A): 9
LogDevObjectVersion:   Dev-VR (D7296918-1DD6-4BDD-9DE2-64A83CC13884): 2
LogDevObjectVersion:   Dev-LoadTimes (C2A15278-BFE7-4AFE-6C17-90FF531DF755): 1
LogDevObjectVersion:   Private-Geometry (6EACA3D4-40EC-4CC1-B786-8BED09428FC5): 3
LogDevObjectVersion:   Dev-AnimPhys (29E575DD-E0A3-4627-9D10-D276232CDCEA): 17
LogDevObjectVersion:   Dev-Anim (AF43A65D-7FD3-4947-9873-3E8ED9C1BB05): 2
LogDevObjectVersion:   Dev-ReflectionCapture (6B266CEC-1EC7-4B8F-A30B-E4D90942FC07): 1
LogDevObjectVersion:   Dev-Automation (0DF73D61-A23F-47EA-B727-89E90C41499A): 1
LogDevObjectVersion:   FortniteMain (601D1886-AC64-4F84-AA16-D3DE0DEAC7D6): 17
LogDevObjectVersion:   Dev-Enterprise (9DFFBCD6-494F-0158-E221-12823C92A888): 4
LogDevObjectVersion:   Dev-Niagara (F2AED0AC-9AFE-416F-8664-AA7FFA26D6FC): 1
LogStreaming: Display: Took  0.001s to delete old logs.
LogInit: Presizing for max 8388607 objects, including 0 objects not considered by GC, pre-allocating 0 bytes for permanent pool.
LogInit: Object subsystem initialized
LogConfig: Setting CVar [[con.DebugEarlyDefault:1]]
LogConfig: Setting CVar [[r.setres:1280x720]]
[2019.01.18-03.38.26:255][  0]LogConfig: Setting CVar [[r.VSync:0]]
[2019.01.18-03.38.26:255][  0]LogConfig: Setting CVar [[r.RHICmdBypass:0]]
[2019.01.18-03.38.26:255][  0]LogConfig: Applying CVar settings from Section [/Script/Engine.RendererSettings] File [C:/Users/erico/Files/School/year 2/semester 2/Game Engine Design 1/Landscape project/Saved/Config/Windows/Engine.ini]
[2019.01.18-03.38.26:255][  0]LogConfig: Setting CVar [[r.GPUCrashDebugging:0]]
[2019.01.18-03.38.26:255][  0]LogConfig: Applying CVar settings from Section [/Script/Engine.RendererOverrideSettings] File [C:/Users/erico/Files/School/year 2/semester 2/Game Engine Design 1/Landscape project/Saved/Config/Windows/Engine.ini]
[2019.01.18-03.38.26:255][  0]LogConfig: Applying CVar settings from Section [/Script/Engine.StreamingSettings] File [C:/Users/erico/Files/School/year 2/semester 2/Game Engine Design 1/Landscape project/Saved/Config/Windows/Engine.ini]
[2019.01.18-03.38.26:255][  0]LogConfig: Setting CVar [[s.MinBulkDataSizeForAsyncLoading:131072]]
[2019.01.18-03.38.26:255][  0]LogConfig: Setting CVar [[s.AsyncLoadingThreadEnabled:0]]
[2019.01.18-03.38.26:255][  0]LogConfig: Setting CVar [[s.EventDrivenLoaderEnabled:1]]
[2019.01.18-03.38.26:255][  0]LogConfig: Setting CVar [[s.WarnIfTimeLimitExceeded:0]]
[2019.01.18-03.38.26:255][  0]LogConfig: Setting CVar [[s.TimeLimitExceededMultiplier:1.5]]
[2019.01.18-03.38.26:255][  0]LogConfig: Setting CVar [[s.TimeLimitExceededMinTime:0.005]]
[2019.01.18-03.38.26:255][  0]LogConfig: Setting CVar [[s.UseBackgroundLevelStreaming:1]]
[2019.01.18-03.38.26:255][  0]LogConfig: Setting CVar [[s.PriorityAsyncLoadingExtraTime:15.0]]
[2019.01.18-03.38.26:255][  0]LogConfig: Setting CVar [[s.LevelStreamingActorsUpdateTimeLimit:5.0]]
[2019.01.18-03.38.26:255][  0]LogConfig: Setting CVar [[s.PriorityLevelStreamingActorsUpdateExtraTime:5.0]]
[2019.01.18-03.38.26:255][  0]LogConfig: Setting CVar [[s.LevelStreamingComponentsRegistrationGranularity:10]]
[2019.01.18-03.38.26:255][  0]LogConfig: Setting CVar [[s.UnregisterComponentsTimeLimit:1.0]]
[2019.01.18-03.38.26:255][  0]LogConfig: Setting CVar [[s.LevelStreamingComponentsUnregistrationGranularity:5]]
[2019.01.18-03.38.26:255][  0]LogConfig: Applying CVar settings from Section [/Script/Engine.GarbageCollectionSettings] File [C:/Users/erico/Files/School/year 2/semester 2/Game Engine Design 1/Landscape project/Saved/Config/Windows/Engine.ini]
[2019.01.18-03.38.26:255][  0]LogConfig: Setting CVar [[gc.MaxObjectsNotConsideredByGC:1]]
[2019.01.18-03.38.26:255][  0]LogConfig: Setting CVar [[gc.SizeOfPermanentObjectPool:0]]
[2019.01.18-03.38.26:255][  0]LogConfig: Setting CVar [[gc.FlushStreamingOnGC:0]]
[2019.01.18-03.38.26:255][  0]LogConfig: Setting CVar [[gc.NumRetriesBeforeForcingGC:10]]
[2019.01.18-03.38.26:255][  0]LogConfig: Setting CVar [[gc.AllowParallelGC:1]]
[2019.01.18-03.38.26:255][  0]LogConfig: Setting CVar [[gc.TimeBetweenPurgingPendingKillObjects:61.1]]
[2019.01.18-03.38.26:255][  0]LogConfig: Setting CVar [[gc.MaxObjectsInEditor:8388607]]
[2019.01.18-03.38.26:255][  0]LogConfig: Setting CVar [[gc.IncrementalBeginDestroyEnabled:1]]
[2019.01.18-03.38.26:255][  0]LogConfig: Setting CVar [[gc.CreateGCClusters:1]]
[2019.01.18-03.38.26:255][  0]LogConfig: Setting CVar [[gc.MergeGCClusters:0]]
[2019.01.18-03.38.26:255][  0]LogConfig: Setting CVar [[gc.MinGCClusterSize:5]]
[2019.01.18-03.38.26:256][  0]LogConfig: Setting CVar [[gc.ActorClusteringEnabled:0]]
[2019.01.18-03.38.26:256][  0]LogConfig: Setting CVar [[gc.BlueprintClusteringEnabled:0]]
[2019.01.18-03.38.26:256][  0]LogConfig: Setting CVar [[gc.UseDisregardForGCOnDedicatedServers:0]]
[2019.01.18-03.38.26:256][  0]LogConfig: Applying CVar settings from Section [/Script/Engine.NetworkSettings] File [C:/Users/erico/Files/School/year 2/semester 2/Game Engine Design 1/Landscape project/Saved/Config/Windows/Engine.ini]
[2019.01.18-03.38.26:256][  0]LogConfig: Applying CVar settings from Section [/Script/UnrealEd.CookerSettings] File [C:/Users/erico/Files/School/year 2/semester 2/Game Engine Design 1/Landscape project/Saved/Config/Windows/Engine.ini]
[2019.01.18-03.38.26:266][  0]LogConfig: Applying CVar settings from Section [ViewDistanceQuality@3] File [C:/Users/erico/Files/School/year 2/semester 2/Game Engine Design 1/Landscape project/Saved/Config/Windows/Scalability.ini]
[2019.01.18-03.38.26:267][  0]LogConfig: Setting CVar [[r.SkeletalMeshLODBias:0]]
[2019.01.18-03.38.26:267][  0]LogConfig: Setting CVar [[r.ViewDistanceScale:1.0]]
[2019.01.18-03.38.26:267][  0]LogConfig: Applying CVar settings from Section [AntiAliasingQuality@3] File [C:/Users/erico/Files/School/year 2/semester 2/Game Engine Design 1/Landscape project/Saved/Config/Windows/Scalability.ini]
[2019.01.18-03.38.26:267][  0]LogConfig: Setting CVar [[r.PostProcessAAQuality:4]]
[2019.01.18-03.38.26:267][  0]LogConfig: Applying CVar settings from Section [ShadowQuality@3] File [C:/Users/erico/Files/School/year 2/semester 2/Game Engine Design 1/Landscape project/Saved/Config/Windows/Scalability.ini]
[2019.01.18-03.38.26:267][  0]LogConfig: Setting CVar [[r.LightFunctionQuality:1]]
[2019.01.18-03.38.26:267][  0]LogConfig: Setting CVar [[r.ShadowQuality:5]]
[2019.01.18-03.38.26:267][  0]LogConfig: Setting CVar [[r.Shadow.CSM.MaxCascades:10]]
[2019.01.18-03.38.26:267][  0]LogConfig: Setting CVar [[r.Shadow.MaxResolution:2048]]
[2019.01.18-03.38.26:267][  0]LogConfig: Setting CVar [[r.Shadow.MaxCSMResolution:2048]]
[2019.01.18-03.38.26:267][  0]LogConfig: Setting CVar [[r.Shadow.RadiusThreshold:0.01]]
[2019.01.18-03.38.26:267][  0]LogConfig: Setting CVar [[r.Shadow.DistanceScale:1.0]]
[2019.01.18-03.38.26:267][  0]LogConfig: Setting CVar [[r.Shadow.CSM.TransitionScale:1.0]]
[2019.01.18-03.38.26:267][  0]LogConfig: Setting CVar [[r.Shadow.PreShadowResolutionFactor:1.0]]
[2019.01.18-03.38.26:267][  0]LogConfig: Setting CVar [[r.DistanceFieldShadowing:1]]
[2019.01.18-03.38.26:267][  0]LogConfig: Setting CVar [[r.DistanceFieldAO:1]]
[2019.01.18-03.38.26:267][  0]LogConfig: Setting CVar [[r.AOQuality:2]]
[2019.01.18-03.38.26:267][  0]LogConfig: Setting CVar [[r.VolumetricFog:1]]
[2019.01.18-03.38.26:267][  0]LogConfig: Setting CVar [[r.VolumetricFog.GridPixelSize:8]]
[2019.01.18-03.38.26:267][  0]LogConfig: Setting CVar [[r.VolumetricFog.GridSizeZ:128]]
[2019.01.18-03.38.26:267][  0]LogConfig: Setting CVar [[r.VolumetricFog.HistoryMissSupersampleCount:4]]
[2019.01.18-03.38.26:267][  0]LogConfig: Setting CVar [[r.LightMaxDrawDistanceScale:1]]
[2019.01.18-03.38.26:267][  0]LogConfig: Setting CVar [[r.CapsuleShadows:1]]
[2019.01.18-03.38.26:267][  0]LogConfig: Applying CVar settings from Section [PostProcessQuality@3] File [C:/Users/erico/Files/School/year 2/semester 2/Game Engine Design 1/Landscape project/Saved/Config/Windows/Scalability.ini]
[2019.01.18-03.38.26:267][  0]LogConfig: Setting CVar [[r.MotionBlurQuality:4]]
[2019.01.18-03.38.26:267][  0]LogConfig: Setting CVar [[r.AmbientOcclusionMipLevelFactor:0.4]]
[2019.01.18-03.38.26:267][  0]LogConfig: Setting CVar [[r.AmbientOcclusionMaxQuality:100]]
[2019.01.18-03.38.26:267][  0]LogConfig: Setting CVar [[r.AmbientOcclusionLevels:-1]]
[2019.01.18-03.38.26:267][  0]LogConfig: Setting CVar [[r.AmbientOcclusionRadiusScale:1.0]]
[2019.01.18-03.38.26:267][  0]LogConfig: Setting CVar [[r.DepthOfFieldQuality:2]]
[2019.01.18-03.38.26:267][  0]LogConfig: Setting CVar [[r.RenderTargetPoolMin:400]]
[2019.01.18-03.38.26:267][  0]LogConfig: Setting CVar [[r.LensFlareQuality:2]]
[2019.01.18-03.38.26:267][  0]LogConfig: Setting CVar [[r.SceneColorFringeQuality:1]]
[2019.01.18-03.38.26:267][  0]LogConfig: Setting CVar [[r.EyeAdaptationQuality:2]]
[2019.01.18-03.38.26:267][  0]LogConfig: Setting CVar [[r.BloomQuality:5]]
[2019.01.18-03.38.26:267][  0]LogConfig: Setting CVar [[r.FastBlurThreshold:100]]
[2019.01.18-03.38.26:267][  0]LogConfig: Setting CVar [[r.Upscale.Quality:3]]
[2019.01.18-03.38.26:267][  0]LogConfig: Setting CVar [[r.Tonemapper.GrainQuantization:1]]
[2019.01.18-03.38.26:267][  0]LogConfig: Setting CVar [[r.LightShaftQuality:1]]
[2019.01.18-03.38.26:267][  0]LogConfig: Setting CVar [[r.Filter.SizeScale:1]]
[2019.01.18-03.38.26:267][  0]LogConfig: Setting CVar [[r.Tonemapper.Quality:5]]
[2019.01.18-03.38.26:267][  0]LogConfig: Setting CVar [[r.DOF.Gather.AccumulatorQuality:1        ; higher gathering accumulator quality]]
[2019.01.18-03.38.26:267][  0]LogConfig: Setting CVar [[r.DOF.Gather.PostfilterMethod:1          ; Median3x3 postfilering method]]
[2019.01.18-03.38.26:267][  0]LogConfig: Setting CVar [[r.DOF.Gather.EnableBokehSettings:0       ; no bokeh simulation when gathering]]
[2019.01.18-03.38.26:267][  0]LogConfig: Setting CVar [[r.DOF.Gather.RingCount:4                 ; medium number of samples when gathering]]
[2019.01.18-03.38.26:267][  0]LogConfig: Setting CVar [[r.DOF.Scatter.ForegroundCompositing:1    ; additive foreground scattering]]
[2019.01.18-03.38.26:267][  0]LogConfig: Setting CVar [[r.DOF.Scatter.BackgroundCompositing:2    ; additive background scattering]]
[2019.01.18-03.38.26:267][  0]LogConfig: Setting CVar [[r.DOF.Scatter.EnableBokehSettings:1      ; bokeh simulation when scattering]]
[2019.01.18-03.38.26:267][  0]LogConfig: Setting CVar [[r.DOF.Scatter.MaxSpriteRatio:0.1         ; only a maximum of 10% of scattered bokeh]]
[2019.01.18-03.38.26:267][  0]LogConfig: Setting CVar [[r.DOF.Recombine.Quality:1                ; cheap slight out of focus]]
[2019.01.18-03.38.26:267][  0]LogConfig: Setting CVar [[r.DOF.Recombine.EnableBokehSettings:0    ; no bokeh simulation on slight out of focus]]
[2019.01.18-03.38.26:267][  0]LogConfig: Setting CVar [[r.DOF.TemporalAAQuality:1                ; more stable temporal accumulation]]
[2019.01.18-03.38.26:267][  0]LogConfig: Setting CVar [[r.DOF.Kernel.MaxForegroundRadius:0.025]]
[2019.01.18-03.38.26:267][  0]LogConfig: Setting CVar [[r.DOF.Kernel.MaxBackgroundRadius:0.025]]
[2019.01.18-03.38.26:267][  0]LogConfig: Applying CVar settings from Section [TextureQuality@3] File [C:/Users/erico/Files/School/year 2/semester 2/Game Engine Design 1/Landscape project/Saved/Config/Windows/Scalability.ini]
[2019.01.18-03.38.26:267][  0]LogConfig: Setting CVar [[r.Streaming.MipBias:0]]
[2019.01.18-03.38.26:267][  0]LogConfig: Setting CVar [[r.Streaming.AmortizeCPUToGPUCopy:0]]
[2019.01.18-03.38.26:267][  0]LogConfig: Setting CVar [[r.Streaming.MaxNumTexturesToStreamPerFrame:0]]
[2019.01.18-03.38.26:267][  0]LogConfig: Setting CVar [[r.Streaming.Boost:1]]
[2019.01.18-03.38.26:267][  0]LogConfig: Setting CVar [[r.MaxAnisotropy:8]]
[2019.01.18-03.38.26:267][  0]LogConfig: Setting CVar [[r.Streaming.LimitPoolSizeToVRAM:0]]
[2019.01.18-03.38.26:267][  0]LogConfig: Setting CVar [[r.Streaming.PoolSize:1000]]
[2019.01.18-03.38.26:267][  0]LogConfig: Setting CVar [[r.Streaming.MaxEffectiveScreenSize:0]]
[2019.01.18-03.38.26:267][  0]LogConfig: Applying CVar settings from Section [EffectsQuality@3] File [C:/Users/erico/Files/School/year 2/semester 2/Game Engine Design 1/Landscape project/Saved/Config/Windows/Scalability.ini]
[2019.01.18-03.38.26:267][  0]LogConfig: Setting CVar [[r.TranslucencyLightingVolumeDim:64]]
[2019.01.18-03.38.26:267][  0]LogConfig: Setting CVar [[r.RefractionQuality:2]]
[2019.01.18-03.38.26:267][  0]LogConfig: Setting CVar [[r.SSR.Quality:3]]
[2019.01.18-03.38.26:267][  0]LogConfig: Setting CVar [[r.SceneColorFormat:4]]
[2019.01.18-03.38.26:267][  0]LogConfig: Setting CVar [[r.DetailMode:2]]
[2019.01.18-03.38.26:267][  0]LogConfig: Setting CVar [[r.TranslucencyVolumeBlur:1]]
[2019.01.18-03.38.26:267][  0]LogConfig: Setting CVar [[r.MaterialQualityLevel:1 ; High quality]]
[2019.01.18-03.38.26:267][  0]LogConfig: Setting CVar [[r.SSS.Scale:1]]
[2019.01.18-03.38.26:267][  0]LogConfig: Setting CVar [[r.SSS.SampleSet:2]]
[2019.01.18-03.38.26:267][  0]LogConfig: Setting CVar [[r.SSS.Quality:1]]
[2019.01.18-03.38.26:267][  0]LogConfig: Setting CVar [[r.SSS.HalfRes:1]]
[2019.01.18-03.38.26:267][  0]LogConfig: Setting CVar [[r.EmitterSpawnRateScale:1.0]]
[2019.01.18-03.38.26:267][  0]LogConfig: Setting CVar [[r.ParticleLightQuality:2]]
[2019.01.18-03.38.26:267][  0]LogConfig: Applying CVar settings from Section [FoliageQuality@3] File [C:/Users/erico/Files/School/year 2/semester 2/Game Engine Design 1/Landscape project/Saved/Config/Windows/Scalability.ini]
[2019.01.18-03.38.26:267][  0]LogConfig: Setting CVar [[foliage.DensityScale:1.0]]
[2019.01.18-03.38.26:267][  0]LogConfig: Setting CVar [[grass.DensityScale:1.0]]
[2019.01.18-03.38.26:267][  0]LogInit: Selected Device Profile: [Windows]
[2019.01.18-03.38.26:267][  0]LogInit: Applying CVar settings loaded from the selected device profile: [Windows]
[2019.01.18-03.38.26:275][  0]LogHAL: Display: Platform has ~ 16 GB [17114206208 / 17179869184 / 16], which maps to Larger [LargestMinGB=32, LargerMinGB=12, DefaultMinGB=8, SmallerMinGB=6, SmallestMinGB=0)
[2019.01.18-03.38.26:275][  0]LogConfig: Setting CVar [[r.Vulkan.UseRealUBs:1]]
[2019.01.18-03.38.26:275][  0]LogInit: Going up to parent DeviceProfile []
[2019.01.18-03.38.26:275][  0]LogConfig: Applying CVar settings from Section [ViewDistanceQuality@3] File [C:/Users/erico/Files/School/year 2/semester 2/Game Engine Design 1/Landscape project/Saved/Config/Windows/Scalability.ini]
[2019.01.18-03.38.26:275][  0]LogConfig: Setting CVar [[r.SkeletalMeshLODBias:0]]
[2019.01.18-03.38.26:275][  0]LogConfig: Setting CVar [[r.ViewDistanceScale:1.0]]
[2019.01.18-03.38.26:275][  0]LogConfig: Applying CVar settings from Section [AntiAliasingQuality@3] File [C:/Users/erico/Files/School/year 2/semester 2/Game Engine Design 1/Landscape project/Saved/Config/Windows/Scalability.ini]
[2019.01.18-03.38.26:275][  0]LogConfig: Setting CVar [[r.PostProcessAAQuality:4]]
[2019.01.18-03.38.26:275][  0]LogConfig: Applying CVar settings from Section [ShadowQuality@3] File [C:/Users/erico/Files/School/year 2/semester 2/Game Engine Design 1/Landscape project/Saved/Config/Windows/Scalability.ini]
[2019.01.18-03.38.26:275][  0]LogConfig: Setting CVar [[r.LightFunctionQuality:1]]
[2019.01.18-03.38.26:275][  0]LogConfig: Setting CVar [[r.ShadowQuality:5]]
[2019.01.18-03.38.26:275][  0]LogConfig: Setting CVar [[r.Shadow.CSM.MaxCascades:10]]
[2019.01.18-03.38.26:275][  0]LogConfig: Setting CVar [[r.Shadow.MaxResolution:2048]]
[2019.01.18-03.38.26:275][  0]LogConfig: Setting CVar [[r.Shadow.MaxCSMResolution:2048]]
[2019.01.18-03.38.26:275][  0]LogConfig: Setting CVar [[r.Shadow.RadiusThreshold:0.01]]
[2019.01.18-03.38.26:275][  0]LogConfig: Setting CVar [[r.Shadow.DistanceScale:1.0]]
[2019.01.18-03.38.26:275][  0]LogConfig: Setting CVar [[r.Shadow.CSM.TransitionScale:1.0]]
[2019.01.18-03.38.26:275][  0]LogConfig: Setting CVar [[r.Shadow.PreShadowResolutionFactor:1.0]]
[2019.01.18-03.38.26:275][  0]LogConfig: Setting CVar [[r.DistanceFieldShadowing:1]]
[2019.01.18-03.38.26:275][  0]LogConfig: Setting CVar [[r.DistanceFieldAO:1]]
[2019.01.18-03.38.26:275][  0]LogConfig: Setting CVar [[r.AOQuality:2]]
[2019.01.18-03.38.26:275][  0]LogConfig: Setting CVar [[r.VolumetricFog:1]]
[2019.01.18-03.38.26:275][  0]LogConfig: Setting CVar [[r.VolumetricFog.GridPixelSize:8]]
[2019.01.18-03.38.26:275][  0]LogConfig: Setting CVar [[r.VolumetricFog.GridSizeZ:128]]
[2019.01.18-03.38.26:275][  0]LogConfig: Setting CVar [[r.VolumetricFog.HistoryMissSupersampleCount:4]]
[2019.01.18-03.38.26:275][  0]LogConfig: Setting CVar [[r.LightMaxDrawDistanceScale:1]]
[2019.01.18-03.38.26:275][  0]LogConfig: Setting CVar [[r.CapsuleShadows:1]]
[2019.01.18-03.38.26:275][  0]LogConfig: Applying CVar settings from Section [PostProcessQuality@3] File [C:/Users/erico/Files/School/year 2/semester 2/Game Engine Design 1/Landscape project/Saved/Config/Windows/Scalability.ini]
[2019.01.18-03.38.26:275][  0]LogConfig: Setting CVar [[r.MotionBlurQuality:4]]
[2019.01.18-03.38.26:275][  0]LogConfig: Setting CVar [[r.AmbientOcclusionMipLevelFactor:0.4]]
[2019.01.18-03.38.26:275][  0]LogConfig: Setting CVar [[r.AmbientOcclusionMaxQuality:100]]
[2019.01.18-03.38.26:275][  0]LogConfig: Setting CVar [[r.AmbientOcclusionLevels:-1]]
[2019.01.18-03.38.26:275][  0]LogConfig: Setting CVar [[r.AmbientOcclusionRadiusScale:1.0]]
[2019.01.18-03.38.26:275][  0]LogConfig: Setting CVar [[r.DepthOfFieldQuality:2]]
[2019.01.18-03.38.26:275][  0]LogConfig: Setting CVar [[r.RenderTargetPoolMin:400]]
[2019.01.18-03.38.26:276][  0]LogConfig: Setting CVar [[r.LensFlareQuality:2]]
[2019.01.18-03.38.26:276][  0]LogConfig: Setting CVar [[r.SceneColorFringeQuality:1]]
[2019.01.18-03.38.26:276][  0]LogConfig: Setting CVar [[r.EyeAdaptationQuality:2]]
[2019.01.18-03.38.26:276][  0]LogConfig: Setting CVar [[r.BloomQuality:5]]
[2019.01.18-03.38.26:276][  0]LogConfig: Setting CVar [[r.FastBlurThreshold:100]]
[2019.01.18-03.38.26:276][  0]LogConfig: Setting CVar [[r.Upscale.Quality:3]]
[2019.01.18-03.38.26:276][  0]LogConfig: Setting CVar [[r.Tonemapper.GrainQuantization:1]]
[2019.01.18-03.38.26:276][  0]LogConfig: Setting CVar [[r.LightShaftQuality:1]]
[2019.01.18-03.38.26:276][  0]LogConfig: Setting CVar [[r.Filter.SizeScale:1]]
[2019.01.18-03.38.26:276][  0]LogConfig: Setting CVar [[r.Tonemapper.Quality:5]]
[2019.01.18-03.38.26:276][  0]LogConfig: Setting CVar [[r.DOF.Gather.AccumulatorQuality:1        ; higher gathering accumulator quality]]
[2019.01.18-03.38.26:276][  0]LogConfig: Setting CVar [[r.DOF.Gather.PostfilterMethod:1          ; Median3x3 postfilering method]]
[2019.01.18-03.38.26:276][  0]LogConfig: Setting CVar [[r.DOF.Gather.EnableBokehSettings:0       ; no bokeh simulation when gathering]]
[2019.01.18-03.38.26:276][  0]LogConfig: Setting CVar [[r.DOF.Gather.RingCount:4                 ; medium number of samples when gathering]]
[2019.01.18-03.38.26:276][  0]LogConfig: Setting CVar [[r.DOF.Scatter.ForegroundCompositing:1    ; additive foreground scattering]]
[2019.01.18-03.38.26:276][  0]LogConfig: Setting CVar [[r.DOF.Scatter.BackgroundCompositing:2    ; additive background scattering]]
[2019.01.18-03.38.26:276][  0]LogConfig: Setting CVar [[r.DOF.Scatter.EnableBokehSettings:1      ; bokeh simulation when scattering]]
[2019.01.18-03.38.26:276][  0]LogConfig: Setting CVar [[r.DOF.Scatter.MaxSpriteRatio:0.1         ; only a maximum of 10% of scattered bokeh]]
[2019.01.18-03.38.26:276][  0]LogConfig: Setting CVar [[r.DOF.Recombine.Quality:1                ; cheap slight out of focus]]
[2019.01.18-03.38.26:276][  0]LogConfig: Setting CVar [[r.DOF.Recombine.EnableBokehSettings:0    ; no bokeh simulation on slight out of focus]]
[2019.01.18-03.38.26:276][  0]LogConfig: Setting CVar [[r.DOF.TemporalAAQuality:1                ; more stable temporal accumulation]]
[2019.01.18-03.38.26:276][  0]LogConfig: Setting CVar [[r.DOF.Kernel.MaxForegroundRadius:0.025]]
[2019.01.18-03.38.26:276][  0]LogConfig: Setting CVar [[r.DOF.Kernel.MaxBackgroundRadius:0.025]]
[2019.01.18-03.38.26:276][  0]LogConfig: Applying CVar settings from Section [TextureQuality@3] File [C:/Users/erico/Files/School/year 2/semester 2/Game Engine Design 1/Landscape project/Saved/Config/Windows/Scalability.ini]
[2019.01.18-03.38.26:276][  0]LogConfig: Setting CVar [[r.Streaming.MipBias:0]]
[2019.01.18-03.38.26:276][  0]LogConfig: Setting CVar [[r.Streaming.AmortizeCPUToGPUCopy:0]]
[2019.01.18-03.38.26:276][  0]LogConfig: Setting CVar [[r.Streaming.MaxNumTexturesToStreamPerFrame:0]]
[2019.01.18-03.38.26:276][  0]LogConfig: Setting CVar [[r.Streaming.Boost:1]]
[2019.01.18-03.38.26:276][  0]LogConfig: Setting CVar [[r.MaxAnisotropy:8]]
[2019.01.18-03.38.26:276][  0]LogConfig: Setting CVar [[r.Streaming.LimitPoolSizeToVRAM:0]]
[2019.01.18-03.38.26:276][  0]LogConfig: Setting CVar [[r.Streaming.PoolSize:1000]]
[2019.01.18-03.38.26:276][  0]LogConfig: Setting CVar [[r.Streaming.MaxEffectiveScreenSize:0]]
[2019.01.18-03.38.26:276][  0]LogConfig: Applying CVar settings from Section [EffectsQuality@3] File [C:/Users/erico/Files/School/year 2/semester 2/Game Engine Design 1/Landscape project/Saved/Config/Windows/Scalability.ini]
[2019.01.18-03.38.26:276][  0]LogConfig: Setting CVar [[r.TranslucencyLightingVolumeDim:64]]
[2019.01.18-03.38.26:276][  0]LogConfig: Setting CVar [[r.RefractionQuality:2]]
[2019.01.18-03.38.26:276][  0]LogConfig: Setting CVar [[r.SSR.Quality:3]]
[2019.01.18-03.38.26:276][  0]LogConfig: Setting CVar [[r.SceneColorFormat:4]]
[2019.01.18-03.38.26:276][  0]LogConfig: Setting CVar [[r.DetailMode:2]]
[2019.01.18-03.38.26:276][  0]LogConfig: Setting CVar [[r.TranslucencyVolumeBlur:1]]
[2019.01.18-03.38.26:276][  0]LogConfig: Setting CVar [[r.MaterialQualityLevel:1 ; High quality]]
[2019.01.18-03.38.26:276][  0]LogConfig: Setting CVar [[r.SSS.Scale:1]]
[2019.01.18-03.38.26:276][  0]LogConfig: Setting CVar [[r.SSS.SampleSet:2]]
[2019.01.18-03.38.26:276][  0]LogConfig: Setting CVar [[r.SSS.Quality:1]]
[2019.01.18-03.38.26:276][  0]LogConfig: Setting CVar [[r.SSS.HalfRes:1]]
[2019.01.18-03.38.26:276][  0]LogConfig: Setting CVar [[r.EmitterSpawnRateScale:1.0]]
[2019.01.18-03.38.26:276][  0]LogConfig: Setting CVar [[r.ParticleLightQuality:2]]
[2019.01.18-03.38.26:276][  0]LogConfig: Applying CVar settings from Section [FoliageQuality@3] File [C:/Users/erico/Files/School/year 2/semester 2/Game Engine Design 1/Landscape project/Saved/Config/Windows/Scalability.ini]
[2019.01.18-03.38.26:276][  0]LogConfig: Setting CVar [[foliage.DensityScale:1.0]]
[2019.01.18-03.38.26:276][  0]LogConfig: Setting CVar [[grass.DensityScale:1.0]]
[2019.01.18-03.38.26:276][  0]LogConfig: Applying CVar settings from Section [Startup] File [../../../Engine/Config/ConsoleVariables.ini]
[2019.01.18-03.38.26:276][  0]LogConfig: Setting CVar [[net.UseAdaptiveNetUpdateFrequency:0]]
[2019.01.18-03.38.26:276][  0]LogConfig: Applying CVar settings from Section [ConsoleVariables] File [C:/Users/erico/Files/School/year 2/semester 2/Game Engine Design 1/Landscape project/Saved/Config/Windows/Engine.ini]
[2019.01.18-03.38.26:276][  0]LogInit: Computer: ELECTROSHOCKIST
[2019.01.18-03.38.26:276][  0]LogInit: User: erico
[2019.01.18-03.38.26:276][  0]LogInit: CPU Page size=4096, Cores=4
[2019.01.18-03.38.26:276][  0]LogInit: High frequency timer resolution =3.423915 MHz
[2019.01.18-03.38.26:277][  0]LogMemory: Memory total: Physical=15.9GB (16GB approx)
[2019.01.18-03.38.26:277][  0]LogMemory: Platform Memory Stats for Windows
[2019.01.18-03.38.26:277][  0]LogMemory: Process Physical Memory: 102.72 MB used, 102.72 MB peak
[2019.01.18-03.38.26:277][  0]LogMemory: Process Virtual Memory: 85.18 MB used, 85.18 MB peak
[2019.01.18-03.38.26:277][  0]LogMemory: Physical Memory: 7605.71 MB used,  8715.66 MB free, 16321.38 MB total
[2019.01.18-03.38.26:277][  0]LogMemory: Virtual Memory: 4635.19 MB used,  134213096.00 MB free, 134217728.00 MB total
[2019.01.18-03.38.26:298][  0]LogInit: Using OS detected language (en-US).
[2019.01.18-03.38.26:298][  0]LogInit: Using OS detected locale (en-US).
[2019.01.18-03.38.26:299][  0]LogTextLocalizationManager: No specific localization for 'en-US' exists, so the 'en' localization will be used.
[2019.01.18-03.38.26:727][  0]LogStreaming: Display: Took  0.429s to InitEngineTextLocalization.
[2019.01.18-03.38.26:727][  0]LogInit: Setting process to per monitor DPI aware
[2019.01.18-03.38.26:761][  0]LogSlate: New Slate User Created.  User Index 0, Is Virtual User: 0
[2019.01.18-03.38.26:761][  0]LogSlate: Slate User Registered.  User Index 0, Is Virtual User: 0
[2019.01.18-03.38.26:923][  0]LogHMD: Failed to initialize OpenVR with code 110
[2019.01.18-03.38.26:923][  0]LogD3D11RHI: D3D11 adapters:
[2019.01.18-03.38.27:002][  0]LogD3D11RHI:    0. 'NVIDIA GeForce GTX 970' (Feature Level 11_0)
[2019.01.18-03.38.27:002][  0]LogD3D11RHI:       4043/0/8160 MB DedicatedVideo/DedicatedSystem/SharedSystem, Outputs:2, VendorId:0x10de
[2019.01.18-03.38.27:005][  0]LogD3D11RHI:    1. 'Microsoft Basic Render Driver' (Feature Level 11_0)
[2019.01.18-03.38.27:005][  0]LogD3D11RHI:       0/0/8160 MB DedicatedVideo/DedicatedSystem/SharedSystem, Outputs:0, VendorId:0x1414
[2019.01.18-03.38.27:005][  0]LogD3D11RHI: Chosen D3D11 Adapter: 0
[2019.01.18-03.38.27:013][  0]LogD3D11RHI: Creating new Direct3DDevice
[2019.01.18-03.38.27:013][  0]LogD3D11RHI:     GPU DeviceId: 0x13c2 (for the marketing name, search the web for "GPU Device Id")
[2019.01.18-03.38.27:013][  0]LogWindows: EnumDisplayDevices:
[2019.01.18-03.38.27:013][  0]LogWindows:    0. 'NVIDIA GeForce GTX 970' (P:1 D:1)
[2019.01.18-03.38.27:014][  0]LogWindows:    1. 'NVIDIA GeForce GTX 970' (P:0 D:1)
[2019.01.18-03.38.27:014][  0]LogWindows:    2. 'NVIDIA GeForce GTX 970' (P:0 D:0)
[2019.01.18-03.38.27:014][  0]LogWindows:    3. 'NVIDIA GeForce GTX 970' (P:0 D:0)
[2019.01.18-03.38.27:015][  0]LogWindows: DebugString: FoundDriverCount:4 
[2019.01.18-03.38.27:015][  0]LogD3D11RHI:     Adapter Name: NVIDIA GeForce GTX 970
[2019.01.18-03.38.27:015][  0]LogD3D11RHI:   Driver Version: 417.71 (internal:25.21.14.1771, unified:417.71)
[2019.01.18-03.38.27:015][  0]LogD3D11RHI:      Driver Date: 1-11-2019
[2019.01.18-03.38.27:015][  0]LogRHI: Texture pool is 2830 MB (70% of 4043 MB)
[2019.01.18-03.38.27:054][  0]LogD3D11RHI: Async texture creation enabled
[2019.01.18-03.38.27:077][  0]LogD3D11RHI: GPU Timing Frequency: 1000.000000 (Debug: 2 2)
[2019.01.18-03.38.27:454][  0]LogTemp: Display: Loaded TP AllDesktopTargetPlatform
[2019.01.18-03.38.27:467][  0]LogTemp: Display: Loaded TP MacClientTargetPlatform
[2019.01.18-03.38.27:479][  0]LogTemp: Display: Loaded TP MacNoEditorTargetPlatform
[2019.01.18-03.38.27:492][  0]LogTemp: Display: Loaded TP MacServerTargetPlatform
[2019.01.18-03.38.27:505][  0]LogTemp: Display: Loaded TP MacTargetPlatform
[2019.01.18-03.38.27:518][  0]LogTemp: Display: Loaded TP WindowsClientTargetPlatform
[2019.01.18-03.38.27:531][  0]LogTemp: Display: Loaded TP WindowsNoEditorTargetPlatform
[2019.01.18-03.38.27:544][  0]LogTemp: Display: Loaded TP WindowsServerTargetPlatform
[2019.01.18-03.38.27:551][  0]LogTemp: Display: Loaded TP WindowsTargetPlatform
[2019.01.18-03.38.27:621][  0]LogTemp: Display: Loaded TP AndroidTargetPlatform
[2019.01.18-03.38.27:621][  0]LogTemp: Display: Loaded TP AndroidTargetPlatform
[2019.01.18-03.38.27:621][  0]LogTemp: Display: Loaded TP AndroidTargetPlatform
[2019.01.18-03.38.27:621][  0]LogTemp: Display: Loaded TP AndroidTargetPlatform
[2019.01.18-03.38.27:621][  0]LogTemp: Display: Loaded TP AndroidTargetPlatform
[2019.01.18-03.38.27:621][  0]LogTemp: Display: Loaded TP AndroidTargetPlatform
[2019.01.18-03.38.27:621][  0]LogTemp: Display: Loaded TP AndroidTargetPlatform
[2019.01.18-03.38.27:621][  0]LogTemp: Display: Loaded TP AndroidTargetPlatform
[2019.01.18-03.38.27:621][  0]LogTemp: Display: Loaded TP AndroidTargetPlatform
[2019.01.18-03.38.27:621][  0]LogTemp: Display: Loaded TP AndroidTargetPlatform
[2019.01.18-03.38.27:621][  0]LogTemp: Display: Loaded TP AndroidTargetPlatform
[2019.01.18-03.38.27:621][  0]LogTemp: Display: Loaded TP AndroidTargetPlatform
[2019.01.18-03.38.27:621][  0]LogTemp: Display: Loaded TP AndroidTargetPlatform
[2019.01.18-03.38.27:621][  0]LogTemp: Display: Loaded TP AndroidTargetPlatform
[2019.01.18-03.38.27:621][  0]LogTemp: Display: Loaded TP AndroidTargetPlatform
[2019.01.18-03.38.27:621][  0]LogTemp: Display: Loaded TP AndroidTargetPlatform
[2019.01.18-03.38.27:621][  0]LogTemp: Display: Loaded TP AndroidTargetPlatform
[2019.01.18-03.38.27:621][  0]LogTemp: Display: Loaded TP AndroidTargetPlatform
[2019.01.18-03.38.27:623][  0]LogTemp: Display: Loaded TP HTML5TargetPlatform
[2019.01.18-03.38.27:681][  0]LogTemp: Display: Loaded TP IOSTargetPlatform
[2019.01.18-03.38.27:681][  0]LogTemp: Display: Loaded TP IOSTargetPlatform
[2019.01.18-03.38.27:701][  0]LogTemp: Display: Loaded TP TVOSTargetPlatform
[2019.01.18-03.38.27:701][  0]LogTemp: Display: Loaded TP TVOSTargetPlatform
[2019.01.18-03.38.27:712][  0]LogTemp: Display: Loaded TP LinuxClientTargetPlatform
[2019.01.18-03.38.27:723][  0]LogTemp: Display: Loaded TP LinuxNoEditorTargetPlatform
[2019.01.18-03.38.27:735][  0]LogTemp: Display: Loaded TP LinuxServerTargetPlatform
[2019.01.18-03.38.27:747][  0]LogTemp: Display: Loaded TP LinuxTargetPlatform
[2019.01.18-03.38.27:795][  0]LogTemp: Display: Loaded TP LuminTargetPlatform
[2019.01.18-03.38.27:795][  0]LogTemp: Display: Loaded TP LuminTargetPlatform
[2019.01.18-03.38.27:795][  0]LogTargetPlatformManager: Display: Building Assets For Windows
[2019.01.18-03.38.27:866][  0]LogShaderCompilers: Guid format shader working directory is -54 characters bigger than the processId version (../../../../../../Users/erico/Files/School/year 2/semester 2/Game Engine Design 1/Landscape project/Intermediate/Shaders/WorkingDirectory/22516/).
[2019.01.18-03.38.27:867][  0]LogShaderCompilers: Cleaned the shader compiler working directory 'C:/Users/erico/AppData/Local/Temp/UnrealShaderWorkingDir/EC9667EF46120B19965F92B588FA64DB/'.
[2019.01.18-03.38.27:870][  0]LogXGEController: Cannot use XGE Controller as Incredibuild is not installed on this machine.
[2019.01.18-03.38.27:870][  0]LogShaderCompilers: Cannot use XGE Shader Compiler as Incredibuild is not installed on this machine.
[2019.01.18-03.38.27:870][  0]LogShaderCompilers: Display: Using Local Shader Compiler.
[2019.01.18-03.38.28:341][  0]LogDerivedDataCache: Display: Max Cache Size: 512 MB
[2019.01.18-03.38.28:412][  0]LogDerivedDataCache: Loaded boot cache 0.07s 71MB C:/Users/erico/AppData/Local/UnrealEngine/4.21/DerivedDataCache/Boot.ddc.
[2019.01.18-03.38.28:412][  0]LogDerivedDataCache: Display: Loaded Boot cache: C:/Users/erico/AppData/Local/UnrealEngine/4.21/DerivedDataCache/Boot.ddc
[2019.01.18-03.38.28:412][  0]LogDerivedDataCache: FDerivedDataBackendGraph:  Pak pak cache file ../../../../../../Users/erico/Files/School/year 2/semester 2/Game Engine Design 1/Landscape project/DerivedDataCache/DDC.ddp not found, will not use a pak cache.
[2019.01.18-03.38.28:412][  0]LogDerivedDataCache: Unable to find inner node Pak for hierarchical cache Hierarchy.
[2019.01.18-03.38.28:412][  0]LogDerivedDataCache: FDerivedDataBackendGraph:  CompressedPak pak cache file ../../../../../../Users/erico/Files/School/year 2/semester 2/Game Engine Design 1/Landscape project/DerivedDataCache/Compressed.ddp not found, will not use a pak cache.
[2019.01.18-03.38.28:412][  0]LogDerivedDataCache: Unable to find inner node CompressedPak for hierarchical cache Hierarchy.
[2019.01.18-03.38.28:424][  0]LogDerivedDataCache: Display: Pak cache opened for reading ../../../Engine/DerivedDataCache/Compressed.ddp.
[2019.01.18-03.38.28:424][  0]LogDerivedDataCache: FDerivedDataBackendGraph:  EnterprisePak pak cache file ../../../Enterprise/DerivedDataCache/Compressed.ddp not found, will not use a pak cache.
[2019.01.18-03.38.28:424][  0]LogDerivedDataCache: Unable to find inner node EnterprisePak for hierarchical cache Hierarchy.
[2019.01.18-03.38.28:436][  0]LogDerivedDataCache: Using Local data cache path C:/Users/erico/AppData/Local/UnrealEngine/Common/DerivedDataCache: Writable
[2019.01.18-03.38.28:436][  0]LogDerivedDataCache: Shared data cache path not found in *engine.ini, will not use an Shared cache.
[2019.01.18-03.38.28:436][  0]LogDerivedDataCache: Unable to find inner node Shared for hierarchical cache Hierarchy.
[2019.01.18-03.38.28:456][  0]LogMaterial: Verifying Global Shaders for PCD3D_SM5
[2019.01.18-03.38.28:457][  0]LogSlate: Using FreeType 2.6.0
[2019.01.18-03.38.28:457][  0]LogSlate: SlateFontServices - WITH_FREETYPE: 1, WITH_HARFBUZZ: 1
[2019.01.18-03.38.28:539][  0]LogAssetRegistry: FAssetRegistry took 0.0329 seconds to start up
[2019.01.18-03.38.28:840][  0]LogInit: Selected Device Profile: [Windows]
[2019.01.18-03.38.28:989][  0]LogSimplygon: Simplygon DLL not present - disabling.
[2019.01.18-03.38.28:994][  0]LogMeshReduction: Using SimplygonSwarm for distributed automatic mesh merging
[2019.01.18-03.38.28:994][  0]LogMeshReduction: Using ProxyLODMeshReduction for automatic mesh merging
[2019.01.18-03.38.28:994][  0]LogMeshReduction: Using QuadricMeshReduction for automatic static mesh reduction
[2019.01.18-03.38.28:994][  0]LogMeshReduction: No automatic skeletal mesh reduction module available
[2019.01.18-03.38.29:007][  0]LogNetVersion: LandsacpeProject 1.0.0, NetCL: 4541578, EngineNetVer: 5, GameNetVer: 0 (Checksum: 4048471437)
[2019.01.18-03.38.29:475][  0]LogPackageLocalizationCache: Processed 11 localized package path(s) for 2 prioritized culture(s) in 0.068489 seconds
[2019.01.18-03.38.29:484][  0]LogUObjectArray: 39775 objects as part of root set at end of initial load.
[2019.01.18-03.38.29:484][  0]LogUObjectAllocator: 6914664 out of 0 bytes used by permanent object pool.
[2019.01.18-03.38.29:484][  0]LogUObjectArray: CloseDisregardForGC: 0/0 objects in disregard for GC pool
[2019.01.18-03.38.30:283][  0]LogTcpMessaging: Initializing TcpMessaging bridge
[2019.01.18-03.38.30:297][  0]LogUdpMessaging: Initializing bridge on interface 0.0.0.0:0 to multicast group 230.0.0.1:6666.
[2019.01.18-03.38.30:975][  0]SourceControl: Source control is disabled
[2019.01.18-03.38.30:975][  0]SourceControl: Source control is disabled
[2019.01.18-03.38.30:976][  0]SourceControl: Source control is disabled
[2019.01.18-03.38.30:977][  0]SourceControl: Source control is disabled
[2019.01.18-03.38.31:143][  0]LogAndroidPermission: UAndroidPermissionCallbackProxy::GetInstance
[2019.01.18-03.38.31:425][  0]LogOcInput: OculusInput pre-init called
[2019.01.18-03.38.31:566][  0]LogEngine: Initializing Engine...
[2019.01.18-03.38.31:567][  0]LogHMD: Failed to initialize OpenVR with code 110
[2019.01.18-03.38.31:568][  0]LogStats: UGameplayTagsManager::ConstructGameplayTagTree: ImportINI prefixes -  0.000 s
[2019.01.18-03.38.31:568][  0]LogStats: UGameplayTagsManager::ConstructGameplayTagTree: Construct from data asset -  0.000 s
[2019.01.18-03.38.31:568][  0]LogStats: UGameplayTagsManager::ConstructGameplayTagTree: ImportINI -  0.000 s
[2019.01.18-03.38.31:568][  0]LogStats: UGameplayTagsManager::ConstructGameplayTagTree: GameplayTagTreeChangedEvent.Broadcast -  0.000 s
[2019.01.18-03.38.31:811][  0]LogInit: Initializing FReadOnlyCVARCache
[2019.01.18-03.38.31:828][  0]LogAIModule: Creating AISystem for world Untitled
[2019.01.18-03.38.31:940][  0]LogInit: XAudio2 using 'Speakers (Logitech G433 Gaming Headset)' : 6 channels at 48 kHz using 16 bits per sample (channel mask 0x3f)
[2019.01.18-03.38.31:969][  0]LogInit: FAudioDevice initialized.
[2019.01.18-03.38.31:969][  0]LogNetVersion: Set ProjectVersion to 1.0.0.0. Version Checksum will be recalculated on next use.
[2019.01.18-03.38.32:219][  0]LogDerivedDataCache: Saved boot cache 0.25s 71MB C:/Users/erico/AppData/Local/UnrealEngine/4.21/DerivedDataCache/Boot.ddc.
[2019.01.18-03.38.32:225][  0]LogInit: Texture streaming: Enabled
[2019.01.18-03.38.32:244][  0]LogEngineSessionManager: EngineSessionManager initialized
[2019.01.18-03.38.32:263][  0]LogInit: Transaction tracking system initialized
[2019.01.18-03.38.32:294][  0]BlueprintLog: New page: Editor Load
[2019.01.18-03.38.32:400][  0]LocalizationService: Localization service is disabled
[2019.01.18-03.38.32:885][  0]LogFileCache: Scanning file cache for directory 'C:/Users/erico/Files/School/year 2/semester 2/Game Engine Design 1/Landscape project/Content/' took 0.02s
[2019.01.18-03.38.32:885][  0]LogCook: Display: Max memory allowance for cook 16384mb min free memory 0mb
[2019.01.18-03.38.32:885][  0]LogCook: Display: Mobile HDR setting 1
[2019.01.18-03.38.32:885][  0]LogGameplayTags: Display: UGameplayTagsManager::DoneAddingNativeTags. DelegateIsBound: 0
[2019.01.18-03.38.32:885][  0]LogStats: UGameplayTagsManager::ConstructGameplayTagTree: ImportINI prefixes -  0.000 s
[2019.01.18-03.38.32:885][  0]LogStats: UGameplayTagsManager::ConstructGameplayTagTree: Construct from data asset -  0.000 s
[2019.01.18-03.38.32:885][  0]LogStats: UGameplayTagsManager::ConstructGameplayTagTree: ImportINI -  0.000 s
[2019.01.18-03.38.32:885][  0]LogStats: UGameplayTagsManager::ConstructGameplayTagTree: GameplayTagTreeChangedEvent.Broadcast -  0.000 s
[2019.01.18-03.38.33:017][  0]SourceControl: Source control is disabled
[2019.01.18-03.38.33:018][  0]LightingResults: New page: Lighting Build
[2019.01.18-03.38.33:021][  0]MapCheck: New page: Map Check
[2019.01.18-03.38.33:021][  0]LightingResults: New page: Lighting Build
[2019.01.18-03.38.33:447][  0]LogAIModule: Creating AISystem for world ThirdPersonExampleMap
[2019.01.18-03.38.33:529][  0]LogEditorServer: Finished looking for orphan Actors (0.000 secs)
[2019.01.18-03.38.33:552][  0]Cmd: MAP CHECKDEP NOCLEARLOG
[2019.01.18-03.38.33:552][  0]MapCheck: Map check complete: 0 Error(s), 0 Warning(s), took 0.156ms to complete.
[2019.01.18-03.38.33:552][  0]LogFileHelpers: Loading map 'ThirdPersonExampleMap' took 0.535
[2019.01.18-03.38.33:651][  0]LogSlate: Updating window title bar state: overlay mode, drag disabled, window buttons hidden, title bar hidden
[2019.01.18-03.38.33:657][  0]LogSlate: Updating window title bar state: overlay mode, drag disabled, window buttons hidden, title bar hidden
[2019.01.18-03.38.33:664][  0]LogSlate: Updating window title bar state: overlay mode, drag disabled, window buttons hidden, title bar hidden
[2019.01.18-03.38.33:671][  0]LogSlate: Updating window title bar state: overlay mode, drag disabled, window buttons hidden, title bar hidden
[2019.01.18-03.38.33:679][  0]LogCollectionManager: Loaded 0 collections in 0.002514 seconds
[2019.01.18-03.38.33:694][  0]LogFileCache: Scanning file cache for directory 'C:/Users/erico/Files/School/year 2/semester 2/Game Engine Design 1/Landscape project/Saved/Collections/' took 0.01s
[2019.01.18-03.38.33:694][  0]LogFileCache: Scanning file cache for directory 'C:/Users/erico/Files/School/year 2/semester 2/Game Engine Design 1/Landscape project/Content/Developers/erico/Collections/' took 0.00s
[2019.01.18-03.38.33:694][  0]LogFileCache: Scanning file cache for directory 'C:/Users/erico/Files/School/year 2/semester 2/Game Engine Design 1/Landscape project/Content/Collections/' took 0.00s
[2019.01.18-03.38.33:694][  0]LogCollectionManager: Rebuilt the GUID cache for 0 collections in 0.000000 seconds
[2019.01.18-03.38.33:702][  0]LogContentBrowser: Native class hierarchy populated in 0.0079 seconds. Added 2651 classes and 620 folders.
[2019.01.18-03.38.33:710][  0]LogContentBrowser: Native class hierarchy updated for 'WidgetCarousel' in 0.0002 seconds. Added 0 classes and 0 folders.
[2019.01.18-03.38.33:711][  0]LogPakFile: Registered encryption key '00000000000000000000000000000000': 0 pak files mounted, 0 remain pending
[2019.01.18-03.38.33:711][  0]LogPakFile: Registered encryption key '00000000000000000000000000000000': 0 pak files mounted, 0 remain pending
[2019.01.18-03.38.33:712][  0]LogPakFile: Registered encryption key '00000000000000000000000000000000': 0 pak files mounted, 0 remain pending
[2019.01.18-03.38.33:712][  0]LogPakFile: Registered encryption key '00000000000000000000000000000000': 0 pak files mounted, 0 remain pending
[2019.01.18-03.38.33:713][  0]LogPakFile: Registered encryption key '00000000000000000000000000000000': 0 pak files mounted, 0 remain pending
[2019.01.18-03.38.33:713][  0]LogPakFile: Registered encryption key '00000000000000000000000000000000': 0 pak files mounted, 0 remain pending
[2019.01.18-03.38.33:713][  0]LogPakFile: Registered encryption key '00000000000000000000000000000000': 0 pak files mounted, 0 remain pending
[2019.01.18-03.38.33:714][  0]LogPakFile: Registered encryption key '00000000000000000000000000000000': 0 pak files mounted, 0 remain pending
[2019.01.18-03.38.33:714][  0]LogPakFile: Registered encryption key '00000000000000000000000000000000': 0 pak files mounted, 0 remain pending
[2019.01.18-03.38.33:715][  0]LogPakFile: Registered encryption key '00000000000000000000000000000000': 0 pak files mounted, 0 remain pending
[2019.01.18-03.38.33:715][  0]LogPakFile: Registered encryption key '00000000000000000000000000000000': 0 pak files mounted, 0 remain pending
[2019.01.18-03.38.33:715][  0]LogPakFile: Registered encryption key '00000000000000000000000000000000': 0 pak files mounted, 0 remain pending
[2019.01.18-03.38.33:716][  0]LogPakFile: Registered encryption key '00000000000000000000000000000000': 0 pak files mounted, 0 remain pending
[2019.01.18-03.38.33:716][  0]LogPakFile: Registered encryption key '00000000000000000000000000000000': 0 pak files mounted, 0 remain pending
[2019.01.18-03.38.33:716][  0]LogPakFile: Registered encryption key '00000000000000000000000000000000': 0 pak files mounted, 0 remain pending
[2019.01.18-03.38.33:717][  0]LogPakFile: Registered encryption key '00000000000000000000000000000000': 0 pak files mounted, 0 remain pending
[2019.01.18-03.38.33:717][  0]LogPakFile: Registered encryption key '00000000000000000000000000000000': 0 pak files mounted, 0 remain pending
[2019.01.18-03.38.33:718][  0]LogPakFile: Registered encryption key '00000000000000000000000000000000': 0 pak files mounted, 0 remain pending
[2019.01.18-03.38.33:718][  0]LogPakFile: Registered encryption key '00000000000000000000000000000000': 0 pak files mounted, 0 remain pending
[2019.01.18-03.38.33:718][  0]LogPakFile: Registered encryption key '00000000000000000000000000000000': 0 pak files mounted, 0 remain pending
[2019.01.18-03.38.33:719][  0]LogPakFile: Registered encryption key '00000000000000000000000000000000': 0 pak files mounted, 0 remain pending
[2019.01.18-03.38.33:719][  0]LogPakFile: Registered encryption key '00000000000000000000000000000000': 0 pak files mounted, 0 remain pending
[2019.01.18-03.38.33:720][  0]LogPakFile: Registered encryption key '00000000000000000000000000000000': 0 pak files mounted, 0 remain pending
[2019.01.18-03.38.33:720][  0]LogPakFile: Registered encryption key '00000000000000000000000000000000': 0 pak files mounted, 0 remain pending
[2019.01.18-03.38.33:720][  0]LogPakFile: Registered encryption key '00000000000000000000000000000000': 0 pak files mounted, 0 remain pending
[2019.01.18-03.38.33:721][  0]LogPakFile: Registered encryption key '00000000000000000000000000000000': 0 pak files mounted, 0 remain pending
[2019.01.18-03.38.33:758][  0]LogContentBrowser: Native class hierarchy updated for 'AddContentDialog' in 0.0002 seconds. Added 0 classes and 0 folders.
[2019.01.18-03.38.33:764][  0]LogContentBrowser: Native class hierarchy updated for 'SceneOutliner' in 0.0003 seconds. Added 1 classes and 2 folders.
[2019.01.18-03.38.33:779][  0]LogSlate: Took 0.000141 seconds to synchronously load lazily loaded font '../../../Engine/Content/Slate/Fonts/Roboto-Regular.ttf' (155K)
[2019.01.18-03.38.33:781][  0]LogSlate: Took 0.000140 seconds to synchronously load lazily loaded font '../../../Engine/Content/Slate/Fonts/Roboto-Bold.ttf' (160K)
[2019.01.18-03.38.33:785][  0]LogSlate: Took 0.000168 seconds to synchronously load lazily loaded font '../../../Engine/Content/Editor/Slate/Fonts/FontAwesome.ttf' (139K)
[2019.01.18-03.38.33:861][  0]LogRenderer: Reallocating scene render targets to support 1616x808 Format 10 NumSamples 1 (Frame:1).
[2019.01.18-03.38.34:037][  0]LogContentBrowser: Native class hierarchy updated for 'HierarchicalLODOutliner' in 0.0003 seconds. Added 0 classes and 0 folders.
[2019.01.18-03.38.34:037][  0]LogLoad: (Engine Initialization) Total time: 9.57 seconds
[2019.01.18-03.38.34:037][  0]LogLoad: (Engine Initialization) Total Blueprint compile time: 0.00 seconds
[2019.01.18-03.38.34:046][  0]LogWindowsTextInputMethodSystem: Display: IME system now deactivated.
[2019.01.18-03.38.34:100][  0]LogContentStreaming: Texture pool size now 1000 MB
[2019.01.18-03.38.34:157][  1]LogAssetRegistry: Asset discovery search completed in 5.6400 seconds
[2019.01.18-03.38.34:159][  1]LogCollectionManager: Rebuilt the object cache for 0 collections in 0.000000 seconds (found 0 objects)
[2019.01.18-03.38.34:159][  1]LogCollectionManager: Fixed up redirectors for 0 collections in 0.000059 seconds (updated 0 objects)
[2019.01.18-03.38.35:057][100]LogSlate: Took 0.000185 seconds to synchronously load lazily loaded font '../../../Engine/Content/Slate/Fonts/Roboto-Light.ttf' (167K)
[2019.01.18-03.38.38:626][512]LogSlate: FSceneViewport::OnFocusLost() reason 0
[2019.01.18-03.38.42:191][909]LogAssetEditorManager: Opening Asset editor for Blueprint /Engine/EngineSky/BP_Sky_Sphere.BP_Sky_Sphere
[2019.01.18-03.38.42:592][909]LogContentBrowser: Native class hierarchy updated for 'BlueprintGraph' in 0.0005 seconds. Added 117 classes and 0 folders.
[2019.01.18-03.38.43:299][909]LogSlate: Took 0.000192 seconds to synchronously load lazily loaded font '../../../Engine/Content/Slate/Fonts/Roboto-BoldCondensed.ttf' (158K)
[2019.01.18-03.38.43:373][910]LogSlate: Took 0.000242 seconds to synchronously load lazily loaded font '../../../Engine/Content/Slate/Fonts/Roboto-Italic.ttf' (157K)
[2019.01.18-03.38.57:029][897]LogTemp: Repeating last play command: Selected Viewport
[2019.01.18-03.38.57:038][897]LogBlueprintUserMessages: Early PlayInEditor Detection: Level '/Game/ThirdPersonBP/Maps/ThirdPersonExampleMap.ThirdPersonExampleMap:PersistentLevel' has LevelScriptBlueprint '/Game/ThirdPersonBP/Maps/ThirdPersonExampleMap.ThirdPersonExampleMap:PersistentLevel.ThirdPersonExampleMap' with GeneratedClass '/Game/ThirdPersonBP/Maps/ThirdPersonExampleMap.ThirdPersonExampleMap_C' with ClassGeneratedBy '/Game/ThirdPersonBP/Maps/ThirdPersonExampleMap.ThirdPersonExampleMap:PersistentLevel.ThirdPersonExampleMap'
[2019.01.18-03.38.57:038][897]LogPlayLevel: PlayLevel: No blueprints needed recompiling
[2019.01.18-03.38.57:085][897]PIE: New page: PIE session: ThirdPersonExampleMap (Jan 17, 2019, 5:38:57 PM)
[2019.01.18-03.38.57:097][897]LogPlayLevel: Creating play world package: /Game/ThirdPersonBP/Maps/UEDPIE_0_ThirdPersonExampleMap
[2019.01.18-03.38.57:202][897]LogPlayLevel: PIE: StaticDuplicateObject took: (0.104766s)
[2019.01.18-03.38.57:203][897]LogAIModule: Creating AISystem for world ThirdPersonExampleMap
[2019.01.18-03.38.57:203][897]LogPlayLevel: PIE: World Init took: (0.000675s)
[2019.01.18-03.38.57:203][897]LogPlayLevel: PIE: Created PIE world by copying editor world from /Game/ThirdPersonBP/Maps/ThirdPersonExampleMap.ThirdPersonExampleMap to /Game/ThirdPersonBP/Maps/UEDPIE_0_ThirdPersonExampleMap.ThirdPersonExampleMap (0.105810s)
[2019.01.18-03.38.57:323][897]LogInit: XAudio2 using 'Speakers (Logitech G433 Gaming Headset)' : 6 channels at 48 kHz using 16 bits per sample (channel mask 0x3f)
[2019.01.18-03.38.57:348][897]LogInit: FAudioDevice initialized.
[2019.01.18-03.38.57:441][897]LogLoad: Game class is 'ThirdPersonGameMode_C'
[2019.01.18-03.38.57:448][897]LogWorld: Bringing World /Game/ThirdPersonBP/Maps/UEDPIE_0_ThirdPersonExampleMap.ThirdPersonExampleMap up for play (max tick rate 0) at 2019.01.17-22.38.57
[2019.01.18-03.38.57:448][897]LogWorld: Bringing up level for play took: 0.006199
[2019.01.18-03.38.57:543][897]LogContentBrowser: Native class hierarchy updated for 'MovieSceneCapture' in 0.0003 seconds. Added 20 classes and 0 folders.
[2019.01.18-03.38.57:544][897]PIE: Play in editor start time for /Game/ThirdPersonBP/Maps/UEDPIE_0_ThirdPersonExampleMap -0.023
[2019.01.18-03.38.57:544][897]LogBlueprintUserMessages: Late PlayInEditor Detection: Level '/Game/ThirdPersonBP/Maps/ThirdPersonExampleMap.ThirdPersonExampleMap:PersistentLevel' has LevelScriptBlueprint '/Game/ThirdPersonBP/Maps/ThirdPersonExampleMap.ThirdPersonExampleMap:PersistentLevel.ThirdPersonExampleMap' with GeneratedClass '/Game/ThirdPersonBP/Maps/ThirdPersonExampleMap.ThirdPersonExampleMap_C' with ClassGeneratedBy '/Game/ThirdPersonBP/Maps/ThirdPersonExampleMap.ThirdPersonExampleMap:PersistentLevel.ThirdPersonExampleMap'
[2019.01.18-03.40.04:100][743]LogBlueprintUserMessages: Early EndPlayMap Detection: Level '/Game/ThirdPersonBP/Maps/ThirdPersonExampleMap.ThirdPersonExampleMap:PersistentLevel' has LevelScriptBlueprint '/Game/ThirdPersonBP/Maps/ThirdPersonExampleMap.ThirdPersonExampleMap:PersistentLevel.ThirdPersonExampleMap' with GeneratedClass '/Game/ThirdPersonBP/Maps/ThirdPersonExampleMap.ThirdPersonExampleMap_C' with ClassGeneratedBy '/Game/ThirdPersonBP/Maps/ThirdPersonExampleMap.ThirdPersonExampleMap:PersistentLevel.ThirdPersonExampleMap'
[2019.01.18-03.40.04:100][743]LogSlate: Updating window title bar state: overlay mode, drag disabled, window buttons hidden, title bar hidden
[2019.01.18-03.40.04:141][743]LogPlayLevel: Display: Shutting down PIE online subsystems
[2019.01.18-03.40.04:141][743]LogBlueprintUserMessages: Late EndPlayMap Detection: Level '/Game/ThirdPersonBP/Maps/ThirdPersonExampleMap.ThirdPersonExampleMap:PersistentLevel' has LevelScriptBlueprint '/Game/ThirdPersonBP/Maps/ThirdPersonExampleMap.ThirdPersonExampleMap:PersistentLevel.ThirdPersonExampleMap' with GeneratedClass '/Game/ThirdPersonBP/Maps/ThirdPersonExampleMap.ThirdPersonExampleMap_C' with ClassGeneratedBy '/Game/ThirdPersonBP/Maps/ThirdPersonExampleMap.ThirdPersonExampleMap:PersistentLevel.ThirdPersonExampleMap'
[2019.01.18-03.40.04:174][743]LogSlate: Updating window title bar state: overlay mode, drag disabled, window buttons hidden, title bar hidden
[2019.01.18-03.40.04:254][744]LogPlayLevel: Display: Destroying online subsystem :Context_2
[2019.01.18-03.40.08:258][946]LogSlate: FSceneViewport::OnFocusLost() reason 0
[2019.01.18-03.40.47:056][521]LogSelectionDetails: Warning: NavigateToFunctionSource:  Unable to find symbols for 'UPrimitiveComponent::CreateDynamicMaterialInstance' [Element not found.]
[2019.01.18-03.40.51:864][964]LogSlate: FSceneViewport::OnFocusLost() reason 0
[2019.01.18-03.41.24:254][985]LogSlate: Window 'BP_Sky_Sphere*' being destroyed
[2019.01.18-03.41.24:258][985]LogSlate: Window 'BP_Sky_Sphere*' being destroyed
[2019.01.18-03.42.49:826][806]LogSlate: FSceneViewport::OnFocusLost() reason 0
[2019.01.18-03.43.21:548][382]LogSlate: FSceneViewport::OnFocusLost() reason 0
[2019.01.18-03.43.21:660][395]LogSlate: Window 'Color Picker' being destroyed
[2019.01.18-03.43.28:443][201]LogSlate: FSceneViewport::OnFocusLost() reason 2
[2019.01.18-03.43.32:431][658]LogSlate: Window 'Color Picker' being destroyed
[2019.01.18-03.43.36:620][153]LogSlate: FSceneViewport::OnFocusLost() reason 2
[2019.01.18-03.43.39:309][456]LogSlate: Window 'Color Picker' being destroyed
[2019.01.18-03.43.41:512][713]LogSlate: FSceneViewport::OnFocusLost() reason 0
[2019.01.18-03.43.41:645][729]LogTemp: Repeating last play command: Selected Viewport
[2019.01.18-03.43.41:653][729]LogBlueprintUserMessages: Early PlayInEditor Detection: Level '/Game/ThirdPersonBP/Maps/ThirdPersonExampleMap.ThirdPersonExampleMap:PersistentLevel' has LevelScriptBlueprint '/Game/ThirdPersonBP/Maps/ThirdPersonExampleMap.ThirdPersonExampleMap:PersistentLevel.ThirdPersonExampleMap' with GeneratedClass '/Game/ThirdPersonBP/Maps/ThirdPersonExampleMap.ThirdPersonExampleMap_C' with ClassGeneratedBy '/Game/ThirdPersonBP/Maps/ThirdPersonExampleMap.ThirdPersonExampleMap:PersistentLevel.ThirdPersonExampleMap'
[2019.01.18-03.43.41:653][729]LogPlayLevel: PlayLevel: No blueprints needed recompiling
[2019.01.18-03.43.41:653][729]PIE: New page: PIE session: ThirdPersonExampleMap (Jan 17, 2019, 5:43:41 PM)
[2019.01.18-03.43.41:653][729]LogPlayLevel: Creating play world package: /Game/ThirdPersonBP/Maps/UEDPIE_0_ThirdPersonExampleMap
[2019.01.18-03.43.41:693][729]LogPlayLevel: PIE: StaticDuplicateObject took: (0.040081s)
[2019.01.18-03.43.41:694][729]LogAIModule: Creating AISystem for world ThirdPersonExampleMap
[2019.01.18-03.43.41:694][729]LogPlayLevel: PIE: World Init took: (0.000684s)
[2019.01.18-03.43.41:694][729]LogPlayLevel: PIE: Created PIE world by copying editor world from /Game/ThirdPersonBP/Maps/ThirdPersonExampleMap.ThirdPersonExampleMap to /Game/ThirdPersonBP/Maps/UEDPIE_0_ThirdPersonExampleMap.ThirdPersonExampleMap (0.040904s)
[2019.01.18-03.43.41:796][729]LogInit: XAudio2 using 'Speakers (Logitech G433 Gaming Headset)' : 6 channels at 48 kHz using 16 bits per sample (channel mask 0x3f)
[2019.01.18-03.43.41:817][729]LogInit: FAudioDevice initialized.
[2019.01.18-03.43.41:847][729]LogLoad: Game class is 'ThirdPersonGameMode_C'
[2019.01.18-03.43.41:854][729]LogWorld: Bringing World /Game/ThirdPersonBP/Maps/UEDPIE_0_ThirdPersonExampleMap.ThirdPersonExampleMap up for play (max tick rate 0) at 2019.01.17-22.43.41
[2019.01.18-03.43.41:854][729]LogWorld: Bringing up level for play took: 0.006350
[2019.01.18-03.43.41:867][729]PIE: Play in editor start time for /Game/ThirdPersonBP/Maps/UEDPIE_0_ThirdPersonExampleMap 0.299
[2019.01.18-03.43.41:867][729]LogBlueprintUserMessages: Late PlayInEditor Detection: Level '/Game/ThirdPersonBP/Maps/ThirdPersonExampleMap.ThirdPersonExampleMap:PersistentLevel' has LevelScriptBlueprint '/Game/ThirdPersonBP/Maps/ThirdPersonExampleMap.ThirdPersonExampleMap:PersistentLevel.ThirdPersonExampleMap' with GeneratedClass '/Game/ThirdPersonBP/Maps/ThirdPersonExampleMap.ThirdPersonExampleMap_C' with ClassGeneratedBy '/Game/ThirdPersonBP/Maps/ThirdPersonExampleMap.ThirdPersonExampleMap:PersistentLevel.ThirdPersonExampleMap'
[2019.01.18-03.43.44:163][  0]LogBlueprintUserMessages: Early EndPlayMap Detection: Level '/Game/ThirdPersonBP/Maps/ThirdPersonExampleMap.ThirdPersonExampleMap:PersistentLevel' has LevelScriptBlueprint '/Game/ThirdPersonBP/Maps/ThirdPersonExampleMap.ThirdPersonExampleMap:PersistentLevel.ThirdPersonExampleMap' with GeneratedClass '/Game/ThirdPersonBP/Maps/ThirdPersonExampleMap.ThirdPersonExampleMap_C' with ClassGeneratedBy '/Game/ThirdPersonBP/Maps/ThirdPersonExampleMap.ThirdPersonExampleMap:PersistentLevel.ThirdPersonExampleMap'
[2019.01.18-03.43.44:163][  0]LogSlate: Updating window title bar state: overlay mode, drag disabled, window buttons hidden, title bar hidden
[2019.01.18-03.43.44:197][  0]LogPlayLevel: Display: Shutting down PIE online subsystems
[2019.01.18-03.43.44:197][  0]LogBlueprintUserMessages: Late EndPlayMap Detection: Level '/Game/ThirdPersonBP/Maps/ThirdPersonExampleMap.ThirdPersonExampleMap:PersistentLevel' has LevelScriptBlueprint '/Game/ThirdPersonBP/Maps/ThirdPersonExampleMap.ThirdPersonExampleMap:PersistentLevel.ThirdPersonExampleMap' with GeneratedClass '/Game/ThirdPersonBP/Maps/ThirdPersonExampleMap.ThirdPersonExampleMap_C' with ClassGeneratedBy '/Game/ThirdPersonBP/Maps/ThirdPersonExampleMap.ThirdPersonExampleMap:PersistentLevel.ThirdPersonExampleMap'
[2019.01.18-03.43.44:225][  0]LogSlate: Updating window title bar state: overlay mode, drag disabled, window buttons hidden, title bar hidden
[2019.01.18-03.43.44:288][  2]LogPlayLevel: Display: Destroying online subsystem :Context_3
[2019.01.18-03.43.50:130][696]LogSlate: FSceneViewport::OnFocusLost() reason 0
[2019.01.18-03.44.00:042][843]Cmd: TRANSACTION UNDO
[2019.01.18-03.44.00:042][843]LogEditorTransaction: Undo Edit Sun Height
[2019.01.18-03.44.01:323][983]Cmd: TRANSACTION UNDO
[2019.01.18-03.44.01:323][983]LogEditorTransaction: Undo Edit Sun Height
[2019.01.18-03.44.01:656][ 22]Cmd: TRANSACTION UNDO
[2019.01.18-03.44.01:656][ 22]LogEditorTransaction: Undo Clicking on Actors
[2019.01.18-03.44.06:113][546]Cmd: TRANSACTION UNDO
[2019.01.18-03.44.06:113][546]LogEditorTransaction: Undo Clicking on Actors
[2019.01.18-03.44.06:333][571]Cmd: TRANSACTION UNDO
[2019.01.18-03.44.06:333][571]LogEditorTransaction: Undo Edit Overall Color
[2019.01.18-03.44.06:675][605]Cmd: TRANSACTION UNDO
[2019.01.18-03.44.06:675][605]LogEditorTransaction: Undo Edit Cloud Color
[2019.01.18-03.44.07:155][662]Cmd: TRANSACTION UNDO
[2019.01.18-03.44.07:155][662]LogEditorTransaction: Undo Edit Zenith Color
[2019.01.18-03.44.07:700][727]Cmd: TRANSACTION UNDO
[2019.01.18-03.44.07:700][727]LogEditorTransaction: Undo Edit Zenith Color
[2019.01.18-03.44.09:021][885]Cmd: TRANSACTION UNDO
[2019.01.18-03.44.09:021][885]LogEditorTransaction: Undo Clicking on Actors
[2019.01.18-03.44.18:537][  3]LogAssetEditorManager: Opening Asset editor for Blueprint /Engine/EngineSky/BP_Sky_Sphere.BP_Sky_Sphere
[2019.01.18-03.44.31:750][902]LogSlate: Window 'Color Picker' being destroyed
[2019.01.18-03.44.45:083][812]Cmd: TRANSACTION UNDO
[2019.01.18-03.44.45:083][812]LogEditorTransaction: Undo Edit Zenith Color
[2019.01.18-03.44.52:551][440]LogSlate: FSceneViewport::OnFocusLost() reason 0
[2019.01.18-03.45.58:002][606]LogSlate: Window 'BP_Sky_Sphere*' being destroyed
[2019.01.18-03.45.58:092][606]LogSlate: Window 'BP_Sky_Sphere*' being destroyed
[2019.01.18-03.46.11:306][963]Cmd: TRANSACTION UNDO
[2019.01.18-03.46.11:306][963]LogEditorTransaction: Undo Edit Sun Brightness
[2019.01.18-03.46.17:615][228]LogSlate: FSceneViewport::OnFocusLost() reason 0
[2019.01.18-03.46.24:202][969]LogSlate: FSceneViewport::OnFocusLost() reason 0
[2019.01.18-03.46.34:696][215]LogSlate: FSceneViewport::OnFocusLost() reason 0
[2019.01.18-03.46.39:547][788]LogSlate: FSceneViewport::OnFocusLost() reason 0
[2019.01.18-03.46.44:341][339]Cmd: TRANSACTION UNDO
[2019.01.18-03.46.44:342][339]LogEditorTransaction: Undo Edit Cloud Opacity
[2019.01.18-03.46.46:352][564]Cmd: TRANSACTION UNDO
[2019.01.18-03.46.46:352][564]LogEditorTransaction: Undo Edit Cloud Opacity
[2019.01.18-03.46.52:705][320]LogSlate: FSceneViewport::OnFocusLost() reason 0
[2019.01.18-03.47.01:838][225]Cmd: TRANSACTION UNDO
[2019.01.18-03.47.01:838][225]LogEditorTransaction: Undo Edit Stars Brightness
[2019.01.18-03.47.10:683][ 66]Cmd: TRANSACTION UNDO
[2019.01.18-03.47.10:683][ 66]LogEditorTransaction: Undo Edit Sun Brightness
[2019.01.18-03.48.16:327][809]LogSlate: FSceneViewport::OnFocusLost() reason 0
[2019.01.18-03.49.14:981][904]LogSlate: FSceneViewport::OnFocusLost() reason 0
[2019.01.18-03.49.24:886][ 61]LogSlate: FSceneViewport::OnFocusLost() reason 0
[2019.01.18-03.50.05:189][880]LogSlate: FSceneViewport::OnFocusLost() reason 0
[2019.01.18-03.50.13:816][900]LogSlate: FSceneViewport::OnFocusLost() reason 0
[2019.01.18-03.50.19:166][292]Cmd: TRANSACTION UNDO
[2019.01.18-03.50.19:166][292]LogEditorTransaction: Undo Edit Horizon Falloff
[2019.01.18-03.50.19:609][332]Cmd: TRANSACTION UNDO
[2019.01.18-03.50.19:609][332]LogEditorTransaction: Undo Edit Horizon Falloff
[2019.01.18-03.50.31:565][751]LogSlate: FSceneViewport::OnFocusLost() reason 2
[2019.01.18-03.50.36:136][280]LogSlate: FSceneViewport::OnFocusLost() reason 0
[2019.01.18-03.50.36:227][291]LogSlate: Window 'Color Picker' being destroyed
[2019.01.18-03.50.38:149][516]Cmd: TRANSACTION UNDO
[2019.01.18-03.50.38:149][516]LogEditorTransaction: Undo Edit Zenith Color
[2019.01.18-03.50.40:472][775]LogSlate: FSceneViewport::OnFocusLost() reason 2
[2019.01.18-03.50.45:500][349]Cmd: TRANSACTION UNDO
[2019.01.18-03.50.45:500][349]LogEditorTransaction: Undo Edit Zenith Color
[2019.01.18-03.50.48:284][658]LogSlate: FSceneViewport::OnFocusLost() reason 0
[2019.01.18-03.50.48:378][669]LogSlate: Window 'Color Picker' being destroyed
[2019.01.18-03.50.50:659][937]Cmd: TRANSACTION UNDO
[2019.01.18-03.50.50:659][937]LogEditorTransaction: Undo Edit Zenith Color
[2019.01.18-03.50.57:174][698]LogSlate: FSceneViewport::OnFocusLost() reason 2
[2019.01.18-03.50.59:899][  9]LogSlate: Window 'Color Picker' being destroyed
[2019.01.18-03.51.03:109][390]Cmd: POLY SELECT MEMORY UNION
[2019.01.18-03.51.08:994][ 86]Cmd: TRANSACTION UNDO
[2019.01.18-03.51.08:994][ 86]LogEditorTransaction: Undo Union Selection Set
[2019.01.18-03.51.36:862][583]LogSavePackage: Moving '../../../../../../Users/erico/Files/School/year 2/semester 2/Game Engine Design 1/Landscape project/Saved/ThirdPersonExampleMap_Auto1EE517807440AF3FB0FCFECA14944C35A.tmp' to '../../../../../../Users/erico/Files/School/year 2/semester 2/Game Engine Design 1/Landscape project/Saved/Autosaves/Game/ThirdPersonBP/Maps/ThirdPersonExampleMap_Auto1.umap'
[2019.01.18-03.51.36:864][583]LogFileHelpers: Editor autosave (incl. sublevels) for '/Game/ThirdPersonBP/Maps/ThirdPersonExampleMap' took 0.723
[2019.01.18-03.51.36:864][583]LogFileHelpers: Editor autosave (incl. sublevels) for all levels took 0.723
[2019.01.18-03.51.36:866][583]OBJ SavePackage: Generating thumbnails for [1] asset(s) in package [/Engine/EngineSky/BP_Sky_Sphere] ([1] browsable assets)...
[2019.01.18-03.51.37:188][583]OBJ SavePackage:     Rendered thumbnail for [Blueprint /Engine/EngineSky/BP_Sky_Sphere.BP_Sky_Sphere]
[2019.01.18-03.51.37:188][583]OBJ SavePackage: Finished generating thumbnails for package [/Engine/EngineSky/BP_Sky_Sphere]
[2019.01.18-03.51.37:309][583]LogSavePackage: Moving '../../../../../../Users/erico/Files/School/year 2/semester 2/Game Engine Design 1/Landscape project/Saved/BP_Sky_Sphere_Auto1C7234BD1487EA39850D2F0B5E6C1C362.tmp' to '../../../../../../Users/erico/Files/School/year 2/semester 2/Game Engine Design 1/Landscape project/Saved/Autosaves/Engine/EngineSky/BP_Sky_Sphere_Auto1.uasset'
[2019.01.18-03.51.37:310][583]LogFileHelpers: Auto-saving content packages took 0.444
[2019.01.18-03.51.44:496][343]LogSlate: FSceneViewport::OnFocusLost() reason 2
[2019.01.18-03.52.01:548][337]LogSlate: Window 'Color Picker' being destroyed
[2019.01.18-03.52.03:891][610]Cmd: TRANSACTION UNDO
[2019.01.18-03.52.03:891][610]LogEditorTransaction: Undo Edit Horizon Color
[2019.01.18-03.52.06:056][852]Cmd: TRANSACTION REDO
[2019.01.18-03.52.06:056][852]LogEditorTransaction: Redo Edit Horizon Color
[2019.01.18-03.52.07:462][ 17]Cmd: TRANSACTION UNDO
[2019.01.18-03.52.07:462][ 17]LogEditorTransaction: Undo Edit Horizon Color
[2019.01.18-03.52.08:622][155]Cmd: TRANSACTION UNDO
[2019.01.18-03.52.08:622][155]LogEditorTransaction: Undo Edit Horizon Color
[2019.01.18-03.52.09:443][252]LogSlate: FSceneViewport::OnFocusLost() reason 2
[2019.01.18-03.52.10:765][407]LogSlate: Window 'Color Picker' being destroyed
[2019.01.18-03.52.12:001][554]LogSlate: FSceneViewport::OnFocusLost() reason 2
[2019.01.18-03.52.13:681][752]LogSlate: Window 'Color Picker' being destroyed
[2019.01.18-03.52.14:051][796]Cmd: TRANSACTION UNDO
[2019.01.18-03.52.14:051][796]LogEditorTransaction: Undo Edit Horizon Color
[2019.01.18-03.52.14:552][842]Cmd: TRANSACTION UNDO
[2019.01.18-03.52.14:552][842]LogEditorTransaction: Undo Edit Zenith Color
[2019.01.18-03.52.16:299][ 50]LogSlate: FSceneViewport::OnFocusLost() reason 2
[2019.01.18-03.52.25:243][ 91]Cmd: TRANSACTION UNDO
[2019.01.18-03.52.25:243][ 91]LogEditorTransaction: Undo Edit Horizon Color
[2019.01.18-03.52.28:201][405]Cmd: TRANSACTION REDO
[2019.01.18-03.52.28:201][405]LogEditorTransaction: Redo Edit Horizon Color
[2019.01.18-03.52.31:574][790]LogSlate: FSceneViewport::OnFocusLost() reason 0
[2019.01.18-03.52.31:699][805]LogSlate: Window 'Color Picker' being destroyed
[2019.01.18-03.52.34:466][134]LogSlate: FSceneViewport::OnFocusLost() reason 0
[2019.01.18-03.52.43:753][860]Cmd: TRANSACTION UNDO
[2019.01.18-03.52.43:754][860]LogEditorTransaction: Undo Edit R
[2019.01.18-03.52.52:016][803]LogSlate: Window 'Color Picker' being destroyed
[2019.01.18-03.52.54:473][ 93]Cmd: TRANSACTION UNDO
[2019.01.18-03.52.54:473][ 93]LogEditorTransaction: Undo Edit Cloud Color
[2019.01.18-03.53.13:061][754]LogSlate: FSceneViewport::OnFocusLost() reason 0
[2019.01.18-03.53.42:134][645]LogSlate: FSceneViewport::OnFocusLost() reason 0
[2019.01.18-03.53.51:227][600]Cmd: TRANSACTION UNDO
[2019.01.18-03.53.51:227][600]LogEditorTransaction: Undo Edit Colors Determined By Sun Position
[2019.01.18-03.53.55:799][ 85]LogSlate: FSceneViewport::OnFocusLost() reason 0
[2019.01.18-03.54.06:999][259]LogSlate: FSceneViewport::OnFocusLost() reason 0
[2019.01.18-03.54.11:788][780]LogSlate: Window 'Color Picker' being destroyed
[2019.01.18-03.54.24:217][138]LogSlate: FSceneViewport::OnFocusLost() reason 2
[2019.01.18-03.54.29:552][700]LogSlate: Window 'Color Picker' being destroyed
[2019.01.18-03.54.31:324][891]LogSlate: FSceneViewport::OnFocusLost() reason 2
[2019.01.18-03.54.36:425][425]LogSlate: Window 'Color Picker' being destroyed
[2019.01.18-03.54.38:267][624]LogSlate: FSceneViewport::OnFocusLost() reason 2
[2019.01.18-03.54.44:656][290]LogSlate: Window 'Color Picker' being destroyed
[2019.01.18-03.54.46:086][444]LogSlate: FSceneViewport::OnFocusLost() reason 2
[2019.01.18-03.54.58:806][777]LogSlate: FSceneViewport::OnFocusLost() reason 0
[2019.01.18-03.54.58:899][787]LogSlate: Window 'Color Picker' being destroyed
[2019.01.18-03.55.02:416][168]LogSlate: FSceneViewport::OnFocusLost() reason 0
[2019.01.18-03.55.12:578][185]LogEditorViewport: Clicking on Actor (LMB): DirectionalLight (Light Source)
[2019.01.18-03.55.15:877][360]LogSlate: FSceneViewport::OnFocusLost() reason 0
[2019.01.18-03.55.37:204][859]LogSlate: FSceneViewport::OnFocusLost() reason 0
[2019.01.18-03.55.56:261][ 97]LogSlate: FSceneViewport::OnFocusLost() reason 0
[2019.01.18-03.56.01:854][677]Cmd: TRANSACTION UNDO
[2019.01.18-03.56.01:854][677]LogEditorTransaction: Undo Edit Stars Brightness
[2019.01.18-03.56.13:964][ 55]LogSlate: FSceneViewport::OnFocusLost() reason 0
[2019.01.18-03.56.27:383][517]LogSlate: FSceneViewport::OnFocusLost() reason 0
[2019.01.18-03.56.42:474][247]LogSlate: FSceneViewport::OnFocusLost() reason 0
[2019.01.18-03.57.18:740][574]LogSlate: FSceneViewport::OnFocusLost() reason 0
[2019.01.18-03.57.18:816][583]LogTemp: Repeating last play command: Selected Viewport
[2019.01.18-03.57.18:823][583]LogBlueprintUserMessages: Early PlayInEditor Detection: Level '/Game/ThirdPersonBP/Maps/ThirdPersonExampleMap.ThirdPersonExampleMap:PersistentLevel' has LevelScriptBlueprint '/Game/ThirdPersonBP/Maps/ThirdPersonExampleMap.ThirdPersonExampleMap:PersistentLevel.ThirdPersonExampleMap' with GeneratedClass '/Game/ThirdPersonBP/Maps/ThirdPersonExampleMap.ThirdPersonExampleMap_C' with ClassGeneratedBy '/Game/ThirdPersonBP/Maps/ThirdPersonExampleMap.ThirdPersonExampleMap:PersistentLevel.ThirdPersonExampleMap'
[2019.01.18-03.57.18:823][583]BlueprintLog: New page: Pre-Play auto-recompile
[2019.01.18-03.57.18:844][583]LogPlayLevel: [PlayLevel] Compiling BP_Sky_Sphere before play...
[2019.01.18-03.57.19:332][583]LogPlayLevel: PlayLevel: Blueprint regeneration took 508 ms (1 blueprints)
[2019.01.18-03.57.19:332][583]PIE: New page: PIE session: ThirdPersonExampleMap (Jan 17, 2019, 5:57:19 PM)
[2019.01.18-03.57.19:332][583]LogPlayLevel: Creating play world package: /Game/ThirdPersonBP/Maps/UEDPIE_0_ThirdPersonExampleMap
[2019.01.18-03.57.19:374][583]LogPlayLevel: PIE: StaticDuplicateObject took: (0.041302s)
[2019.01.18-03.57.19:374][583]LogAIModule: Creating AISystem for world ThirdPersonExampleMap
[2019.01.18-03.57.19:374][583]LogPlayLevel: PIE: World Init took: (0.000747s)
[2019.01.18-03.57.19:374][583]LogPlayLevel: PIE: Created PIE world by copying editor world from /Game/ThirdPersonBP/Maps/ThirdPersonExampleMap.ThirdPersonExampleMap to /Game/ThirdPersonBP/Maps/UEDPIE_0_ThirdPersonExampleMap.ThirdPersonExampleMap (0.042200s)
[2019.01.18-03.57.19:471][583]LogInit: XAudio2 using 'Speakers (Logitech G433 Gaming Headset)' : 6 channels at 48 kHz using 16 bits per sample (channel mask 0x3f)
[2019.01.18-03.57.19:493][583]LogInit: FAudioDevice initialized.
[2019.01.18-03.57.19:524][583]LogLoad: Game class is 'ThirdPersonGameMode_C'
[2019.01.18-03.57.19:531][583]LogWorld: Bringing World /Game/ThirdPersonBP/Maps/UEDPIE_0_ThirdPersonExampleMap.ThirdPersonExampleMap up for play (max tick rate 0) at 2019.01.17-22.57.19
[2019.01.18-03.57.19:531][583]LogWorld: Bringing up level for play took: 0.006132
[2019.01.18-03.57.19:544][583]PIE: Play in editor start time for /Game/ThirdPersonBP/Maps/UEDPIE_0_ThirdPersonExampleMap -0.024
[2019.01.18-03.57.19:544][583]LogBlueprintUserMessages: Late PlayInEditor Detection: Level '/Game/ThirdPersonBP/Maps/ThirdPersonExampleMap.ThirdPersonExampleMap:PersistentLevel' has LevelScriptBlueprint '/Game/ThirdPersonBP/Maps/ThirdPersonExampleMap.ThirdPersonExampleMap:PersistentLevel.ThirdPersonExampleMap' with GeneratedClass '/Game/ThirdPersonBP/Maps/ThirdPersonExampleMap.ThirdPersonExampleMap_C' with ClassGeneratedBy '/Game/ThirdPersonBP/Maps/ThirdPersonExampleMap.ThirdPersonExampleMap:PersistentLevel.ThirdPersonExampleMap'
[2019.01.18-03.57.22:663][954]LogBlueprintUserMessages: Early EndPlayMap Detection: Level '/Game/ThirdPersonBP/Maps/ThirdPersonExampleMap.ThirdPersonExampleMap:PersistentLevel' has LevelScriptBlueprint '/Game/ThirdPersonBP/Maps/ThirdPersonExampleMap.ThirdPersonExampleMap:PersistentLevel.ThirdPersonExampleMap' with GeneratedClass '/Game/ThirdPersonBP/Maps/ThirdPersonExampleMap.ThirdPersonExampleMap_C' with ClassGeneratedBy '/Game/ThirdPersonBP/Maps/ThirdPersonExampleMap.ThirdPersonExampleMap:PersistentLevel.ThirdPersonExampleMap'
[2019.01.18-03.57.22:663][954]LogSlate: Updating window title bar state: overlay mode, drag disabled, window buttons hidden, title bar hidden
[2019.01.18-03.57.22:697][954]LogPlayLevel: Display: Shutting down PIE online subsystems
[2019.01.18-03.57.22:697][954]LogBlueprintUserMessages: Late EndPlayMap Detection: Level '/Game/ThirdPersonBP/Maps/ThirdPersonExampleMap.ThirdPersonExampleMap:PersistentLevel' has LevelScriptBlueprint '/Game/ThirdPersonBP/Maps/ThirdPersonExampleMap.ThirdPersonExampleMap:PersistentLevel.ThirdPersonExampleMap' with GeneratedClass '/Game/ThirdPersonBP/Maps/ThirdPersonExampleMap.ThirdPersonExampleMap_C' with ClassGeneratedBy '/Game/ThirdPersonBP/Maps/ThirdPersonExampleMap.ThirdPersonExampleMap:PersistentLevel.ThirdPersonExampleMap'
[2019.01.18-03.57.22:722][954]LogSlate: Updating window title bar state: overlay mode, drag disabled, window buttons hidden, title bar hidden
[2019.01.18-03.57.22:781][956]LogPlayLevel: Display: Destroying online subsystem :Context_6
[2019.01.18-03.57.34:372][282]LogEditorViewport: Clicking on Actor (LMB): DirectionalLight (Light Source)
[2019.01.18-03.57.38:300][743]LogSlate: FSceneViewport::OnFocusLost() reason 0
[2019.01.18-03.58.03:405][655]LogSlate: FSceneViewport::OnFocusLost() reason 0
[2019.01.18-03.58.19:749][571]LogSlate: FSceneViewport::OnFocusLost() reason 0
[2019.01.18-03.58.57:885][720]LogSlate: FSceneViewport::OnFocusLost() reason 0
[2019.01.18-03.58.57:991][732]LogTemp: Repeating last play command: Selected Viewport
[2019.01.18-03.58.57:999][732]LogBlueprintUserMessages: Early PlayInEditor Detection: Level '/Game/ThirdPersonBP/Maps/ThirdPersonExampleMap.ThirdPersonExampleMap:PersistentLevel' has LevelScriptBlueprint '/Game/ThirdPersonBP/Maps/ThirdPersonExampleMap.ThirdPersonExampleMap:PersistentLevel.ThirdPersonExampleMap' with GeneratedClass '/Game/ThirdPersonBP/Maps/ThirdPersonExampleMap.ThirdPersonExampleMap_C' with ClassGeneratedBy '/Game/ThirdPersonBP/Maps/ThirdPersonExampleMap.ThirdPersonExampleMap:PersistentLevel.ThirdPersonExampleMap'
[2019.01.18-03.58.57:999][732]LogPlayLevel: PlayLevel: No blueprints needed recompiling
[2019.01.18-03.58.57:999][732]PIE: New page: PIE session: ThirdPersonExampleMap (Jan 17, 2019, 5:58:57 PM)
[2019.01.18-03.58.57:999][732]LogPlayLevel: Creating play world package: /Game/ThirdPersonBP/Maps/UEDPIE_0_ThirdPersonExampleMap
[2019.01.18-03.58.58:041][732]LogPlayLevel: PIE: StaticDuplicateObject took: (0.041510s)
[2019.01.18-03.58.58:042][732]LogAIModule: Creating AISystem for world ThirdPersonExampleMap
[2019.01.18-03.58.58:042][732]LogPlayLevel: PIE: World Init took: (0.000863s)
[2019.01.18-03.58.58:042][732]LogPlayLevel: PIE: Created PIE world by copying editor world from /Game/ThirdPersonBP/Maps/ThirdPersonExampleMap.ThirdPersonExampleMap to /Game/ThirdPersonBP/Maps/UEDPIE_0_ThirdPersonExampleMap.ThirdPersonExampleMap (0.042541s)
[2019.01.18-03.58.58:151][732]LogInit: XAudio2 using 'Speakers (Logitech G433 Gaming Headset)' : 6 channels at 48 kHz using 16 bits per sample (channel mask 0x3f)
[2019.01.18-03.58.58:174][732]LogInit: FAudioDevice initialized.
[2019.01.18-03.58.58:205][732]LogLoad: Game class is 'ThirdPersonGameMode_C'
[2019.01.18-03.58.58:211][732]LogWorld: Bringing World /Game/ThirdPersonBP/Maps/UEDPIE_0_ThirdPersonExampleMap.ThirdPersonExampleMap up for play (max tick rate 0) at 2019.01.17-22.58.58
[2019.01.18-03.58.58:211][732]LogWorld: Bringing up level for play took: 0.006139
[2019.01.18-03.58.58:223][732]PIE: Play in editor start time for /Game/ThirdPersonBP/Maps/UEDPIE_0_ThirdPersonExampleMap 0.656
[2019.01.18-03.58.58:223][732]LogBlueprintUserMessages: Late PlayInEditor Detection: Level '/Game/ThirdPersonBP/Maps/ThirdPersonExampleMap.ThirdPersonExampleMap:PersistentLevel' has LevelScriptBlueprint '/Game/ThirdPersonBP/Maps/ThirdPersonExampleMap.ThirdPersonExampleMap:PersistentLevel.ThirdPersonExampleMap' with GeneratedClass '/Game/ThirdPersonBP/Maps/ThirdPersonExampleMap.ThirdPersonExampleMap_C' with ClassGeneratedBy '/Game/ThirdPersonBP/Maps/ThirdPersonExampleMap.ThirdPersonExampleMap:PersistentLevel.ThirdPersonExampleMap'
[2019.01.18-03.59.31:237][659]LogBlueprintUserMessages: Early EndPlayMap Detection: Level '/Game/ThirdPersonBP/Maps/ThirdPersonExampleMap.ThirdPersonExampleMap:PersistentLevel' has LevelScriptBlueprint '/Game/ThirdPersonBP/Maps/ThirdPersonExampleMap.ThirdPersonExampleMap:PersistentLevel.ThirdPersonExampleMap' with GeneratedClass '/Game/ThirdPersonBP/Maps/ThirdPersonExampleMap.ThirdPersonExampleMap_C' with ClassGeneratedBy '/Game/ThirdPersonBP/Maps/ThirdPersonExampleMap.ThirdPersonExampleMap:PersistentLevel.ThirdPersonExampleMap'
[2019.01.18-03.59.31:237][659]LogSlate: Updating window title bar state: overlay mode, drag disabled, window buttons hidden, title bar hidden
[2019.01.18-03.59.31:271][659]LogPlayLevel: Display: Shutting down PIE online subsystems
[2019.01.18-03.59.31:272][659]LogBlueprintUserMessages: Late EndPlayMap Detection: Level '/Game/ThirdPersonBP/Maps/ThirdPersonExampleMap.ThirdPersonExampleMap:PersistentLevel' has LevelScriptBlueprint '/Game/ThirdPersonBP/Maps/ThirdPersonExampleMap.ThirdPersonExampleMap:PersistentLevel.ThirdPersonExampleMap' with GeneratedClass '/Game/ThirdPersonBP/Maps/ThirdPersonExampleMap.ThirdPersonExampleMap_C' with ClassGeneratedBy '/Game/ThirdPersonBP/Maps/ThirdPersonExampleMap.ThirdPersonExampleMap:PersistentLevel.ThirdPersonExampleMap'
[2019.01.18-03.59.31:295][659]LogSlate: Updating window title bar state: overlay mode, drag disabled, window buttons hidden, title bar hidden
[2019.01.18-03.59.31:351][661]LogPlayLevel: Display: Destroying online subsystem :Context_7
[2019.01.18-03.59.49:260][775]LogEditorViewport: Clicking on Actor (LMB): DirectionalLight (Light Source)
[2019.01.18-04.02.14:221][116]LogSlate: FSceneViewport::OnFocusLost() reason 2
[2019.01.18-04.02.14:766][116]LogSavePackage: Moving '../../../../../../Users/erico/Files/School/year 2/semester 2/Game Engine Design 1/Landscape project/Saved/ThirdPersonExampleMap_Auto26F13A0D947B8753585BC39903F41F7B5.tmp' to '../../../../../../Users/erico/Files/School/year 2/semester 2/Game Engine Design 1/Landscape project/Saved/Autosaves/Game/ThirdPersonBP/Maps/ThirdPersonExampleMap_Auto2.umap'
[2019.01.18-04.02.14:767][116]LogFileHelpers: Editor autosave (incl. sublevels) for '/Game/ThirdPersonBP/Maps/ThirdPersonExampleMap' took 0.537
[2019.01.18-04.02.14:767][116]LogFileHelpers: Editor autosave (incl. sublevels) for all levels took 0.537
[2019.01.18-04.07.40:096][507]LogSlate: FSceneViewport::OnFocusLost() reason 0
[2019.01.18-04.08.19:379][ 26]LogAIModule: Creating AISystem for world StarterMap
[2019.01.18-04.08.19:542][ 26]LogAssetEditorManager: Opening Asset editor for World /Game/StarterContent/Maps/StarterMap.StarterMap
[2019.01.18-04.08.28:416][ 26]LogSlate: Window 'Save Content' being destroyed
[2019.01.18-04.08.28:422][ 26]Cmd: OBJ SAVEPACKAGE PACKAGE="/Engine/EngineSky/BP_Sky_Sphere" FILE="../../../Engine/Content/EngineSky/BP_Sky_Sphere.uasset" SILENT=true
[2019.01.18-04.08.28:501][ 26]LogSavePackage: Moving '../../../../../../Users/erico/Files/School/year 2/semester 2/Game Engine Design 1/Landscape project/Saved/BP_Sky_Sphere9289CB30482DDBA0FB36D7BF7F7A0697.tmp' to '../../../Engine/Content/EngineSky/BP_Sky_Sphere.uasset'
[2019.01.18-04.08.29:085][ 26]LogSavePackage: Moving '../../../../../../Users/erico/Files/School/year 2/semester 2/Game Engine Design 1/Landscape project/Saved/ThirdPersonExampleMap1EBEBBCB4EDA0266BF9A0C913F78A71D.tmp' to '../../../../../../Users/erico/Files/School/year 2/semester 2/Game Engine Design 1/Landscape project/Content/ThirdPersonBP/Maps/ThirdPersonExampleMap.umap'
[2019.01.18-04.08.29:098][ 26]LogFileHelpers: Saving map 'ThirdPersonExampleMap' took 0.595
[2019.01.18-04.08.29:099][ 26]LightingResults: New page: Lighting Build
[2019.01.18-04.08.29:100][ 26]LoadErrors: New page: Loading map: StarterMap.umap
[2019.01.18-04.08.29:102][ 26]MapCheck: New page: Map Check
[2019.01.18-04.08.29:102][ 26]LightingResults: New page: Lighting Build
[2019.01.18-04.08.29:176][ 26]LogEditorServer: Finished looking for orphan Actors (0.000 secs)
[2019.01.18-04.08.29:231][ 26]Cmd: MAP CHECKDEP NOCLEARLOG
[2019.01.18-04.08.29:231][ 26]MapCheck: Map check complete: 0 Error(s), 0 Warning(s), took 0.146ms to complete.
[2019.01.18-04.08.29:231][ 26]LogFileHelpers: Loading map 'StarterMap' took 0.133
[2019.01.18-04.08.29:392][ 26]LogAIModule: Creating AISystem for world ThirdPersonExampleMap
[2019.01.18-04.09.54:902][123]LogSlate: FSceneViewport::OnFocusLost() reason 0
[2019.01.18-04.09.55:000][134]LogTemp: Repeating last play command: Selected Viewport
[2019.01.18-04.09.55:007][134]LogBlueprintUserMessages: Early PlayInEditor Detection: Level '/Game/StarterContent/Maps/StarterMap.StarterMap:PersistentLevel' has LevelScriptBlueprint '/Game/StarterContent/Maps/StarterMap.StarterMap:PersistentLevel.StarterMap' with GeneratedClass '/Game/StarterContent/Maps/StarterMap.StarterMap_C' with ClassGeneratedBy '/Game/StarterContent/Maps/StarterMap.StarterMap:PersistentLevel.StarterMap'
[2019.01.18-04.09.55:007][134]LogPlayLevel: PlayLevel: No blueprints needed recompiling
[2019.01.18-04.09.55:007][134]PIE: New page: PIE session: StarterMap (Jan 17, 2019, 6:09:55 PM)
[2019.01.18-04.09.55:007][134]LogPlayLevel: Creating play world package: /Game/StarterContent/Maps/UEDPIE_0_StarterMap
[2019.01.18-04.09.55:023][134]LogPlayLevel: PIE: StaticDuplicateObject took: (0.016093s)
[2019.01.18-04.09.55:024][134]LogAIModule: Creating AISystem for world StarterMap
[2019.01.18-04.09.55:024][134]LogPlayLevel: PIE: World Init took: (0.000687s)
[2019.01.18-04.09.55:024][134]LogPlayLevel: PIE: Created PIE world by copying editor world from /Game/StarterContent/Maps/StarterMap.StarterMap to /Game/StarterContent/Maps/UEDPIE_0_StarterMap.StarterMap (0.017111s)
[2019.01.18-04.09.55:119][134]LogInit: XAudio2 using 'Speakers (Logitech G433 Gaming Headset)' : 6 channels at 48 kHz using 16 bits per sample (channel mask 0x3f)
[2019.01.18-04.09.55:140][134]LogInit: FAudioDevice initialized.
[2019.01.18-04.09.55:170][134]LogLoad: Game class is 'ThirdPersonGameMode_C'
[2019.01.18-04.09.55:177][134]LogWorld: Bringing World /Game/StarterContent/Maps/UEDPIE_0_StarterMap.StarterMap up for play (max tick rate 0) at 2019.01.17-23.09.55
[2019.01.18-04.09.55:194][134]LogWorld: Bringing up level for play took: 0.022875
[2019.01.18-04.09.55:299][134]PIE: Play in editor start time for /Game/StarterContent/Maps/UEDPIE_0_StarterMap -0.268
[2019.01.18-04.09.55:300][134]LogBlueprintUserMessages: Late PlayInEditor Detection: Level '/Game/StarterContent/Maps/StarterMap.StarterMap:PersistentLevel' has LevelScriptBlueprint '/Game/StarterContent/Maps/StarterMap.StarterMap:PersistentLevel.StarterMap' with GeneratedClass '/Game/StarterContent/Maps/StarterMap.StarterMap_C' with ClassGeneratedBy '/Game/StarterContent/Maps/StarterMap.StarterMap:PersistentLevel.StarterMap'
[2019.01.18-04.11.26:756][ 53]LogBlueprintUserMessages: Early EndPlayMap Detection: Level '/Game/StarterContent/Maps/StarterMap.StarterMap:PersistentLevel' has LevelScriptBlueprint '/Game/StarterContent/Maps/StarterMap.StarterMap:PersistentLevel.StarterMap' with GeneratedClass '/Game/StarterContent/Maps/StarterMap.StarterMap_C' with ClassGeneratedBy '/Game/StarterContent/Maps/StarterMap.StarterMap:PersistentLevel.StarterMap'
[2019.01.18-04.11.26:757][ 53]LogSlate: Updating window title bar state: overlay mode, drag disabled, window buttons hidden, title bar hidden
[2019.01.18-04.11.26:791][ 53]LogPlayLevel: Display: Shutting down PIE online subsystems
[2019.01.18-04.11.26:792][ 53]LogBlueprintUserMessages: Late EndPlayMap Detection: Level '/Game/StarterContent/Maps/StarterMap.StarterMap:PersistentLevel' has LevelScriptBlueprint '/Game/StarterContent/Maps/StarterMap.StarterMap:PersistentLevel.StarterMap' with GeneratedClass '/Game/StarterContent/Maps/StarterMap.StarterMap_C' with ClassGeneratedBy '/Game/StarterContent/Maps/StarterMap.StarterMap:PersistentLevel.StarterMap'
[2019.01.18-04.11.26:818][ 53]LogSlate: Updating window title bar state: overlay mode, drag disabled, window buttons hidden, title bar hidden
[2019.01.18-04.11.26:862][ 57]LogPlayLevel: Display: Destroying online subsystem :Context_9
[2019.01.18-04.11.27:788][167]LogSlate: FSceneViewport::OnFocusLost() reason 0
[2019.01.18-04.11.27:871][177]LogTemp: Repeating last play command: Selected Viewport
[2019.01.18-04.11.27:878][177]LogBlueprintUserMessages: Early PlayInEditor Detection: Level '/Game/StarterContent/Maps/StarterMap.StarterMap:PersistentLevel' has LevelScriptBlueprint '/Game/StarterContent/Maps/StarterMap.StarterMap:PersistentLevel.StarterMap' with GeneratedClass '/Game/StarterContent/Maps/StarterMap.StarterMap_C' with ClassGeneratedBy '/Game/StarterContent/Maps/StarterMap.StarterMap:PersistentLevel.StarterMap'
[2019.01.18-04.11.27:878][177]LogPlayLevel: PlayLevel: No blueprints needed recompiling
[2019.01.18-04.11.27:878][177]PIE: New page: PIE session: StarterMap (Jan 17, 2019, 6:11:27 PM)
[2019.01.18-04.11.27:878][177]LogPlayLevel: Creating play world package: /Game/StarterContent/Maps/UEDPIE_0_StarterMap
[2019.01.18-04.11.27:893][177]LogPlayLevel: PIE: StaticDuplicateObject took: (0.015682s)
[2019.01.18-04.11.27:893][177]LogAIModule: Creating AISystem for world StarterMap
[2019.01.18-04.11.27:893][177]LogPlayLevel: PIE: World Init took: (0.000607s)
[2019.01.18-04.11.27:894][177]LogPlayLevel: PIE: Created PIE world by copying editor world from /Game/StarterContent/Maps/StarterMap.StarterMap to /Game/StarterContent/Maps/UEDPIE_0_StarterMap.StarterMap (0.016471s)
[2019.01.18-04.11.27:988][177]LogInit: XAudio2 using 'Speakers (Logitech G433 Gaming Headset)' : 6 channels at 48 kHz using 16 bits per sample (channel mask 0x3f)
[2019.01.18-04.11.28:008][177]LogInit: FAudioDevice initialized.
[2019.01.18-04.11.28:041][177]LogLoad: Game class is 'ThirdPersonGameMode_C'
[2019.01.18-04.11.28:048][177]LogWorld: Bringing World /Game/StarterContent/Maps/UEDPIE_0_StarterMap.StarterMap up for play (max tick rate 0) at 2019.01.17-23.11.28
[2019.01.18-04.11.28:049][177]LogWorld: Bringing up level for play took: 0.006802
[2019.01.18-04.11.28:063][177]PIE: Play in editor start time for /Game/StarterContent/Maps/UEDPIE_0_StarterMap 0.496
[2019.01.18-04.11.28:063][177]LogBlueprintUserMessages: Late PlayInEditor Detection: Level '/Game/StarterContent/Maps/StarterMap.StarterMap:PersistentLevel' has LevelScriptBlueprint '/Game/StarterContent/Maps/StarterMap.StarterMap:PersistentLevel.StarterMap' with GeneratedClass '/Game/StarterContent/Maps/StarterMap.StarterMap_C' with ClassGeneratedBy '/Game/StarterContent/Maps/StarterMap.StarterMap:PersistentLevel.StarterMap'
[2019.01.18-04.11.46:532][385]LogBlueprintUserMessages: Early EndPlayMap Detection: Level '/Game/StarterContent/Maps/StarterMap.StarterMap:PersistentLevel' has LevelScriptBlueprint '/Game/StarterContent/Maps/StarterMap.StarterMap:PersistentLevel.StarterMap' with GeneratedClass '/Game/StarterContent/Maps/StarterMap.StarterMap_C' with ClassGeneratedBy '/Game/StarterContent/Maps/StarterMap.StarterMap:PersistentLevel.StarterMap'
[2019.01.18-04.11.46:532][385]LogSlate: Updating window title bar state: overlay mode, drag disabled, window buttons hidden, title bar hidden
[2019.01.18-04.11.46:566][385]LogPlayLevel: Display: Shutting down PIE online subsystems
[2019.01.18-04.11.46:567][385]LogBlueprintUserMessages: Late EndPlayMap Detection: Level '/Game/StarterContent/Maps/StarterMap.StarterMap:PersistentLevel' has LevelScriptBlueprint '/Game/StarterContent/Maps/StarterMap.StarterMap:PersistentLevel.StarterMap' with GeneratedClass '/Game/StarterContent/Maps/StarterMap.StarterMap_C' with ClassGeneratedBy '/Game/StarterContent/Maps/StarterMap.StarterMap:PersistentLevel.StarterMap'
[2019.01.18-04.11.46:593][385]LogSlate: Updating window title bar state: overlay mode, drag disabled, window buttons hidden, title bar hidden
[2019.01.18-04.11.46:630][387]LogPlayLevel: Display: Destroying online subsystem :Context_10
[2019.01.18-04.12.16:234][931]LogSlate: FSceneViewport::OnFocusLost() reason 0
[2019.01.18-04.21.40:214][288]LogAssetEditorManager: Opening Asset editor for World /Game/ThirdPersonBP/Maps/ThirdPersonExampleMap.ThirdPersonExampleMap
[2019.01.18-04.21.40:237][288]LightingResults: New page: Lighting Build
[2019.01.18-04.21.40:237][288]LoadErrors: New page: Loading map: ThirdPersonExampleMap.umap
[2019.01.18-04.21.40:239][288]MapCheck: New page: Map Check
[2019.01.18-04.21.40:239][288]LightingResults: New page: Lighting Build
[2019.01.18-04.21.40:326][288]LogEditorServer: Finished looking for orphan Actors (0.000 secs)
[2019.01.18-04.21.40:363][288]Cmd: MAP CHECKDEP NOCLEARLOG
[2019.01.18-04.21.40:363][288]MapCheck: Map check complete: 0 Error(s), 0 Warning(s), took 0.14ms to complete.
[2019.01.18-04.21.40:364][288]LogFileHelpers: Loading map 'ThirdPersonExampleMap' took 0.128
[2019.01.18-04.22.06:461][340]LogSlate: FSceneViewport::OnFocusLost() reason 0
[2019.01.18-04.22.10:143][762]LogEditorActor: Deleted Actor: TextRenderActor
[2019.01.18-04.22.10:169][762]LogEditorActor: Deleted 1 Actors (0.074 secs)
[2019.01.18-04.22.11:346][902]LogEditorViewport: Clicking on Actor (LMB): DocumentationActor (DocumentationActor1)
[2019.01.18-04.22.16:684][536]LogSlate: FSceneViewport::OnFocusLost() reason 0
[2019.01.18-04.23.29:043][312]Cmd: DELETE
[2019.01.18-04.23.29:043][312]Cmd: ACTOR DELETE
[2019.01.18-04.23.29:321][312]LogEditorActor: Deleted Actor: DocumentationActor
[2019.01.18-04.23.29:347][312]LogEditorActor: Deleted 1 Actors (0.041 secs)
[2019.01.18-04.23.30:480][448]LogSlate: FSceneViewport::OnFocusLost() reason 0
[2019.01.18-04.25.02:804][491]LogSlate: FSceneViewport::OnFocusLost() reason 2
[2019.01.18-04.25.52:445][562]LogTexture: Display: Building textures: T_Craghead_Oak_TileMoss_01_D_Tex (AutoDXT, 2048X4096)
[2019.01.18-04.25.52:445][562]LogTexture: Display: Building textures: HillTree_01_Atlas_Normal_Tex (BC5, 4096X4096)
[2019.01.18-04.25.52:445][562]LogTexture: Display: Building textures: HillTree_01_Atlas_Specular_Tex (AutoDXT, 4096X4096)
[2019.01.18-04.26.16:571][562]LogTexture: Display: Building textures: T_HillTreeBillboard_01_SSS (AutoDXT, 4096X4096)
[2019.01.18-04.26.16:571][562]LogTexture: Display: Building textures: T_HillTreeBillboard_01_S_R (AutoDXT, 2048X2048)
[2019.01.18-04.26.16:571][562]LogTexture: Display: Building textures: HillTree_01_Atlas_Billboards_Normal_Tex (BC5, 2048X2048)
[2019.01.18-04.26.16:571][562]LogTexture: Display: Building textures: HillTree_01_Atlas_Billboards_Tex (AutoDXT, 2048X2048)
[2019.01.18-04.26.16:571][562]LogTexture: Display: Building textures: T_Craghead_Oak_Tile_01_N_Tex (BC5, 2048X4096)
[2019.01.18-04.26.16:571][562]LogTexture: Display: Building textures: HillTree_01_Atlas_Tex (AutoDXT, 4096X4096)
[2019.01.18-04.26.16:572][562]LogTexture: Display: Building textures: T_Craghead_Oak_Tile_01_D_Tex (AutoDXT, 2048X4096)
[2019.01.18-04.26.16:572][562]LogMaterial: Display: Missing cached shader map for material HillTree_01_Leaves_Mat, compiling. 
[2019.01.18-04.26.18:280][562]LogTexture: Display: Building textures: T_Craghead_Oak_LimbTile_02_N_Tex (BC5, 1024X4096)
[2019.01.18-04.26.18:280][562]LogShaderCompilers: Display: Shaders left to compile 117
[2019.01.18-04.26.18:280][562]LogShaderCompilers: Display: Shaders left to compile 107
[2019.01.18-04.26.18:280][562]LogShaderCompilers: Display: Shaders left to compile 97
[2019.01.18-04.26.18:280][562]LogTexture: Display: Building textures: T_Craghead_Oak_LimbTile_02_D_Tex (AutoDXT, 1024X4096)
[2019.01.18-04.26.34:057][562]LogTexture: Display: Building textures: T_HillTreeBillboard_01_N (AutoDXT, 4096X4096)
[2019.01.18-04.26.34:057][562]LogTexture: Display: Building textures: T_HillTreeBillboard_01_Depth (AutoDXT, 1024X1024)
[2019.01.18-04.26.34:057][562]LogTexture: Display: Building textures: T_HillTreeBillboard_01 (AutoDXT, 4096X4096)
[2019.01.18-04.26.34:057][562]LogMaterial: Display: Missing cached shader map for material HillTree_01_Fronds_Mat, compiling. 
[2019.01.18-04.26.34:142][562]LogMaterial: Display: Missing cached shader map for material M_CustomDepthBillboard, compiling. 
[2019.01.18-04.26.34:333][562]LogMaterial: Display: Missing cached shader map for material HillTree_01_Branches_Mat, compiling. 
[2019.01.18-04.26.34:510][562]LogMaterial: Display: Missing cached shader map for material HillTree_01_Billboard_Mat, compiling. 
[2019.01.18-04.26.35:910][562]LogStaticMesh: Building static mesh HillTree_02...
