Log file open, 01/27/19 14:13:44
LogWindows: Failed to load 'aqProf.dll' (GetLastError=126)
LogWindows: File 'aqProf.dll' does not exist
LogWindows: Failed to load 'VtuneApi.dll' (GetLastError=126)
LogWindows: File 'VtuneApi.dll' does not exist
LogWindows: Failed to load 'VtuneApi32e.dll' (GetLastError=126)
LogWindows: File 'VtuneApi32e.dll' does not exist
LogConsoleResponse: Display: Failed to find resolution value strings in scalability ini. Falling back to default.
LogInit: Display: Running engine for game: LandsacpeProject
LogPakFile: Registered encryption key '00000000000000000000000000000000': 0 pak files mounted, 0 remain pending
LogPlatformFile: Not using cached read wrapper
LogTaskGraph: Started task graph with 5 named threads and 14 total threads with 3 sets of task threads.
LogStats: Stats thread started at 0.186137
LogD3D11RHI: Loaded GFSDK_Aftermath_Lib.x64.dll
LogICUInternationalization: ICU TimeZone Detection - Raw Offset: -5:00, Platform Override: ''
LogPluginManager: Mounting plugin Paper2D
LogPluginManager: Mounting plugin AISupport
LogPluginManager: Mounting plugin LightPropagationVolume
LogPluginManager: Mounting plugin ActorLayerUtilities
LogPluginManager: Mounting plugin CLionSourceCodeAccess
LogPluginManager: Mounting plugin CodeLiteSourceCodeAccess
LogPluginManager: Mounting plugin GitSourceControl
LogPluginManager: Mounting plugin KDevelopSourceCodeAccess
LogPluginManager: Mounting plugin NullSourceCodeAccess
LogPluginManager: Mounting plugin PerforceSourceControl
LogPluginManager: Mounting plugin SubversionSourceControl
LogPluginManager: Mounting plugin UObjectPlugin
LogPluginManager: Mounting plugin VisualStudioCodeSourceCodeAccess
LogPluginManager: Mounting plugin VisualStudioSourceCodeAccess
LogPluginManager: Mounting plugin XCodeSourceCodeAccess
LogPluginManager: Mounting plugin AssetManagerEditor
LogPluginManager: Mounting plugin CryptoKeys
LogPluginManager: Mounting plugin DataValidation
LogPluginManager: Mounting plugin FacialAnimation
LogPluginManager: Mounting plugin GameplayTagsEditor
LogPluginManager: Mounting plugin MacGraphicsSwitching
LogPluginManager: Mounting plugin MeshEditor
LogPluginManager: Mounting plugin MobileLauncherProfileWizard
LogPluginManager: Mounting plugin PluginBrowser
LogPluginManager: Mounting plugin SpeedTreeImporter
LogPluginManager: Mounting plugin DatasmithContent
LogPluginManager: Mounting plugin VariantManagerContent
LogPluginManager: Mounting plugin AlembicImporter
LogPluginManager: Mounting plugin AppleImageUtils
LogPluginManager: Mounting plugin AppleVision
LogPluginManager: Mounting plugin BackChannel
LogPluginManager: Mounting plugin CharacterAI
LogPluginManager: Mounting plugin GeometryCache
LogPluginManager: Mounting plugin HTML5Networking
LogPluginManager: Mounting plugin ProxyLODPlugin
LogPluginManager: Mounting plugin MagicLeap
LogPluginManager: Mounting plugin MagicLeapMedia
LogPluginManager: Mounting plugin AndroidMedia
LogPluginManager: Mounting plugin AvfMedia
LogPluginManager: Mounting plugin ImgMedia
LogPluginManager: Mounting plugin LinearTimecode
LogPluginManager: Mounting plugin MediaCompositing
LogPluginManager: Mounting plugin MediaPlayerEditor
LogPluginManager: Mounting plugin WebMMedia
LogPluginManager: Mounting plugin WmfMedia
LogPluginManager: Mounting plugin TcpMessaging
LogPluginManager: Mounting plugin UdpMessaging
LogPluginManager: Mounting plugin ActorSequence
LogPluginManager: Mounting plugin LevelSequenceEditor
LogPluginManager: Mounting plugin MatineeToLevelSequence
LogPluginManager: Mounting plugin NetcodeUnitTest
LogPluginManager: Mounting plugin NUTUnrealEngine4
LogPluginManager: Mounting plugin OnlineSubsystemGooglePlay
LogPluginManager: Mounting plugin OnlineSubsystemIOS
LogPluginManager: Mounting plugin OnlineSubsystem
LogPluginManager: Mounting plugin OnlineSubsystemNull
LogPluginManager: Mounting plugin OnlineSubsystemUtils
LogPluginManager: Mounting plugin LauncherChunkInstaller
LogPluginManager: Mounting plugin AndroidDeviceProfileSelector
LogPluginManager: Mounting plugin AndroidMoviePlayer
LogPluginManager: Mounting plugin AndroidPermission
LogPluginManager: Mounting plugin AppleMoviePlayer
LogPluginManager: Mounting plugin ArchVisCharacter
LogPluginManager: Mounting plugin AudioCapture
LogPluginManager: Mounting plugin CableComponent
LogPluginManager: Mounting plugin CustomMeshComponent
LogPluginManager: Mounting plugin EditableMesh
LogPluginManager: Mounting plugin ExampleDeviceProfileSelector
LogPluginManager: Mounting plugin Firebase
LogPluginManager: Mounting plugin GoogleCloudMessaging
LogPluginManager: Mounting plugin IOSDeviceProfileSelector
LogPluginManager: Mounting plugin LinuxDeviceProfileSelector
LogPluginManager: Mounting plugin LocationServicesBPLibrary
LogPluginManager: Mounting plugin MobilePatchingUtils
LogPluginManager: Mounting plugin OculusVR
LogPluginManager: Mounting plugin PhysXVehicles
LogPluginManager: Mounting plugin ProceduralMeshComponent
LogPluginManager: Mounting plugin RuntimePhysXCooking
LogPluginManager: Mounting plugin SteamVR
LogPluginManager: Mounting plugin WebMMoviePlayer
LogPluginManager: Mounting plugin WindowsMoviePlayer
LogStreaming: Display: Took  0.078s to configure plugins.
LogInit: Using libcurl 7.55.1-DEV
LogInit:  - built for x86_64-pc-win32
LogInit:  - supports SSL with OpenSSL/1.0.2h
LogInit:  - supports HTTP deflate (compression) using libz 1.2.8
LogInit:  - other features:
LogInit:      CURL_VERSION_SSL
LogInit:      CURL_VERSION_LIBZ
LogInit:      CURL_VERSION_IPV6
LogInit:      CURL_VERSION_ASYNCHDNS
LogInit:      CURL_VERSION_LARGEFILE
LogInit:      CURL_VERSION_IDN
LogInit:  CurlRequestOptions (configurable via config and command line):
LogInit:  - bVerifyPeer = true  - Libcurl will verify peer certificate
LogInit:  - bUseHttpProxy = false  - Libcurl will NOT use HTTP proxy
LogInit:  - bDontReuseConnections = false  - Libcurl will reuse connections
LogInit:  - MaxHostConnections = 16  - Libcurl will limit the number of connections to a host
LogInit:  - LocalHostAddr = Default
LogInit:  - BufferSize = 65536
LogInit: WinSock: version 1.1 (2.2), MaxSocks=32767, MaxUdp=65467
LogInit: Build: ++UE4+Release-4.21-CL-4613538
LogInit: Engine Version: 4.21.1-4613538+++UE4+Release-4.21
LogInit: Compatible Engine Version: 4.21.0-4541578+++UE4+Release-4.21
LogInit: Net CL: 4541578
LogInit: OS: Windows 10 (), CPU: Intel(R) Core(TM) i5-4690K CPU @ 3.50GHz, GPU: NVIDIA GeForce GTX 970
LogInit: Compiled (64-bit): Nov 30 2018 04:13:25
LogInit: Compiled with Visual C++: 19.13.26129.00
LogInit: Build Configuration: Development
LogInit: Branch Name: ++UE4+Release-4.21
LogInit: Command Line: 
LogInit: Base Directory: C:/Program Files/Epic Games/UE_4.21/Engine/Binaries/Win64/
LogInit: Installed Engine Build: 1
LogDevObjectVersion: Number of dev versions registered: 22
LogDevObjectVersion:   Dev-Blueprints (B0D832E4-1F89-4F0D-ACCF-7EB736FD4AA2): 10
LogDevObjectVersion:   Dev-Build (E1C64328-A22C-4D53-A36C-8E866417BD8C): 0
LogDevObjectVersion:   Dev-Core (375EC13C-06E4-48FB-B500-84F0262A717E): 2
LogDevObjectVersion:   Dev-Editor (E4B068ED-F494-42E9-A231-DA0B2E46BB41): 26
LogDevObjectVersion:   Dev-Framework (CFFC743F-43B0-4480-9391-14DF171D2073): 34
LogDevObjectVersion:   Dev-Mobile (B02B49B5-BB20-44E9-A304-32B752E40360): 2
LogDevObjectVersion:   Dev-Networking (A4E4105C-59A1-49B5-A7C5-40C4547EDFEE): 0
LogDevObjectVersion:   Dev-Online (39C831C9-5AE6-47DC-9A44-9C173E1C8E7C): 0
LogDevObjectVersion:   Dev-Physics (78F01B33-EBEA-4F98-B9B4-84EACCB95AA2): 0
LogDevObjectVersion:   Dev-Platform (6631380F-2D4D-43E0-8009-CF276956A95A): 0
LogDevObjectVersion:   Dev-Rendering (12F88B9F-8875-4AFC-A67C-D90C383ABD29): 27
LogDevObjectVersion:   Dev-Sequencer (7B5AE74C-D270-4C10-A958-57980B212A5A): 9
LogDevObjectVersion:   Dev-VR (D7296918-1DD6-4BDD-9DE2-64A83CC13884): 2
LogDevObjectVersion:   Dev-LoadTimes (C2A15278-BFE7-4AFE-6C17-90FF531DF755): 1
LogDevObjectVersion:   Private-Geometry (6EACA3D4-40EC-4CC1-B786-8BED09428FC5): 3
LogDevObjectVersion:   Dev-AnimPhys (29E575DD-E0A3-4627-9D10-D276232CDCEA): 17
LogDevObjectVersion:   Dev-Anim (AF43A65D-7FD3-4947-9873-3E8ED9C1BB05): 2
LogDevObjectVersion:   Dev-ReflectionCapture (6B266CEC-1EC7-4B8F-A30B-E4D90942FC07): 1
LogDevObjectVersion:   Dev-Automation (0DF73D61-A23F-47EA-B727-89E90C41499A): 1
LogDevObjectVersion:   FortniteMain (601D1886-AC64-4F84-AA16-D3DE0DEAC7D6): 17
LogDevObjectVersion:   Dev-Enterprise (9DFFBCD6-494F-0158-E221-12823C92A888): 4
LogDevObjectVersion:   Dev-Niagara (F2AED0AC-9AFE-416F-8664-AA7FFA26D6FC): 1
LogStreaming: Display: Took  0.001s to delete old logs.
LogInit: Presizing for max 8388607 objects, including 0 objects not considered by GC, pre-allocating 0 bytes for permanent pool.
LogInit: Object subsystem initialized
LogConfig: Setting CVar [[con.DebugEarlyDefault:1]]
LogConfig: Setting CVar [[r.setres:1280x720]]
[2019.01.27-19.13.45:253][  0]LogConfig: Setting CVar [[r.VSync:0]]
[2019.01.27-19.13.45:253][  0]LogConfig: Setting CVar [[r.RHICmdBypass:0]]
[2019.01.27-19.13.45:253][  0]LogConfig: Applying CVar settings from Section [/Script/Engine.RendererSettings] File [C:/Users/erico/Files/School/year 2/semester 2/Game Engine Design 1/Landscape project/Saved/Config/Windows/Engine.ini]
[2019.01.27-19.13.45:253][  0]LogConfig: Setting CVar [[r.GPUCrashDebugging:0]]
[2019.01.27-19.13.45:253][  0]LogConfig: Applying CVar settings from Section [/Script/Engine.RendererOverrideSettings] File [C:/Users/erico/Files/School/year 2/semester 2/Game Engine Design 1/Landscape project/Saved/Config/Windows/Engine.ini]
[2019.01.27-19.13.45:253][  0]LogConfig: Applying CVar settings from Section [/Script/Engine.StreamingSettings] File [C:/Users/erico/Files/School/year 2/semester 2/Game Engine Design 1/Landscape project/Saved/Config/Windows/Engine.ini]
[2019.01.27-19.13.45:253][  0]LogConfig: Setting CVar [[s.MinBulkDataSizeForAsyncLoading:131072]]
[2019.01.27-19.13.45:253][  0]LogConfig: Setting CVar [[s.AsyncLoadingThreadEnabled:0]]
[2019.01.27-19.13.45:253][  0]LogConfig: Setting CVar [[s.EventDrivenLoaderEnabled:1]]
[2019.01.27-19.13.45:253][  0]LogConfig: Setting CVar [[s.WarnIfTimeLimitExceeded:0]]
[2019.01.27-19.13.45:253][  0]LogConfig: Setting CVar [[s.TimeLimitExceededMultiplier:1.5]]
[2019.01.27-19.13.45:253][  0]LogConfig: Setting CVar [[s.TimeLimitExceededMinTime:0.005]]
[2019.01.27-19.13.45:253][  0]LogConfig: Setting CVar [[s.UseBackgroundLevelStreaming:1]]
[2019.01.27-19.13.45:253][  0]LogConfig: Setting CVar [[s.PriorityAsyncLoadingExtraTime:15.0]]
[2019.01.27-19.13.45:253][  0]LogConfig: Setting CVar [[s.LevelStreamingActorsUpdateTimeLimit:5.0]]
[2019.01.27-19.13.45:253][  0]LogConfig: Setting CVar [[s.PriorityLevelStreamingActorsUpdateExtraTime:5.0]]
[2019.01.27-19.13.45:253][  0]LogConfig: Setting CVar [[s.LevelStreamingComponentsRegistrationGranularity:10]]
[2019.01.27-19.13.45:253][  0]LogConfig: Setting CVar [[s.UnregisterComponentsTimeLimit:1.0]]
[2019.01.27-19.13.45:253][  0]LogConfig: Setting CVar [[s.LevelStreamingComponentsUnregistrationGranularity:5]]
[2019.01.27-19.13.45:253][  0]LogConfig: Applying CVar settings from Section [/Script/Engine.GarbageCollectionSettings] File [C:/Users/erico/Files/School/year 2/semester 2/Game Engine Design 1/Landscape project/Saved/Config/Windows/Engine.ini]
[2019.01.27-19.13.45:253][  0]LogConfig: Setting CVar [[gc.MaxObjectsNotConsideredByGC:1]]
[2019.01.27-19.13.45:253][  0]LogConfig: Setting CVar [[gc.SizeOfPermanentObjectPool:0]]
[2019.01.27-19.13.45:253][  0]LogConfig: Setting CVar [[gc.FlushStreamingOnGC:0]]
[2019.01.27-19.13.45:253][  0]LogConfig: Setting CVar [[gc.NumRetriesBeforeForcingGC:10]]
[2019.01.27-19.13.45:253][  0]LogConfig: Setting CVar [[gc.AllowParallelGC:1]]
[2019.01.27-19.13.45:253][  0]LogConfig: Setting CVar [[gc.TimeBetweenPurgingPendingKillObjects:61.1]]
[2019.01.27-19.13.45:254][  0]LogConfig: Setting CVar [[gc.MaxObjectsInEditor:8388607]]
[2019.01.27-19.13.45:254][  0]LogConfig: Setting CVar [[gc.IncrementalBeginDestroyEnabled:1]]
[2019.01.27-19.13.45:254][  0]LogConfig: Setting CVar [[gc.CreateGCClusters:1]]
[2019.01.27-19.13.45:254][  0]LogConfig: Setting CVar [[gc.MergeGCClusters:0]]
[2019.01.27-19.13.45:254][  0]LogConfig: Setting CVar [[gc.MinGCClusterSize:5]]
[2019.01.27-19.13.45:254][  0]LogConfig: Setting CVar [[gc.ActorClusteringEnabled:0]]
[2019.01.27-19.13.45:254][  0]LogConfig: Setting CVar [[gc.BlueprintClusteringEnabled:0]]
[2019.01.27-19.13.45:254][  0]LogConfig: Setting CVar [[gc.UseDisregardForGCOnDedicatedServers:0]]
[2019.01.27-19.13.45:254][  0]LogConfig: Applying CVar settings from Section [/Script/Engine.NetworkSettings] File [C:/Users/erico/Files/School/year 2/semester 2/Game Engine Design 1/Landscape project/Saved/Config/Windows/Engine.ini]
[2019.01.27-19.13.45:254][  0]LogConfig: Applying CVar settings from Section [/Script/UnrealEd.CookerSettings] File [C:/Users/erico/Files/School/year 2/semester 2/Game Engine Design 1/Landscape project/Saved/Config/Windows/Engine.ini]
[2019.01.27-19.13.45:267][  0]LogConfig: Applying CVar settings from Section [ViewDistanceQuality@3] File [C:/Users/erico/Files/School/year 2/semester 2/Game Engine Design 1/Landscape project/Saved/Config/Windows/Scalability.ini]
[2019.01.27-19.13.45:267][  0]LogConfig: Setting CVar [[r.SkeletalMeshLODBias:0]]
[2019.01.27-19.13.45:267][  0]LogConfig: Setting CVar [[r.ViewDistanceScale:1.0]]
[2019.01.27-19.13.45:267][  0]LogConfig: Applying CVar settings from Section [AntiAliasingQuality@3] File [C:/Users/erico/Files/School/year 2/semester 2/Game Engine Design 1/Landscape project/Saved/Config/Windows/Scalability.ini]
[2019.01.27-19.13.45:267][  0]LogConfig: Setting CVar [[r.PostProcessAAQuality:4]]
[2019.01.27-19.13.45:267][  0]LogConfig: Applying CVar settings from Section [ShadowQuality@3] File [C:/Users/erico/Files/School/year 2/semester 2/Game Engine Design 1/Landscape project/Saved/Config/Windows/Scalability.ini]
[2019.01.27-19.13.45:267][  0]LogConfig: Setting CVar [[r.LightFunctionQuality:1]]
[2019.01.27-19.13.45:267][  0]LogConfig: Setting CVar [[r.ShadowQuality:5]]
[2019.01.27-19.13.45:267][  0]LogConfig: Setting CVar [[r.Shadow.CSM.MaxCascades:10]]
[2019.01.27-19.13.45:267][  0]LogConfig: Setting CVar [[r.Shadow.MaxResolution:2048]]
[2019.01.27-19.13.45:267][  0]LogConfig: Setting CVar [[r.Shadow.MaxCSMResolution:2048]]
[2019.01.27-19.13.45:267][  0]LogConfig: Setting CVar [[r.Shadow.RadiusThreshold:0.01]]
[2019.01.27-19.13.45:267][  0]LogConfig: Setting CVar [[r.Shadow.DistanceScale:1.0]]
[2019.01.27-19.13.45:267][  0]LogConfig: Setting CVar [[r.Shadow.CSM.TransitionScale:1.0]]
[2019.01.27-19.13.45:267][  0]LogConfig: Setting CVar [[r.Shadow.PreShadowResolutionFactor:1.0]]
[2019.01.27-19.13.45:267][  0]LogConfig: Setting CVar [[r.DistanceFieldShadowing:1]]
[2019.01.27-19.13.45:267][  0]LogConfig: Setting CVar [[r.DistanceFieldAO:1]]
[2019.01.27-19.13.45:267][  0]LogConfig: Setting CVar [[r.AOQuality:2]]
[2019.01.27-19.13.45:267][  0]LogConfig: Setting CVar [[r.VolumetricFog:1]]
[2019.01.27-19.13.45:267][  0]LogConfig: Setting CVar [[r.VolumetricFog.GridPixelSize:8]]
[2019.01.27-19.13.45:267][  0]LogConfig: Setting CVar [[r.VolumetricFog.GridSizeZ:128]]
[2019.01.27-19.13.45:267][  0]LogConfig: Setting CVar [[r.VolumetricFog.HistoryMissSupersampleCount:4]]
[2019.01.27-19.13.45:267][  0]LogConfig: Setting CVar [[r.LightMaxDrawDistanceScale:1]]
[2019.01.27-19.13.45:267][  0]LogConfig: Setting CVar [[r.CapsuleShadows:1]]
[2019.01.27-19.13.45:267][  0]LogConfig: Applying CVar settings from Section [PostProcessQuality@3] File [C:/Users/erico/Files/School/year 2/semester 2/Game Engine Design 1/Landscape project/Saved/Config/Windows/Scalability.ini]
[2019.01.27-19.13.45:267][  0]LogConfig: Setting CVar [[r.MotionBlurQuality:4]]
[2019.01.27-19.13.45:267][  0]LogConfig: Setting CVar [[r.AmbientOcclusionMipLevelFactor:0.4]]
[2019.01.27-19.13.45:267][  0]LogConfig: Setting CVar [[r.AmbientOcclusionMaxQuality:100]]
[2019.01.27-19.13.45:267][  0]LogConfig: Setting CVar [[r.AmbientOcclusionLevels:-1]]
[2019.01.27-19.13.45:268][  0]LogConfig: Setting CVar [[r.AmbientOcclusionRadiusScale:1.0]]
[2019.01.27-19.13.45:268][  0]LogConfig: Setting CVar [[r.DepthOfFieldQuality:2]]
[2019.01.27-19.13.45:268][  0]LogConfig: Setting CVar [[r.RenderTargetPoolMin:400]]
[2019.01.27-19.13.45:268][  0]LogConfig: Setting CVar [[r.LensFlareQuality:2]]
[2019.01.27-19.13.45:268][  0]LogConfig: Setting CVar [[r.SceneColorFringeQuality:1]]
[2019.01.27-19.13.45:268][  0]LogConfig: Setting CVar [[r.EyeAdaptationQuality:2]]
[2019.01.27-19.13.45:268][  0]LogConfig: Setting CVar [[r.BloomQuality:5]]
[2019.01.27-19.13.45:268][  0]LogConfig: Setting CVar [[r.FastBlurThreshold:100]]
[2019.01.27-19.13.45:268][  0]LogConfig: Setting CVar [[r.Upscale.Quality:3]]
[2019.01.27-19.13.45:268][  0]LogConfig: Setting CVar [[r.Tonemapper.GrainQuantization:1]]
[2019.01.27-19.13.45:268][  0]LogConfig: Setting CVar [[r.LightShaftQuality:1]]
[2019.01.27-19.13.45:268][  0]LogConfig: Setting CVar [[r.Filter.SizeScale:1]]
[2019.01.27-19.13.45:268][  0]LogConfig: Setting CVar [[r.Tonemapper.Quality:5]]
[2019.01.27-19.13.45:268][  0]LogConfig: Setting CVar [[r.DOF.Gather.AccumulatorQuality:1        ; higher gathering accumulator quality]]
[2019.01.27-19.13.45:268][  0]LogConfig: Setting CVar [[r.DOF.Gather.PostfilterMethod:1          ; Median3x3 postfilering method]]
[2019.01.27-19.13.45:268][  0]LogConfig: Setting CVar [[r.DOF.Gather.EnableBokehSettings:0       ; no bokeh simulation when gathering]]
[2019.01.27-19.13.45:268][  0]LogConfig: Setting CVar [[r.DOF.Gather.RingCount:4                 ; medium number of samples when gathering]]
[2019.01.27-19.13.45:268][  0]LogConfig: Setting CVar [[r.DOF.Scatter.ForegroundCompositing:1    ; additive foreground scattering]]
[2019.01.27-19.13.45:268][  0]LogConfig: Setting CVar [[r.DOF.Scatter.BackgroundCompositing:2    ; additive background scattering]]
[2019.01.27-19.13.45:268][  0]LogConfig: Setting CVar [[r.DOF.Scatter.EnableBokehSettings:1      ; bokeh simulation when scattering]]
[2019.01.27-19.13.45:268][  0]LogConfig: Setting CVar [[r.DOF.Scatter.MaxSpriteRatio:0.1         ; only a maximum of 10% of scattered bokeh]]
[2019.01.27-19.13.45:268][  0]LogConfig: Setting CVar [[r.DOF.Recombine.Quality:1                ; cheap slight out of focus]]
[2019.01.27-19.13.45:268][  0]LogConfig: Setting CVar [[r.DOF.Recombine.EnableBokehSettings:0    ; no bokeh simulation on slight out of focus]]
[2019.01.27-19.13.45:268][  0]LogConfig: Setting CVar [[r.DOF.TemporalAAQuality:1                ; more stable temporal accumulation]]
[2019.01.27-19.13.45:268][  0]LogConfig: Setting CVar [[r.DOF.Kernel.MaxForegroundRadius:0.025]]
[2019.01.27-19.13.45:268][  0]LogConfig: Setting CVar [[r.DOF.Kernel.MaxBackgroundRadius:0.025]]
[2019.01.27-19.13.45:268][  0]LogConfig: Applying CVar settings from Section [TextureQuality@3] File [C:/Users/erico/Files/School/year 2/semester 2/Game Engine Design 1/Landscape project/Saved/Config/Windows/Scalability.ini]
[2019.01.27-19.13.45:268][  0]LogConfig: Setting CVar [[r.Streaming.MipBias:0]]
[2019.01.27-19.13.45:268][  0]LogConfig: Setting CVar [[r.Streaming.AmortizeCPUToGPUCopy:0]]
[2019.01.27-19.13.45:268][  0]LogConfig: Setting CVar [[r.Streaming.MaxNumTexturesToStreamPerFrame:0]]
[2019.01.27-19.13.45:268][  0]LogConfig: Setting CVar [[r.Streaming.Boost:1]]
[2019.01.27-19.13.45:268][  0]LogConfig: Setting CVar [[r.MaxAnisotropy:8]]
[2019.01.27-19.13.45:268][  0]LogConfig: Setting CVar [[r.Streaming.LimitPoolSizeToVRAM:0]]
[2019.01.27-19.13.45:268][  0]LogConfig: Setting CVar [[r.Streaming.PoolSize:1000]]
[2019.01.27-19.13.45:268][  0]LogConfig: Setting CVar [[r.Streaming.MaxEffectiveScreenSize:0]]
[2019.01.27-19.13.45:268][  0]LogConfig: Applying CVar settings from Section [EffectsQuality@3] File [C:/Users/erico/Files/School/year 2/semester 2/Game Engine Design 1/Landscape project/Saved/Config/Windows/Scalability.ini]
[2019.01.27-19.13.45:268][  0]LogConfig: Setting CVar [[r.TranslucencyLightingVolumeDim:64]]
[2019.01.27-19.13.45:268][  0]LogConfig: Setting CVar [[r.RefractionQuality:2]]
[2019.01.27-19.13.45:268][  0]LogConfig: Setting CVar [[r.SSR.Quality:3]]
[2019.01.27-19.13.45:268][  0]LogConfig: Setting CVar [[r.SceneColorFormat:4]]
[2019.01.27-19.13.45:268][  0]LogConfig: Setting CVar [[r.DetailMode:2]]
[2019.01.27-19.13.45:268][  0]LogConfig: Setting CVar [[r.TranslucencyVolumeBlur:1]]
[2019.01.27-19.13.45:268][  0]LogConfig: Setting CVar [[r.MaterialQualityLevel:1 ; High quality]]
[2019.01.27-19.13.45:268][  0]LogConfig: Setting CVar [[r.SSS.Scale:1]]
[2019.01.27-19.13.45:268][  0]LogConfig: Setting CVar [[r.SSS.SampleSet:2]]
[2019.01.27-19.13.45:268][  0]LogConfig: Setting CVar [[r.SSS.Quality:1]]
[2019.01.27-19.13.45:268][  0]LogConfig: Setting CVar [[r.SSS.HalfRes:1]]
[2019.01.27-19.13.45:268][  0]LogConfig: Setting CVar [[r.EmitterSpawnRateScale:1.0]]
[2019.01.27-19.13.45:268][  0]LogConfig: Setting CVar [[r.ParticleLightQuality:2]]
[2019.01.27-19.13.45:268][  0]LogConfig: Applying CVar settings from Section [FoliageQuality@3] File [C:/Users/erico/Files/School/year 2/semester 2/Game Engine Design 1/Landscape project/Saved/Config/Windows/Scalability.ini]
[2019.01.27-19.13.45:268][  0]LogConfig: Setting CVar [[foliage.DensityScale:1.0]]
[2019.01.27-19.13.45:268][  0]LogConfig: Setting CVar [[grass.DensityScale:1.0]]
[2019.01.27-19.13.45:268][  0]LogInit: Selected Device Profile: [Windows]
[2019.01.27-19.13.45:268][  0]LogInit: Applying CVar settings loaded from the selected device profile: [Windows]
[2019.01.27-19.13.45:275][  0]LogHAL: Display: Platform has ~ 16 GB [17114206208 / 17179869184 / 16], which maps to Larger [LargestMinGB=32, LargerMinGB=12, DefaultMinGB=8, SmallerMinGB=6, SmallestMinGB=0)
[2019.01.27-19.13.45:275][  0]LogConfig: Setting CVar [[r.Vulkan.UseRealUBs:1]]
[2019.01.27-19.13.45:275][  0]LogInit: Going up to parent DeviceProfile []
[2019.01.27-19.13.45:275][  0]LogConfig: Applying CVar settings from Section [ViewDistanceQuality@3] File [C:/Users/erico/Files/School/year 2/semester 2/Game Engine Design 1/Landscape project/Saved/Config/Windows/Scalability.ini]
[2019.01.27-19.13.45:275][  0]LogConfig: Setting CVar [[r.SkeletalMeshLODBias:0]]
[2019.01.27-19.13.45:275][  0]LogConfig: Setting CVar [[r.ViewDistanceScale:1.0]]
[2019.01.27-19.13.45:275][  0]LogConfig: Applying CVar settings from Section [AntiAliasingQuality@3] File [C:/Users/erico/Files/School/year 2/semester 2/Game Engine Design 1/Landscape project/Saved/Config/Windows/Scalability.ini]
[2019.01.27-19.13.45:275][  0]LogConfig: Setting CVar [[r.PostProcessAAQuality:4]]
[2019.01.27-19.13.45:275][  0]LogConfig: Applying CVar settings from Section [ShadowQuality@3] File [C:/Users/erico/Files/School/year 2/semester 2/Game Engine Design 1/Landscape project/Saved/Config/Windows/Scalability.ini]
[2019.01.27-19.13.45:275][  0]LogConfig: Setting CVar [[r.LightFunctionQuality:1]]
[2019.01.27-19.13.45:275][  0]LogConfig: Setting CVar [[r.ShadowQuality:5]]
[2019.01.27-19.13.45:275][  0]LogConfig: Setting CVar [[r.Shadow.CSM.MaxCascades:10]]
[2019.01.27-19.13.45:275][  0]LogConfig: Setting CVar [[r.Shadow.MaxResolution:2048]]
[2019.01.27-19.13.45:275][  0]LogConfig: Setting CVar [[r.Shadow.MaxCSMResolution:2048]]
[2019.01.27-19.13.45:276][  0]LogConfig: Setting CVar [[r.Shadow.RadiusThreshold:0.01]]
[2019.01.27-19.13.45:276][  0]LogConfig: Setting CVar [[r.Shadow.DistanceScale:1.0]]
[2019.01.27-19.13.45:276][  0]LogConfig: Setting CVar [[r.Shadow.CSM.TransitionScale:1.0]]
[2019.01.27-19.13.45:276][  0]LogConfig: Setting CVar [[r.Shadow.PreShadowResolutionFactor:1.0]]
[2019.01.27-19.13.45:276][  0]LogConfig: Setting CVar [[r.DistanceFieldShadowing:1]]
[2019.01.27-19.13.45:276][  0]LogConfig: Setting CVar [[r.DistanceFieldAO:1]]
[2019.01.27-19.13.45:276][  0]LogConfig: Setting CVar [[r.AOQuality:2]]
[2019.01.27-19.13.45:276][  0]LogConfig: Setting CVar [[r.VolumetricFog:1]]
[2019.01.27-19.13.45:276][  0]LogConfig: Setting CVar [[r.VolumetricFog.GridPixelSize:8]]
[2019.01.27-19.13.45:276][  0]LogConfig: Setting CVar [[r.VolumetricFog.GridSizeZ:128]]
[2019.01.27-19.13.45:276][  0]LogConfig: Setting CVar [[r.VolumetricFog.HistoryMissSupersampleCount:4]]
[2019.01.27-19.13.45:276][  0]LogConfig: Setting CVar [[r.LightMaxDrawDistanceScale:1]]
[2019.01.27-19.13.45:276][  0]LogConfig: Setting CVar [[r.CapsuleShadows:1]]
[2019.01.27-19.13.45:276][  0]LogConfig: Applying CVar settings from Section [PostProcessQuality@3] File [C:/Users/erico/Files/School/year 2/semester 2/Game Engine Design 1/Landscape project/Saved/Config/Windows/Scalability.ini]
[2019.01.27-19.13.45:276][  0]LogConfig: Setting CVar [[r.MotionBlurQuality:4]]
[2019.01.27-19.13.45:276][  0]LogConfig: Setting CVar [[r.AmbientOcclusionMipLevelFactor:0.4]]
[2019.01.27-19.13.45:276][  0]LogConfig: Setting CVar [[r.AmbientOcclusionMaxQuality:100]]
[2019.01.27-19.13.45:276][  0]LogConfig: Setting CVar [[r.AmbientOcclusionLevels:-1]]
[2019.01.27-19.13.45:276][  0]LogConfig: Setting CVar [[r.AmbientOcclusionRadiusScale:1.0]]
[2019.01.27-19.13.45:276][  0]LogConfig: Setting CVar [[r.DepthOfFieldQuality:2]]
[2019.01.27-19.13.45:276][  0]LogConfig: Setting CVar [[r.RenderTargetPoolMin:400]]
[2019.01.27-19.13.45:276][  0]LogConfig: Setting CVar [[r.LensFlareQuality:2]]
[2019.01.27-19.13.45:276][  0]LogConfig: Setting CVar [[r.SceneColorFringeQuality:1]]
[2019.01.27-19.13.45:276][  0]LogConfig: Setting CVar [[r.EyeAdaptationQuality:2]]
[2019.01.27-19.13.45:276][  0]LogConfig: Setting CVar [[r.BloomQuality:5]]
[2019.01.27-19.13.45:276][  0]LogConfig: Setting CVar [[r.FastBlurThreshold:100]]
[2019.01.27-19.13.45:276][  0]LogConfig: Setting CVar [[r.Upscale.Quality:3]]
[2019.01.27-19.13.45:276][  0]LogConfig: Setting CVar [[r.Tonemapper.GrainQuantization:1]]
[2019.01.27-19.13.45:276][  0]LogConfig: Setting CVar [[r.LightShaftQuality:1]]
[2019.01.27-19.13.45:276][  0]LogConfig: Setting CVar [[r.Filter.SizeScale:1]]
[2019.01.27-19.13.45:276][  0]LogConfig: Setting CVar [[r.Tonemapper.Quality:5]]
[2019.01.27-19.13.45:276][  0]LogConfig: Setting CVar [[r.DOF.Gather.AccumulatorQuality:1        ; higher gathering accumulator quality]]
[2019.01.27-19.13.45:276][  0]LogConfig: Setting CVar [[r.DOF.Gather.PostfilterMethod:1          ; Median3x3 postfilering method]]
[2019.01.27-19.13.45:276][  0]LogConfig: Setting CVar [[r.DOF.Gather.EnableBokehSettings:0       ; no bokeh simulation when gathering]]
[2019.01.27-19.13.45:276][  0]LogConfig: Setting CVar [[r.DOF.Gather.RingCount:4                 ; medium number of samples when gathering]]
[2019.01.27-19.13.45:276][  0]LogConfig: Setting CVar [[r.DOF.Scatter.ForegroundCompositing:1    ; additive foreground scattering]]
[2019.01.27-19.13.45:276][  0]LogConfig: Setting CVar [[r.DOF.Scatter.BackgroundCompositing:2    ; additive background scattering]]
[2019.01.27-19.13.45:276][  0]LogConfig: Setting CVar [[r.DOF.Scatter.EnableBokehSettings:1      ; bokeh simulation when scattering]]
[2019.01.27-19.13.45:276][  0]LogConfig: Setting CVar [[r.DOF.Scatter.MaxSpriteRatio:0.1         ; only a maximum of 10% of scattered bokeh]]
[2019.01.27-19.13.45:276][  0]LogConfig: Setting CVar [[r.DOF.Recombine.Quality:1                ; cheap slight out of focus]]
[2019.01.27-19.13.45:276][  0]LogConfig: Setting CVar [[r.DOF.Recombine.EnableBokehSettings:0    ; no bokeh simulation on slight out of focus]]
[2019.01.27-19.13.45:276][  0]LogConfig: Setting CVar [[r.DOF.TemporalAAQuality:1                ; more stable temporal accumulation]]
[2019.01.27-19.13.45:276][  0]LogConfig: Setting CVar [[r.DOF.Kernel.MaxForegroundRadius:0.025]]
[2019.01.27-19.13.45:276][  0]LogConfig: Setting CVar [[r.DOF.Kernel.MaxBackgroundRadius:0.025]]
[2019.01.27-19.13.45:276][  0]LogConfig: Applying CVar settings from Section [TextureQuality@3] File [C:/Users/erico/Files/School/year 2/semester 2/Game Engine Design 1/Landscape project/Saved/Config/Windows/Scalability.ini]
[2019.01.27-19.13.45:276][  0]LogConfig: Setting CVar [[r.Streaming.MipBias:0]]
[2019.01.27-19.13.45:276][  0]LogConfig: Setting CVar [[r.Streaming.AmortizeCPUToGPUCopy:0]]
[2019.01.27-19.13.45:276][  0]LogConfig: Setting CVar [[r.Streaming.MaxNumTexturesToStreamPerFrame:0]]
[2019.01.27-19.13.45:276][  0]LogConfig: Setting CVar [[r.Streaming.Boost:1]]
[2019.01.27-19.13.45:276][  0]LogConfig: Setting CVar [[r.MaxAnisotropy:8]]
[2019.01.27-19.13.45:276][  0]LogConfig: Setting CVar [[r.Streaming.LimitPoolSizeToVRAM:0]]
[2019.01.27-19.13.45:276][  0]LogConfig: Setting CVar [[r.Streaming.PoolSize:1000]]
[2019.01.27-19.13.45:276][  0]LogConfig: Setting CVar [[r.Streaming.MaxEffectiveScreenSize:0]]
[2019.01.27-19.13.45:276][  0]LogConfig: Applying CVar settings from Section [EffectsQuality@3] File [C:/Users/erico/Files/School/year 2/semester 2/Game Engine Design 1/Landscape project/Saved/Config/Windows/Scalability.ini]
[2019.01.27-19.13.45:276][  0]LogConfig: Setting CVar [[r.TranslucencyLightingVolumeDim:64]]
[2019.01.27-19.13.45:276][  0]LogConfig: Setting CVar [[r.RefractionQuality:2]]
[2019.01.27-19.13.45:276][  0]LogConfig: Setting CVar [[r.SSR.Quality:3]]
[2019.01.27-19.13.45:276][  0]LogConfig: Setting CVar [[r.SceneColorFormat:4]]
[2019.01.27-19.13.45:276][  0]LogConfig: Setting CVar [[r.DetailMode:2]]
[2019.01.27-19.13.45:276][  0]LogConfig: Setting CVar [[r.TranslucencyVolumeBlur:1]]
[2019.01.27-19.13.45:276][  0]LogConfig: Setting CVar [[r.MaterialQualityLevel:1 ; High quality]]
[2019.01.27-19.13.45:276][  0]LogConfig: Setting CVar [[r.SSS.Scale:1]]
[2019.01.27-19.13.45:276][  0]LogConfig: Setting CVar [[r.SSS.SampleSet:2]]
[2019.01.27-19.13.45:276][  0]LogConfig: Setting CVar [[r.SSS.Quality:1]]
[2019.01.27-19.13.45:276][  0]LogConfig: Setting CVar [[r.SSS.HalfRes:1]]
[2019.01.27-19.13.45:276][  0]LogConfig: Setting CVar [[r.EmitterSpawnRateScale:1.0]]
[2019.01.27-19.13.45:276][  0]LogConfig: Setting CVar [[r.ParticleLightQuality:2]]
[2019.01.27-19.13.45:276][  0]LogConfig: Applying CVar settings from Section [FoliageQuality@3] File [C:/Users/erico/Files/School/year 2/semester 2/Game Engine Design 1/Landscape project/Saved/Config/Windows/Scalability.ini]
[2019.01.27-19.13.45:276][  0]LogConfig: Setting CVar [[foliage.DensityScale:1.0]]
[2019.01.27-19.13.45:276][  0]LogConfig: Setting CVar [[grass.DensityScale:1.0]]
[2019.01.27-19.13.45:276][  0]LogConfig: Applying CVar settings from Section [Startup] File [../../../Engine/Config/ConsoleVariables.ini]
[2019.01.27-19.13.45:277][  0]LogConfig: Setting CVar [[net.UseAdaptiveNetUpdateFrequency:0]]
[2019.01.27-19.13.45:277][  0]LogConfig: Applying CVar settings from Section [ConsoleVariables] File [C:/Users/erico/Files/School/year 2/semester 2/Game Engine Design 1/Landscape project/Saved/Config/Windows/Engine.ini]
[2019.01.27-19.13.45:277][  0]LogInit: Computer: ELECTROSHOCKIST
[2019.01.27-19.13.45:277][  0]LogInit: User: erico
[2019.01.27-19.13.45:277][  0]LogInit: CPU Page size=4096, Cores=4
[2019.01.27-19.13.45:277][  0]LogInit: High frequency timer resolution =3.423909 MHz
[2019.01.27-19.13.45:277][  0]LogMemory: Memory total: Physical=15.9GB (16GB approx)
[2019.01.27-19.13.45:277][  0]LogMemory: Platform Memory Stats for Windows
[2019.01.27-19.13.45:277][  0]LogMemory: Process Physical Memory: 102.70 MB used, 102.70 MB peak
[2019.01.27-19.13.45:277][  0]LogMemory: Process Virtual Memory: 85.13 MB used, 85.13 MB peak
[2019.01.27-19.13.45:277][  0]LogMemory: Physical Memory: 6264.28 MB used,  10057.10 MB free, 16321.38 MB total
[2019.01.27-19.13.45:277][  0]LogMemory: Virtual Memory: 4634.19 MB used,  134213096.00 MB free, 134217728.00 MB total
[2019.01.27-19.13.45:302][  0]LogInit: Using OS detected language (en-US).
[2019.01.27-19.13.45:302][  0]LogInit: Using OS detected locale (en-US).
[2019.01.27-19.13.45:303][  0]LogTextLocalizationManager: No specific localization for 'en-US' exists, so the 'en' localization will be used.
[2019.01.27-19.13.45:683][  0]LogStreaming: Display: Took  0.381s to InitEngineTextLocalization.
[2019.01.27-19.13.45:683][  0]LogInit: Setting process to per monitor DPI aware
[2019.01.27-19.13.45:713][  0]LogSlate: New Slate User Created.  User Index 0, Is Virtual User: 0
[2019.01.27-19.13.45:713][  0]LogSlate: Slate User Registered.  User Index 0, Is Virtual User: 0
[2019.01.27-19.13.45:866][  0]LogHMD: Failed to initialize OpenVR with code 110
[2019.01.27-19.13.45:866][  0]LogD3D11RHI: D3D11 adapters:
[2019.01.27-19.13.45:923][  0]LogD3D11RHI:    0. 'NVIDIA GeForce GTX 970' (Feature Level 11_0)
[2019.01.27-19.13.45:923][  0]LogD3D11RHI:       4043/0/8160 MB DedicatedVideo/DedicatedSystem/SharedSystem, Outputs:2, VendorId:0x10de
[2019.01.27-19.13.45:926][  0]LogD3D11RHI:    1. 'Microsoft Basic Render Driver' (Feature Level 11_0)
[2019.01.27-19.13.45:926][  0]LogD3D11RHI:       0/0/8160 MB DedicatedVideo/DedicatedSystem/SharedSystem, Outputs:0, VendorId:0x1414
[2019.01.27-19.13.45:926][  0]LogD3D11RHI: Chosen D3D11 Adapter: 0
[2019.01.27-19.13.45:934][  0]LogD3D11RHI: Creating new Direct3DDevice
[2019.01.27-19.13.45:934][  0]LogD3D11RHI:     GPU DeviceId: 0x13c2 (for the marketing name, search the web for "GPU Device Id")
[2019.01.27-19.13.45:934][  0]LogWindows: EnumDisplayDevices:
[2019.01.27-19.13.45:934][  0]LogWindows:    0. 'NVIDIA GeForce GTX 970' (P:1 D:1)
[2019.01.27-19.13.45:935][  0]LogWindows:    1. 'NVIDIA GeForce GTX 970' (P:0 D:1)
[2019.01.27-19.13.45:935][  0]LogWindows:    2. 'NVIDIA GeForce GTX 970' (P:0 D:0)
[2019.01.27-19.13.45:935][  0]LogWindows:    3. 'NVIDIA GeForce GTX 970' (P:0 D:0)
[2019.01.27-19.13.45:935][  0]LogWindows: DebugString: FoundDriverCount:4 
[2019.01.27-19.13.45:935][  0]LogD3D11RHI:     Adapter Name: NVIDIA GeForce GTX 970
[2019.01.27-19.13.45:935][  0]LogD3D11RHI:   Driver Version: 417.71 (internal:25.21.14.1771, unified:417.71)
[2019.01.27-19.13.45:935][  0]LogD3D11RHI:      Driver Date: 1-11-2019
[2019.01.27-19.13.45:935][  0]LogRHI: Texture pool is 2830 MB (70% of 4043 MB)
[2019.01.27-19.13.45:973][  0]LogD3D11RHI: Async texture creation enabled
[2019.01.27-19.13.45:995][  0]LogD3D11RHI: GPU Timing Frequency: 1000.000000 (Debug: 2 2)
[2019.01.27-19.13.46:312][  0]LogTemp: Display: Loaded TP AllDesktopTargetPlatform
[2019.01.27-19.13.46:324][  0]LogTemp: Display: Loaded TP MacClientTargetPlatform
[2019.01.27-19.13.46:337][  0]LogTemp: Display: Loaded TP MacNoEditorTargetPlatform
[2019.01.27-19.13.46:349][  0]LogTemp: Display: Loaded TP MacServerTargetPlatform
[2019.01.27-19.13.46:362][  0]LogTemp: Display: Loaded TP MacTargetPlatform
[2019.01.27-19.13.46:375][  0]LogTemp: Display: Loaded TP WindowsClientTargetPlatform
[2019.01.27-19.13.46:387][  0]LogTemp: Display: Loaded TP WindowsNoEditorTargetPlatform
[2019.01.27-19.13.46:400][  0]LogTemp: Display: Loaded TP WindowsServerTargetPlatform
[2019.01.27-19.13.46:406][  0]LogTemp: Display: Loaded TP WindowsTargetPlatform
[2019.01.27-19.13.46:477][  0]LogTemp: Display: Loaded TP AndroidTargetPlatform
[2019.01.27-19.13.46:477][  0]LogTemp: Display: Loaded TP AndroidTargetPlatform
[2019.01.27-19.13.46:477][  0]LogTemp: Display: Loaded TP AndroidTargetPlatform
[2019.01.27-19.13.46:477][  0]LogTemp: Display: Loaded TP AndroidTargetPlatform
[2019.01.27-19.13.46:477][  0]LogTemp: Display: Loaded TP AndroidTargetPlatform
[2019.01.27-19.13.46:477][  0]LogTemp: Display: Loaded TP AndroidTargetPlatform
[2019.01.27-19.13.46:477][  0]LogTemp: Display: Loaded TP AndroidTargetPlatform
[2019.01.27-19.13.46:477][  0]LogTemp: Display: Loaded TP AndroidTargetPlatform
[2019.01.27-19.13.46:477][  0]LogTemp: Display: Loaded TP AndroidTargetPlatform
[2019.01.27-19.13.46:477][  0]LogTemp: Display: Loaded TP AndroidTargetPlatform
[2019.01.27-19.13.46:477][  0]LogTemp: Display: Loaded TP AndroidTargetPlatform
[2019.01.27-19.13.46:477][  0]LogTemp: Display: Loaded TP AndroidTargetPlatform
[2019.01.27-19.13.46:477][  0]LogTemp: Display: Loaded TP AndroidTargetPlatform
[2019.01.27-19.13.46:477][  0]LogTemp: Display: Loaded TP AndroidTargetPlatform
[2019.01.27-19.13.46:477][  0]LogTemp: Display: Loaded TP AndroidTargetPlatform
[2019.01.27-19.13.46:477][  0]LogTemp: Display: Loaded TP AndroidTargetPlatform
[2019.01.27-19.13.46:477][  0]LogTemp: Display: Loaded TP AndroidTargetPlatform
[2019.01.27-19.13.46:477][  0]LogTemp: Display: Loaded TP AndroidTargetPlatform
[2019.01.27-19.13.46:479][  0]LogTemp: Display: Loaded TP HTML5TargetPlatform
[2019.01.27-19.13.46:537][  0]LogTemp: Display: Loaded TP IOSTargetPlatform
[2019.01.27-19.13.46:537][  0]LogTemp: Display: Loaded TP IOSTargetPlatform
[2019.01.27-19.13.46:558][  0]LogTemp: Display: Loaded TP TVOSTargetPlatform
[2019.01.27-19.13.46:558][  0]LogTemp: Display: Loaded TP TVOSTargetPlatform
[2019.01.27-19.13.46:569][  0]LogTemp: Display: Loaded TP LinuxClientTargetPlatform
[2019.01.27-19.13.46:580][  0]LogTemp: Display: Loaded TP LinuxNoEditorTargetPlatform
[2019.01.27-19.13.46:591][  0]LogTemp: Display: Loaded TP LinuxServerTargetPlatform
[2019.01.27-19.13.46:603][  0]LogTemp: Display: Loaded TP LinuxTargetPlatform
[2019.01.27-19.13.46:643][  0]LogTemp: Display: Loaded TP LuminTargetPlatform
[2019.01.27-19.13.46:643][  0]LogTemp: Display: Loaded TP LuminTargetPlatform
[2019.01.27-19.13.46:643][  0]LogTargetPlatformManager: Display: Building Assets For Windows
[2019.01.27-19.13.46:714][  0]LogShaderCompilers: Guid format shader working directory is -54 characters bigger than the processId version (../../../../../../Users/erico/Files/School/year 2/semester 2/Game Engine Design 1/Landscape project/Intermediate/Shaders/WorkingDirectory/10656/).
[2019.01.27-19.13.46:714][  0]LogShaderCompilers: Cleaned the shader compiler working directory 'C:/Users/erico/AppData/Local/Temp/UnrealShaderWorkingDir/4E3E7082413C07BD4B2314A5BFA33988/'.
[2019.01.27-19.13.46:717][  0]LogXGEController: Cleaning working directory: C:/Users/erico/AppData/Local/Temp/UnrealXGEWorkingDir/
[2019.01.27-19.13.46:717][  0]LogXGEController: Cannot use XGE Controller as Incredibuild is not installed on this machine.
[2019.01.27-19.13.46:717][  0]LogShaderCompilers: Cannot use XGE Shader Compiler as Incredibuild is not installed on this machine.
[2019.01.27-19.13.46:718][  0]LogShaderCompilers: Display: Using Local Shader Compiler.
[2019.01.27-19.13.47:182][  0]LogDerivedDataCache: Display: Max Cache Size: 512 MB
[2019.01.27-19.13.47:251][  0]LogDerivedDataCache: Loaded boot cache 0.07s 71MB C:/Users/erico/AppData/Local/UnrealEngine/4.21/DerivedDataCache/Boot.ddc.
[2019.01.27-19.13.47:251][  0]LogDerivedDataCache: Display: Loaded Boot cache: C:/Users/erico/AppData/Local/UnrealEngine/4.21/DerivedDataCache/Boot.ddc
[2019.01.27-19.13.47:251][  0]LogDerivedDataCache: FDerivedDataBackendGraph:  Pak pak cache file ../../../../../../Users/erico/Files/School/year 2/semester 2/Game Engine Design 1/Landscape project/DerivedDataCache/DDC.ddp not found, will not use a pak cache.
[2019.01.27-19.13.47:251][  0]LogDerivedDataCache: Unable to find inner node Pak for hierarchical cache Hierarchy.
[2019.01.27-19.13.47:251][  0]LogDerivedDataCache: FDerivedDataBackendGraph:  CompressedPak pak cache file ../../../../../../Users/erico/Files/School/year 2/semester 2/Game Engine Design 1/Landscape project/DerivedDataCache/Compressed.ddp not found, will not use a pak cache.
[2019.01.27-19.13.47:251][  0]LogDerivedDataCache: Unable to find inner node CompressedPak for hierarchical cache Hierarchy.
[2019.01.27-19.13.47:262][  0]LogDerivedDataCache: Display: Pak cache opened for reading ../../../Engine/DerivedDataCache/Compressed.ddp.
[2019.01.27-19.13.47:263][  0]LogDerivedDataCache: FDerivedDataBackendGraph:  EnterprisePak pak cache file ../../../Enterprise/DerivedDataCache/Compressed.ddp not found, will not use a pak cache.
[2019.01.27-19.13.47:263][  0]LogDerivedDataCache: Unable to find inner node EnterprisePak for hierarchical cache Hierarchy.
[2019.01.27-19.13.47:275][  0]LogDerivedDataCache: Using Local data cache path C:/Users/erico/AppData/Local/UnrealEngine/Common/DerivedDataCache: Writable
[2019.01.27-19.13.47:275][  0]LogDerivedDataCache: Shared data cache path not found in *engine.ini, will not use an Shared cache.
[2019.01.27-19.13.47:275][  0]LogDerivedDataCache: Unable to find inner node Shared for hierarchical cache Hierarchy.
[2019.01.27-19.13.47:296][  0]LogMaterial: Verifying Global Shaders for PCD3D_SM5
[2019.01.27-19.13.47:297][  0]LogSlate: Using FreeType 2.6.0
[2019.01.27-19.13.47:297][  0]LogSlate: SlateFontServices - WITH_FREETYPE: 1, WITH_HARFBUZZ: 1
[2019.01.27-19.13.47:376][  0]LogAssetRegistry: FAssetRegistry took 0.0317 seconds to start up
[2019.01.27-19.13.47:666][  0]LogInit: Selected Device Profile: [Windows]
[2019.01.27-19.13.47:810][  0]LogSimplygon: Simplygon DLL not present - disabling.
[2019.01.27-19.13.47:815][  0]LogMeshReduction: Using SimplygonSwarm for distributed automatic mesh merging
[2019.01.27-19.13.47:815][  0]LogMeshReduction: Using ProxyLODMeshReduction for automatic mesh merging
[2019.01.27-19.13.47:815][  0]LogMeshReduction: Using QuadricMeshReduction for automatic static mesh reduction
[2019.01.27-19.13.47:815][  0]LogMeshReduction: No automatic skeletal mesh reduction module available
[2019.01.27-19.13.47:828][  0]LogNetVersion: LandsacpeProject 1.0.0, NetCL: 4541578, EngineNetVer: 5, GameNetVer: 0 (Checksum: 4048471437)
[2019.01.27-19.13.48:271][  0]LogPackageLocalizationCache: Processed 11 localized package path(s) for 2 prioritized culture(s) in 0.056339 seconds
[2019.01.27-19.13.48:277][  0]LogUObjectArray: 39775 objects as part of root set at end of initial load.
[2019.01.27-19.13.48:277][  0]LogUObjectAllocator: 6914656 out of 0 bytes used by permanent object pool.
[2019.01.27-19.13.48:277][  0]LogUObjectArray: CloseDisregardForGC: 0/0 objects in disregard for GC pool
[2019.01.27-19.13.49:037][  0]LogTcpMessaging: Initializing TcpMessaging bridge
[2019.01.27-19.13.49:050][  0]LogUdpMessaging: Initializing bridge on interface 0.0.0.0:0 to multicast group 230.0.0.1:6666.
[2019.01.27-19.13.49:617][  0]SourceControl: Source control is disabled
[2019.01.27-19.13.49:617][  0]SourceControl: Source control is disabled
[2019.01.27-19.13.49:619][  0]SourceControl: Source control is disabled
[2019.01.27-19.13.49:620][  0]SourceControl: Source control is disabled
[2019.01.27-19.13.49:788][  0]LogAndroidPermission: UAndroidPermissionCallbackProxy::GetInstance
[2019.01.27-19.13.50:054][  0]LogOcInput: OculusInput pre-init called
[2019.01.27-19.13.50:188][  0]LogEngine: Initializing Engine...
[2019.01.27-19.13.50:189][  0]LogHMD: Failed to initialize OpenVR with code 110
[2019.01.27-19.13.50:190][  0]LogStats: UGameplayTagsManager::ConstructGameplayTagTree: ImportINI prefixes -  0.000 s
[2019.01.27-19.13.50:190][  0]LogStats: UGameplayTagsManager::ConstructGameplayTagTree: Construct from data asset -  0.000 s
[2019.01.27-19.13.50:190][  0]LogStats: UGameplayTagsManager::ConstructGameplayTagTree: ImportINI -  0.000 s
[2019.01.27-19.13.50:190][  0]LogStats: UGameplayTagsManager::ConstructGameplayTagTree: GameplayTagTreeChangedEvent.Broadcast -  0.000 s
[2019.01.27-19.13.50:394][  0]LogInit: Initializing FReadOnlyCVARCache
[2019.01.27-19.13.50:410][  0]LogAIModule: Creating AISystem for world Untitled
[2019.01.27-19.13.50:495][  0]LogInit: XAudio2 using 'Speakers (Logitech G433 Gaming Headset)' : 6 channels at 48 kHz using 16 bits per sample (channel mask 0x3f)
[2019.01.27-19.13.50:519][  0]LogInit: FAudioDevice initialized.
[2019.01.27-19.13.50:520][  0]LogNetVersion: Set ProjectVersion to 1.0.0.0. Version Checksum will be recalculated on next use.
[2019.01.27-19.13.50:823][  0]LogDerivedDataCache: Saved boot cache 0.30s 71MB C:/Users/erico/AppData/Local/UnrealEngine/4.21/DerivedDataCache/Boot.ddc.
[2019.01.27-19.13.50:833][  0]LogInit: Texture streaming: Enabled
[2019.01.27-19.13.50:876][  0]LogEngineSessionManager: EngineSessionManager initialized
[2019.01.27-19.13.50:876][  0]LogEngineSessionManager: EngineSessionManager sent abnormal shutdown report. Type=AbnormalShutdown, SessionId={2172ABDD-4578-39BB-C105-ACA20841DD42}
[2019.01.27-19.13.50:892][  0]LogInit: Transaction tracking system initialized
[2019.01.27-19.13.50:923][  0]BlueprintLog: New page: Editor Load
[2019.01.27-19.13.51:017][  0]LocalizationService: Localization service is disabled
[2019.01.27-19.13.51:450][  0]LogFileCache: Scanning file cache for directory 'C:/Users/erico/Files/School/year 2/semester 2/Game Engine Design 1/Landscape project/Content/' took 0.02s
[2019.01.27-19.13.51:450][  0]LogCook: Display: Max memory allowance for cook 16384mb min free memory 0mb
[2019.01.27-19.13.51:450][  0]LogCook: Display: Mobile HDR setting 1
[2019.01.27-19.13.51:450][  0]LogGameplayTags: Display: UGameplayTagsManager::DoneAddingNativeTags. DelegateIsBound: 0
[2019.01.27-19.13.51:450][  0]LogStats: UGameplayTagsManager::ConstructGameplayTagTree: ImportINI prefixes -  0.000 s
[2019.01.27-19.13.51:450][  0]LogStats: UGameplayTagsManager::ConstructGameplayTagTree: Construct from data asset -  0.000 s
[2019.01.27-19.13.51:450][  0]LogStats: UGameplayTagsManager::ConstructGameplayTagTree: ImportINI -  0.000 s
[2019.01.27-19.13.51:450][  0]LogStats: UGameplayTagsManager::ConstructGameplayTagTree: GameplayTagTreeChangedEvent.Broadcast -  0.000 s
[2019.01.27-19.13.51:582][  0]SourceControl: Source control is disabled
[2019.01.27-19.13.51:582][  0]LightingResults: New page: Lighting Build
[2019.01.27-19.13.51:586][  0]MapCheck: New page: Map Check
[2019.01.27-19.13.51:586][  0]LightingResults: New page: Lighting Build
[2019.01.27-19.13.51:962][  0]LogAIModule: Creating AISystem for world ThirdPersonExampleMap
[2019.01.27-19.13.52:037][  0]LogEditorServer: Finished looking for orphan Actors (0.000 secs)
[2019.01.27-19.13.52:056][  0]Cmd: MAP CHECKDEP NOCLEARLOG
[2019.01.27-19.13.52:056][  0]MapCheck: Map check complete: 0 Error(s), 0 Warning(s), took 0.155ms to complete.
[2019.01.27-19.13.52:056][  0]LogFileHelpers: Loading map 'ThirdPersonExampleMap' took 0.475
[2019.01.27-19.13.52:185][  0]LogSlate: Updating window title bar state: overlay mode, drag disabled, window buttons hidden, title bar hidden
[2019.01.27-19.13.52:192][  0]LogSlate: Updating window title bar state: overlay mode, drag disabled, window buttons hidden, title bar hidden
[2019.01.27-19.13.52:198][  0]LogSlate: Updating window title bar state: overlay mode, drag disabled, window buttons hidden, title bar hidden
[2019.01.27-19.13.52:205][  0]LogSlate: Updating window title bar state: overlay mode, drag disabled, window buttons hidden, title bar hidden
[2019.01.27-19.13.52:213][  0]LogCollectionManager: Loaded 0 collections in 0.002768 seconds
[2019.01.27-19.13.52:232][  0]LogFileCache: Scanning file cache for directory 'C:/Users/erico/Files/School/year 2/semester 2/Game Engine Design 1/Landscape project/Saved/Collections/' took 0.01s
[2019.01.27-19.13.52:232][  0]LogFileCache: Scanning file cache for directory 'C:/Users/erico/Files/School/year 2/semester 2/Game Engine Design 1/Landscape project/Content/Developers/erico/Collections/' took 0.00s
[2019.01.27-19.13.52:232][  0]LogFileCache: Scanning file cache for directory 'C:/Users/erico/Files/School/year 2/semester 2/Game Engine Design 1/Landscape project/Content/Collections/' took 0.00s
[2019.01.27-19.13.52:232][  0]LogCollectionManager: Rebuilt the GUID cache for 0 collections in 0.000000 seconds
[2019.01.27-19.13.52:241][  0]LogContentBrowser: Native class hierarchy populated in 0.0088 seconds. Added 2651 classes and 620 folders.
[2019.01.27-19.13.52:249][  0]LogContentBrowser: Native class hierarchy updated for 'WidgetCarousel' in 0.0003 seconds. Added 0 classes and 0 folders.
[2019.01.27-19.13.52:251][  0]LogPakFile: Registered encryption key '00000000000000000000000000000000': 0 pak files mounted, 0 remain pending
[2019.01.27-19.13.52:251][  0]LogPakFile: Registered encryption key '00000000000000000000000000000000': 0 pak files mounted, 0 remain pending
[2019.01.27-19.13.52:252][  0]LogPakFile: Registered encryption key '00000000000000000000000000000000': 0 pak files mounted, 0 remain pending
[2019.01.27-19.13.52:252][  0]LogPakFile: Registered encryption key '00000000000000000000000000000000': 0 pak files mounted, 0 remain pending
[2019.01.27-19.13.52:253][  0]LogPakFile: Registered encryption key '00000000000000000000000000000000': 0 pak files mounted, 0 remain pending
[2019.01.27-19.13.52:253][  0]LogPakFile: Registered encryption key '00000000000000000000000000000000': 0 pak files mounted, 0 remain pending
[2019.01.27-19.13.52:253][  0]LogPakFile: Registered encryption key '00000000000000000000000000000000': 0 pak files mounted, 0 remain pending
[2019.01.27-19.13.52:254][  0]LogPakFile: Registered encryption key '00000000000000000000000000000000': 0 pak files mounted, 0 remain pending
[2019.01.27-19.13.52:255][  0]LogPakFile: Registered encryption key '00000000000000000000000000000000': 0 pak files mounted, 0 remain pending
[2019.01.27-19.13.52:255][  0]LogPakFile: Registered encryption key '00000000000000000000000000000000': 0 pak files mounted, 0 remain pending
[2019.01.27-19.13.52:255][  0]LogPakFile: Registered encryption key '00000000000000000000000000000000': 0 pak files mounted, 0 remain pending
[2019.01.27-19.13.52:256][  0]LogPakFile: Registered encryption key '00000000000000000000000000000000': 0 pak files mounted, 0 remain pending
[2019.01.27-19.13.52:256][  0]LogPakFile: Registered encryption key '00000000000000000000000000000000': 0 pak files mounted, 0 remain pending
[2019.01.27-19.13.52:257][  0]LogPakFile: Registered encryption key '00000000000000000000000000000000': 0 pak files mounted, 0 remain pending
[2019.01.27-19.13.52:257][  0]LogPakFile: Registered encryption key '00000000000000000000000000000000': 0 pak files mounted, 0 remain pending
[2019.01.27-19.13.52:258][  0]LogPakFile: Registered encryption key '00000000000000000000000000000000': 0 pak files mounted, 0 remain pending
[2019.01.27-19.13.52:258][  0]LogPakFile: Registered encryption key '00000000000000000000000000000000': 0 pak files mounted, 0 remain pending
[2019.01.27-19.13.52:258][  0]LogPakFile: Registered encryption key '00000000000000000000000000000000': 0 pak files mounted, 0 remain pending
[2019.01.27-19.13.52:259][  0]LogPakFile: Registered encryption key '00000000000000000000000000000000': 0 pak files mounted, 0 remain pending
[2019.01.27-19.13.52:259][  0]LogPakFile: Registered encryption key '00000000000000000000000000000000': 0 pak files mounted, 0 remain pending
[2019.01.27-19.13.52:260][  0]LogPakFile: Registered encryption key '00000000000000000000000000000000': 0 pak files mounted, 0 remain pending
[2019.01.27-19.13.52:260][  0]LogPakFile: Registered encryption key '00000000000000000000000000000000': 0 pak files mounted, 0 remain pending
[2019.01.27-19.13.52:260][  0]LogPakFile: Registered encryption key '00000000000000000000000000000000': 0 pak files mounted, 0 remain pending
[2019.01.27-19.13.52:261][  0]LogPakFile: Registered encryption key '00000000000000000000000000000000': 0 pak files mounted, 0 remain pending
[2019.01.27-19.13.52:261][  0]LogPakFile: Registered encryption key '00000000000000000000000000000000': 0 pak files mounted, 0 remain pending
[2019.01.27-19.13.52:262][  0]LogPakFile: Registered encryption key '00000000000000000000000000000000': 0 pak files mounted, 0 remain pending
[2019.01.27-19.13.52:301][  0]LogContentBrowser: Native class hierarchy updated for 'AddContentDialog' in 0.0003 seconds. Added 0 classes and 0 folders.
[2019.01.27-19.13.52:307][  0]LogContentBrowser: Native class hierarchy updated for 'SceneOutliner' in 0.0003 seconds. Added 1 classes and 2 folders.
[2019.01.27-19.13.52:322][  0]LogSlate: Took 0.000152 seconds to synchronously load lazily loaded font '../../../Engine/Content/Slate/Fonts/Roboto-Regular.ttf' (155K)
[2019.01.27-19.13.52:324][  0]LogSlate: Took 0.000124 seconds to synchronously load lazily loaded font '../../../Engine/Content/Slate/Fonts/Roboto-Bold.ttf' (160K)
[2019.01.27-19.13.52:328][  0]LogSlate: Took 0.000205 seconds to synchronously load lazily loaded font '../../../Engine/Content/Editor/Slate/Fonts/FontAwesome.ttf' (139K)
[2019.01.27-19.13.52:403][  0]LogRenderer: Reallocating scene render targets to support 1616x808 Format 10 NumSamples 1 (Frame:1).
[2019.01.27-19.13.52:536][  0]LogContentBrowser: Native class hierarchy updated for 'HierarchicalLODOutliner' in 0.0003 seconds. Added 0 classes and 0 folders.
[2019.01.27-19.13.52:536][  0]LogLoad: (Engine Initialization) Total time: 8.96 seconds
[2019.01.27-19.13.52:536][  0]LogLoad: (Engine Initialization) Total Blueprint compile time: 0.00 seconds
[2019.01.27-19.13.52:545][  0]LogWindowsTextInputMethodSystem: Display: IME system now deactivated.
[2019.01.27-19.13.52:599][  0]LogContentStreaming: Texture pool size now 1000 MB
[2019.01.27-19.13.52:656][  1]LogAssetRegistry: Asset discovery search completed in 5.3032 seconds
[2019.01.27-19.13.52:659][  1]LogCollectionManager: Rebuilt the object cache for 0 collections in 0.000000 seconds (found 0 objects)
[2019.01.27-19.13.52:659][  1]LogCollectionManager: Fixed up redirectors for 0 collections in 0.000061 seconds (updated 0 objects)
[2019.01.27-19.14.52:686][693]LogSlate: FSceneViewport::OnFocusLost() reason 0
[2019.01.27-19.15.34:222][584]LogSlate: Took 0.000237 seconds to synchronously load lazily loaded font '../../../Engine/Content/Slate/Fonts/Roboto-Light.ttf' (167K)
[2019.01.27-19.15.55:809][913]LogSavePackage: Moving '../../../../../../Users/erico/Files/School/year 2/semester 2/Game Engine Design 1/Landscape project/Saved/ThirdPersonExampleMapC5656B9649D8DC39A8CD91A2B8FE598D.tmp' to '../../../../../../Users/erico/Files/School/year 2/semester 2/Game Engine Design 1/Landscape project/Content/ThirdPersonBP/Maps/ThirdPersonExampleMap.umap'
[2019.01.27-19.15.56:092][913]LogSavePackage: Moving '../../../../../../Users/erico/Files/School/year 2/semester 2/Game Engine Design 1/Landscape project/Saved/ThirdPersonExampleMap_BuiltData4E1E537944B3950C7E16F4A649D0B1CA.tmp' to '../../../../../../Users/erico/Files/School/year 2/semester 2/Game Engine Design 1/Landscape project/Content/ThirdPersonBP/Maps/ThirdPersonExampleMap_BuiltData.uasset'
[2019.01.27-19.15.59:689][336]LogMaterial: Warning: Material /Game/KiteDemo/Environments/Trees/ScotsPine_01/ScotsPine_01_Branches_Mat.ScotsPine_01_Branches_Mat needed to have new flag set bUsedWithInstancedStaticMeshes !
[2019.01.27-19.15.59:713][336]LogMaterial: Display: Missing cached shader map for material ScotsPine_01_Branches_Mat, compiling. 
[2019.01.27-19.15.59:783][336]LogMaterial: Warning: Material /Game/KiteDemo/Environments/Trees/ScotsPine_01/ScotsPine_01_Branches_2_Mat.ScotsPine_01_Branches_2_Mat needed to have new flag set bUsedWithInstancedStaticMeshes !
[2019.01.27-19.15.59:786][336]LogMaterial: Display: Missing cached shader map for material ScotsPine_01_Branches_2_Mat, compiling. 
[2019.01.27-19.15.59:816][336]LogShaderCompilers: Display: Shaders left to compile 87
[2019.01.27-19.15.59:816][336]LogShaderCompilers: Display: Shaders left to compile 77
[2019.01.27-19.15.59:816][336]LogShaderCompilers: Display: Shaders left to compile 67
[2019.01.27-19.15.59:817][336]LogMaterial: Warning: Material /Game/KiteDemo/Environments/Trees/ScotsPine_01/ScotsPine_01_Leaves_Mat.ScotsPine_01_Leaves_Mat needed to have new flag set bUsedWithInstancedStaticMeshes !
[2019.01.27-19.15.59:819][336]LogMaterial: Display: Missing cached shader map for material ScotsPine_01_Leaves_Mat, compiling. 
[2019.01.27-19.15.59:851][336]LogMaterial: Warning: Material /Game/KiteDemo/Environments/Trees/ScotsPine_01/ScotsPine_01_Fronds_Mat.ScotsPine_01_Fronds_Mat needed to have new flag set bUsedWithInstancedStaticMeshes !
[2019.01.27-19.15.59:880][336]LogMaterial: Display: Missing cached shader map for material ScotsPine_01_Fronds_Mat, compiling. 
[2019.01.27-19.15.59:909][336]LogMaterial: Warning: Material /Game/KiteDemo/Environments/Trees/ScotsPine_01/ScotsPine_01_Billboard_Mat.ScotsPine_01_Billboard_Mat needed to have new flag set bUsedWithInstancedStaticMeshes !
[2019.01.27-19.15.59:912][336]LogMaterial: Display: Missing cached shader map for material ScotsPine_01_Billboard_Mat, compiling. 
[2019.01.27-19.15.59:944][336]LogMaterial: Warning: Material /Game/KiteDemo/Environments/Trees/ScotsPineTall_01/ScotsPineTall_01_Billboard_Mat.ScotsPineTall_01_Billboard_Mat needed to have new flag set bUsedWithInstancedStaticMeshes !
[2019.01.27-19.15.59:947][336]LogMaterial: Display: Missing cached shader map for material ScotsPineTall_01_Billboard_Mat, compiling. 
[2019.01.27-19.16.02:433][599]Cmd: TRANSACTION UNDO
[2019.01.27-19.16.02:433][599]LogEditorTransaction: Undo Foliage Editing
[2019.01.27-19.16.05:025][849]LogSlate: FSceneViewport::OnFocusLost() reason 0
[2019.01.27-19.16.05:092][857]LogShaderCompilers: Display: Shaders left to compile 504
[2019.01.27-19.16.06:084][970]LogShaderCompilers: Display: Shaders left to compile 494
[2019.01.27-19.16.06:342][999]LogShaderCompilers: Display: Shaders left to compile 484
[2019.01.27-19.16.08:581][251]Cmd: TRANSACTION UNDO
[2019.01.27-19.16.08:581][251]LogEditorTransaction: Undo Foliage Editing
[2019.01.27-19.16.10:530][437]LogSlate: FSceneViewport::OnFocusLost() reason 0
[2019.01.27-19.16.12:077][591]LogShaderCompilers: Display: Shaders left to compile 474
[2019.01.27-19.16.12:124][594]LogShaderCompilers: Display: Shaders left to compile 464
[2019.01.27-19.16.13:363][692]LogShaderCompilers: Display: Shaders left to compile 454
[2019.01.27-19.16.16:368][829]LogShaderCompilers: Display: Shaders left to compile 444
[2019.01.27-19.16.17:136][864]LogShaderCompilers: Display: Shaders left to compile 434
[2019.01.27-19.16.17:960][904]LogShaderCompilers: Display: Shaders left to compile 424
[2019.01.27-19.16.18:793][909]LogShaderCompilers: Display: Shaders left to compile 414
[2019.01.27-19.16.19:879][909]LogShaderCompilers: Display: Shaders left to compile 404
[2019.01.27-19.16.20:488][909]LogShaderCompilers: Display: Shaders left to compile 394
[2019.01.27-19.16.22:069][909]LogShaderCompilers: Display: Shaders left to compile 384
[2019.01.27-19.16.22:365][909]LogShaderCompilers: Display: Shaders left to compile 374
[2019.01.27-19.16.23:608][909]LogShaderCompilers: Display: Shaders left to compile 364
[2019.01.27-19.16.24:478][909]LogShaderCompilers: Display: Shaders left to compile 354
[2019.01.27-19.16.25:947][909]LogShaderCompilers: Display: Shaders left to compile 344
[2019.01.27-19.16.26:048][909]LogShaderCompilers: Display: Shaders left to compile 334
[2019.01.27-19.16.27:076][909]LogShaderCompilers: Display: Shaders left to compile 324
[2019.01.27-19.16.28:318][909]LogShaderCompilers: Display: Shaders left to compile 314
[2019.01.27-19.16.28:941][909]LogShaderCompilers: Display: Shaders left to compile 304
[2019.01.27-19.16.29:703][909]Cmd: TRANSACTION UNDO
[2019.01.27-19.16.29:703][909]LogEditorTransaction: Undo Foliage Editing
[2019.01.27-19.16.29:967][909]LogEditorViewport: Clicking on Actor (LMB): InstancedFoliageActor (InstancedFoliageActor)
[2019.01.27-19.16.29:987][909]Cmd: TRANSACTION UNDO
[2019.01.27-19.16.29:987][909]LogEditorTransaction: Undo Clicking on Actors
[2019.01.27-19.16.31:626][ 76]LogShaderCompilers: Display: Shaders left to compile 294
[2019.01.27-19.16.32:149][135]LogShaderCompilers: Display: Shaders left to compile 284
[2019.01.27-19.16.33:376][271]LogSlate: FSceneViewport::OnFocusLost() reason 0
[2019.01.27-19.16.34:874][442]LogShaderCompilers: Display: Shaders left to compile 274
[2019.01.27-19.16.36:290][602]LogShaderCompilers: Display: Shaders left to compile 264
[2019.01.27-19.16.38:659][733]LogShaderCompilers: Display: Shaders left to compile 254
[2019.01.27-19.16.39:243][733]LogShaderCompilers: Display: Shaders left to compile 244
[2019.01.27-19.16.39:301][733]LogShaderCompilers: Display: Shaders left to compile 234
[2019.01.27-19.16.41:011][733]LogShaderCompilers: Display: Shaders left to compile 224
[2019.01.27-19.16.41:924][733]LogShaderCompilers: Display: Shaders left to compile 214
[2019.01.27-19.16.42:629][733]LogShaderCompilers: Display: Shaders left to compile 204
[2019.01.27-19.16.43:128][738]LogShaderCompilers: Display: Shaders left to compile 194
[2019.01.27-19.16.44:727][738]LogShaderCompilers: Display: Shaders left to compile 184
[2019.01.27-19.16.45:446][738]LogShaderCompilers: Display: Shaders left to compile 174
[2019.01.27-19.16.46:971][738]LogShaderCompilers: Display: Shaders left to compile 164
[2019.01.27-19.16.47:427][738]LogShaderCompilers: Display: Shaders left to compile 154
[2019.01.27-19.16.47:756][738]LogShaderCompilers: Display: Shaders left to compile 144
[2019.01.27-19.16.48:873][738]LogShaderCompilers: Display: Shaders left to compile 134
[2019.01.27-19.16.50:377][738]LogShaderCompilers: Display: Shaders left to compile 124
[2019.01.27-19.16.50:697][738]LogShaderCompilers: Display: Shaders left to compile 114
[2019.01.27-19.16.51:052][738]LogShaderCompilers: Display: Shaders left to compile 104
[2019.01.27-19.16.52:893][738]LogShaderCompilers: Display: Shaders left to compile 94
[2019.01.27-19.16.53:125][738]LogShaderCompilers: Display: Shaders left to compile 84
[2019.01.27-19.16.54:708][740]LogShaderCompilers: Display: Shaders left to compile 74
[2019.01.27-19.16.54:889][740]LogShaderCompilers: Display: Shaders left to compile 64
[2019.01.27-19.16.55:135][740]LogShaderCompilers: Display: Shaders left to compile 54
[2019.01.27-19.16.56:580][740]LogShaderCompilers: Display: Shaders left to compile 44
[2019.01.27-19.16.57:487][740]LogShaderCompilers: Display: Shaders left to compile 34
[2019.01.27-19.16.58:146][740]LogShaderCompilers: Display: Shaders left to compile 24
[2019.01.27-19.16.58:211][741]LogEditorViewport: Clicking on Actor (LMB): Landscape (Landscape1)
[2019.01.27-19.16.59:582][872]LogShaderCompilers: Display: Shaders left to compile 14
[2019.01.27-19.17.03:615][227]LogShaderCompilers: Display: Shaders left to compile 4
[2019.01.27-19.17.26:665][753]LogSlate: FSceneViewport::OnFocusLost() reason 0
[2019.01.27-19.17.34:042][617]Cmd: TRANSACTION UNDO
[2019.01.27-19.17.34:042][617]LogEditorTransaction: Undo Foliage Editing
[2019.01.27-19.17.34:538][654]Cmd: TRANSACTION UNDO
[2019.01.27-19.17.34:538][654]LogEditorTransaction: Undo Foliage Editing
[2019.01.27-19.17.35:140][722]Cmd: TRANSACTION UNDO
[2019.01.27-19.17.35:141][722]LogEditorTransaction: Undo Foliage Editing
[2019.01.27-19.17.38:338][ 91]Cmd: TRANSACTION UNDO
[2019.01.27-19.17.38:338][ 91]LogEditorTransaction: Undo Foliage Editing
[2019.01.27-19.17.40:139][286]Cmd: TRANSACTION UNDO
[2019.01.27-19.17.40:139][286]LogEditorTransaction: Undo Foliage Editing
[2019.01.27-19.17.40:572][335]Cmd: TRANSACTION UNDO
[2019.01.27-19.17.40:572][335]LogEditorTransaction: Undo Clicking on Actors
[2019.01.27-19.17.41:117][398]Cmd: TRANSACTION UNDO
[2019.01.27-19.17.41:118][398]LogEditorTransaction: Undo Foliage Editing
[2019.01.27-19.18.15:491][425]LogSlate: FSceneViewport::OnFocusLost() reason 0
[2019.01.27-19.18.25:816][579]LogSlate: FSceneViewport::OnFocusLost() reason 0
[2019.01.27-19.18.33:641][514]Cmd: TRANSACTION UNDO
[2019.01.27-19.18.33:641][514]LogEditorTransaction: Undo Foliage Editing
[2019.01.27-19.18.35:675][685]LogSlate: FSceneViewport::OnFocusLost() reason 0
[2019.01.27-19.18.42:676][419]LogSlate: FSceneViewport::OnFocusLost() reason 0
[2019.01.27-19.18.46:097][699]Cmd: TRANSACTION UNDO
[2019.01.27-19.18.46:097][699]LogEditorTransaction: Undo Foliage Editing
[2019.01.27-19.18.47:559][795]LogSlate: FSceneViewport::OnFocusLost() reason 0
[2019.01.27-19.18.57:703][868]Cmd: TRANSACTION UNDO
[2019.01.27-19.18.57:703][868]LogEditorTransaction: Undo Foliage Editing
[2019.01.27-19.18.58:206][913]Cmd: TRANSACTION UNDO
[2019.01.27-19.18.58:206][913]LogEditorTransaction: Undo Foliage Editing
[2019.01.27-19.19.00:018][ 88]LogSlate: FSceneViewport::OnFocusLost() reason 0
[2019.01.27-19.19.22:338][ 80]LogSlate: FSceneViewport::OnFocusLost() reason 0
[2019.01.27-19.19.24:510][286]LogSlate: FSceneViewport::OnFocusLost() reason 0
[2019.01.27-19.19.28:749][746]Cmd: TRANSACTION UNDO
[2019.01.27-19.19.28:749][746]LogEditorTransaction: Undo Foliage Editing
[2019.01.27-19.19.28:987][766]Cmd: TRANSACTION UNDO
[2019.01.27-19.19.28:987][766]LogEditorTransaction: Undo Foliage Editing
[2019.01.27-19.19.29:204][777]Cmd: TRANSACTION UNDO
[2019.01.27-19.19.29:204][777]LogEditorTransaction: Undo Foliage Editing
[2019.01.27-19.19.29:421][797]Cmd: TRANSACTION UNDO
[2019.01.27-19.19.29:421][797]LogEditorTransaction: Undo Foliage Editing
[2019.01.27-19.19.29:663][821]Cmd: TRANSACTION UNDO
[2019.01.27-19.19.29:663][821]LogEditorTransaction: Undo Foliage Editing
[2019.01.27-19.19.29:897][844]Cmd: TRANSACTION UNDO
[2019.01.27-19.19.29:897][844]LogEditorTransaction: Undo Foliage Editing
[2019.01.27-19.19.30:124][866]Cmd: TRANSACTION UNDO
[2019.01.27-19.19.30:124][866]LogEditorTransaction: Undo Foliage Editing
[2019.01.27-19.19.30:372][890]Cmd: TRANSACTION UNDO
[2019.01.27-19.19.30:372][890]LogEditorTransaction: Undo Foliage Editing
[2019.01.27-19.19.30:638][917]Cmd: TRANSACTION UNDO
[2019.01.27-19.19.30:638][917]LogEditorTransaction: Undo Foliage Editing
[2019.01.27-19.19.30:913][946]Cmd: TRANSACTION UNDO
[2019.01.27-19.19.30:913][946]LogEditorTransaction: Undo Foliage Editing
[2019.01.27-19.19.31:200][977]Cmd: TRANSACTION UNDO
[2019.01.27-19.19.31:200][977]LogEditorTransaction: Undo Foliage Editing
[2019.01.27-19.19.31:531][ 13]Cmd: TRANSACTION UNDO
[2019.01.27-19.19.31:531][ 13]LogEditorTransaction: Undo Foliage Editing
[2019.01.27-19.19.31:829][ 45]Cmd: TRANSACTION UNDO
[2019.01.27-19.19.31:830][ 45]LogEditorTransaction: Undo Foliage Editing
[2019.01.27-19.19.32:145][ 77]Cmd: TRANSACTION UNDO
[2019.01.27-19.19.32:145][ 77]LogEditorTransaction: Undo Foliage Editing
[2019.01.27-19.19.32:406][103]Cmd: TRANSACTION UNDO
[2019.01.27-19.19.32:406][103]LogEditorTransaction: Undo Foliage Editing
[2019.01.27-19.19.32:622][123]Cmd: TRANSACTION UNDO
[2019.01.27-19.19.32:622][123]LogEditorTransaction: Undo Foliage Editing
[2019.01.27-19.20.15:124][757]LogSlate: FSceneViewport::OnFocusLost() reason 2
[2019.01.27-19.20.15:654][757]LogSavePackage: Moving '../../../../../../Users/erico/Files/School/year 2/semester 2/Game Engine Design 1/Landscape project/Saved/ThirdPersonExampleMapBC8977754B3D7CE74A0B61BF06E74591.tmp' to '../../../../../../Users/erico/Files/School/year 2/semester 2/Game Engine Design 1/Landscape project/Content/ThirdPersonBP/Maps/ThirdPersonExampleMap.umap'
[2019.01.27-19.20.15:769][757]LogSavePackage: Moving '../../../../../../Users/erico/Files/School/year 2/semester 2/Game Engine Design 1/Landscape project/Saved/ThirdPersonExampleMap_BuiltDataDC0FEEB742ECEE6F75C0B589B4CC54F5.tmp' to '../../../../../../Users/erico/Files/School/year 2/semester 2/Game Engine Design 1/Landscape project/Content/ThirdPersonBP/Maps/ThirdPersonExampleMap_BuiltData.uasset'
[2019.01.27-19.20.18:431][ 30]LogSlate: FSceneViewport::OnFocusLost() reason 0
[2019.01.27-19.20.34:435][853]LogEditorViewport: Clicking on Actor (LMB): Landscape (Landscape1)
[2019.01.27-19.20.45:115][ 91]LogSlate: FSceneViewport::OnFocusLost() reason 0
[2019.01.27-19.20.46:045][ 91]LogMaterial: Display: Missing cached shader map for material M_Photoscan_Master, compiling. 
[2019.01.27-19.20.51:765][ 91]LogShaderCompilers: Display: Shaders left to compile 173
[2019.01.27-19.20.51:766][ 91]LogShaderCompilers: Display: Shaders left to compile 163
[2019.01.27-19.20.51:766][ 91]LogShaderCompilers: Display: Shaders left to compile 153
[2019.01.27-19.20.51:766][ 91]LogShaderCompilers: Display: Shaders left to compile 143
[2019.01.27-19.20.51:766][ 91]LogShaderCompilers: Display: Shaders left to compile 133
[2019.01.27-19.20.51:766][ 91]LogShaderCompilers: Display: Shaders left to compile 123
[2019.01.27-19.20.51:766][ 91]LogTexture: Display: Building textures: T_Boulder05_N (BC5, 8192X8192)
[2019.01.27-19.20.51:766][ 91]LogTexture: Display: Building textures: T_Boulder05_D_CC_R (AutoDXT, 4096X4096)
[2019.01.27-19.21.07:674][ 91]LogShaderCompilers: Display: Shaders left to compile 113
[2019.01.27-19.21.07:674][ 91]LogShaderCompilers: Display: Shaders left to compile 103
[2019.01.27-19.21.07:674][ 91]LogShaderCompilers: Display: Shaders left to compile 93
[2019.01.27-19.21.07:674][ 91]LogStaticMesh: Building static mesh SM_Boulder05a...
[2019.01.27-19.21.07:818][ 91]LogStaticMesh: Built static mesh [0.14s] /Game/KiteDemo/Environments/Rocks/Boulder_05a/SM_Boulder05a.SM_Boulder05a
[2019.01.27-19.21.07:928][ 91]LogActorFactory: Actor Factory created SM_Boulder05a
[2019.01.27-19.21.08:884][170]LogShaderCompilers: Display: Shaders left to compile 83
[2019.01.27-19.21.11:198][353]LogActorFactory: Actor Factory created SM_Boulder05a
[2019.01.27-19.21.11:894][396]LogShaderCompilers: Display: Shaders left to compile 73
[2019.01.27-19.21.12:519][464]LogShaderCompilers: Display: Shaders left to compile 63
[2019.01.27-19.21.19:281][139]LogShaderCompilers: Display: Shaders left to compile 53
[2019.01.27-19.21.21:370][217]LogShaderCompilers: Display: Shaders left to compile 43
[2019.01.27-19.21.21:370][217]LogShaderCompilers: Display: Shaders left to compile 33
[2019.01.27-19.21.21:407][220]LogShaderCompilers: Display: Shaders left to compile 23
[2019.01.27-19.21.23:575][410]LogShaderCompilers: Display: Shaders left to compile 13
[2019.01.27-19.21.25:334][567]Cmd: TRANSACTION UNDO
[2019.01.27-19.21.25:335][567]LogEditorTransaction: Undo Create Actors
[2019.01.27-19.21.26:994][639]LogShaderCompilers: Display: Shaders left to compile 3
[2019.01.27-19.21.35:980][761]LogSlate: FSceneViewport::OnFocusLost() reason 0
[2019.01.27-19.21.40:711][232]LogActorFactory: Actor Factory created SM_Boulder05a
[2019.01.27-19.21.41:401][313]LogSlate: FSceneViewport::OnFocusLost() reason 2
[2019.01.27-19.21.52:552][466]LogUnrealEdMisc: Warning: Heartbeat event firing too frequently (44.580 sec). This should never happen. Something is wrong with the timer delegate!
[2019.01.27-19.22.09:869][242]LogSlate: FSceneViewport::OnFocusLost() reason 0
[2019.01.27-19.22.12:142][456]LogStaticMesh: Building static mesh SM_GroundRevealRock001...
[2019.01.27-19.22.12:372][456]LogStaticMesh: Built static mesh [0.23s] /Game/KiteDemo/Environments/Rocks/GroundRevealRock001/SM_GroundRevealRock001.SM_GroundRevealRock001
[2019.01.27-19.22.30:158][456]LogTexture: Display: Building textures: T_GroundRevealRock001a_N (BC5, 8192X8192)
[2019.01.27-19.22.30:158][456]LogTexture: Display: Building textures: T_GroundRevealRock001a_D_CC_R (AutoDXT, 8192X8192)
