Log file open, 01/27/19 13:45:50
LogWindows: Failed to load 'aqProf.dll' (GetLastError=126)
LogWindows: File 'aqProf.dll' does not exist
LogWindows: Failed to load 'VtuneApi.dll' (GetLastError=126)
LogWindows: File 'VtuneApi.dll' does not exist
LogWindows: Failed to load 'VtuneApi32e.dll' (GetLastError=126)
LogWindows: File 'VtuneApi32e.dll' does not exist
LogConsoleResponse: Display: Failed to find resolution value strings in scalability ini. Falling back to default.
LogInit: Display: Running engine for game: LandsacpeProject
LogPakFile: Registered encryption key '00000000000000000000000000000000': 0 pak files mounted, 0 remain pending
LogPlatformFile: Not using cached read wrapper
LogTaskGraph: Started task graph with 5 named threads and 14 total threads with 3 sets of task threads.
LogStats: Stats thread started at 0.196808
LogD3D11RHI: Loaded GFSDK_Aftermath_Lib.x64.dll
LogICUInternationalization: ICU TimeZone Detection - Raw Offset: -5:00, Platform Override: ''
LogPluginManager: Mounting plugin Paper2D
LogPluginManager: Mounting plugin AISupport
LogPluginManager: Mounting plugin LightPropagationVolume
LogPluginManager: Mounting plugin ActorLayerUtilities
LogPluginManager: Mounting plugin CLionSourceCodeAccess
LogPluginManager: Mounting plugin CodeLiteSourceCodeAccess
LogPluginManager: Mounting plugin GitSourceControl
LogPluginManager: Mounting plugin KDevelopSourceCodeAccess
LogPluginManager: Mounting plugin NullSourceCodeAccess
LogPluginManager: Mounting plugin PerforceSourceControl
LogPluginManager: Mounting plugin SubversionSourceControl
LogPluginManager: Mounting plugin UObjectPlugin
LogPluginManager: Mounting plugin VisualStudioCodeSourceCodeAccess
LogPluginManager: Mounting plugin VisualStudioSourceCodeAccess
LogPluginManager: Mounting plugin XCodeSourceCodeAccess
LogPluginManager: Mounting plugin AssetManagerEditor
LogPluginManager: Mounting plugin CryptoKeys
LogPluginManager: Mounting plugin DataValidation
LogPluginManager: Mounting plugin FacialAnimation
LogPluginManager: Mounting plugin GameplayTagsEditor
LogPluginManager: Mounting plugin MacGraphicsSwitching
LogPluginManager: Mounting plugin MeshEditor
LogPluginManager: Mounting plugin MobileLauncherProfileWizard
LogPluginManager: Mounting plugin PluginBrowser
LogPluginManager: Mounting plugin SpeedTreeImporter
LogPluginManager: Mounting plugin DatasmithContent
LogPluginManager: Mounting plugin VariantManagerContent
LogPluginManager: Mounting plugin AlembicImporter
LogPluginManager: Mounting plugin AppleImageUtils
LogPluginManager: Mounting plugin AppleVision
LogPluginManager: Mounting plugin BackChannel
LogPluginManager: Mounting plugin CharacterAI
LogPluginManager: Mounting plugin GeometryCache
LogPluginManager: Mounting plugin HTML5Networking
LogPluginManager: Mounting plugin ProxyLODPlugin
LogPluginManager: Mounting plugin MagicLeap
LogPluginManager: Mounting plugin MagicLeapMedia
LogPluginManager: Mounting plugin AndroidMedia
LogPluginManager: Mounting plugin AvfMedia
LogPluginManager: Mounting plugin ImgMedia
LogPluginManager: Mounting plugin LinearTimecode
LogPluginManager: Mounting plugin MediaCompositing
LogPluginManager: Mounting plugin MediaPlayerEditor
LogPluginManager: Mounting plugin WebMMedia
LogPluginManager: Mounting plugin WmfMedia
LogPluginManager: Mounting plugin TcpMessaging
LogPluginManager: Mounting plugin UdpMessaging
LogPluginManager: Mounting plugin ActorSequence
LogPluginManager: Mounting plugin LevelSequenceEditor
LogPluginManager: Mounting plugin MatineeToLevelSequence
LogPluginManager: Mounting plugin NetcodeUnitTest
LogPluginManager: Mounting plugin NUTUnrealEngine4
LogPluginManager: Mounting plugin OnlineSubsystemGooglePlay
LogPluginManager: Mounting plugin OnlineSubsystemIOS
LogPluginManager: Mounting plugin OnlineSubsystem
LogPluginManager: Mounting plugin OnlineSubsystemNull
LogPluginManager: Mounting plugin OnlineSubsystemUtils
LogPluginManager: Mounting plugin LauncherChunkInstaller
LogPluginManager: Mounting plugin AndroidDeviceProfileSelector
LogPluginManager: Mounting plugin AndroidMoviePlayer
LogPluginManager: Mounting plugin AndroidPermission
LogPluginManager: Mounting plugin AppleMoviePlayer
LogPluginManager: Mounting plugin ArchVisCharacter
LogPluginManager: Mounting plugin AudioCapture
LogPluginManager: Mounting plugin CableComponent
LogPluginManager: Mounting plugin CustomMeshComponent
LogPluginManager: Mounting plugin EditableMesh
LogPluginManager: Mounting plugin ExampleDeviceProfileSelector
LogPluginManager: Mounting plugin Firebase
LogPluginManager: Mounting plugin GoogleCloudMessaging
LogPluginManager: Mounting plugin IOSDeviceProfileSelector
LogPluginManager: Mounting plugin LinuxDeviceProfileSelector
LogPluginManager: Mounting plugin LocationServicesBPLibrary
LogPluginManager: Mounting plugin MobilePatchingUtils
LogPluginManager: Mounting plugin OculusVR
LogPluginManager: Mounting plugin PhysXVehicles
LogPluginManager: Mounting plugin ProceduralMeshComponent
LogPluginManager: Mounting plugin RuntimePhysXCooking
LogPluginManager: Mounting plugin SteamVR
LogPluginManager: Mounting plugin WebMMoviePlayer
LogPluginManager: Mounting plugin WindowsMoviePlayer
LogStreaming: Display: Took  0.072s to configure plugins.
LogInit: Using libcurl 7.55.1-DEV
LogInit:  - built for x86_64-pc-win32
LogInit:  - supports SSL with OpenSSL/1.0.2h
LogInit:  - supports HTTP deflate (compression) using libz 1.2.8
LogInit:  - other features:
LogInit:      CURL_VERSION_SSL
LogInit:      CURL_VERSION_LIBZ
LogInit:      CURL_VERSION_IPV6
LogInit:      CURL_VERSION_ASYNCHDNS
LogInit:      CURL_VERSION_LARGEFILE
LogInit:      CURL_VERSION_IDN
LogInit:  CurlRequestOptions (configurable via config and command line):
LogInit:  - bVerifyPeer = true  - Libcurl will verify peer certificate
LogInit:  - bUseHttpProxy = false  - Libcurl will NOT use HTTP proxy
LogInit:  - bDontReuseConnections = false  - Libcurl will reuse connections
LogInit:  - MaxHostConnections = 16  - Libcurl will limit the number of connections to a host
LogInit:  - LocalHostAddr = Default
LogInit:  - BufferSize = 65536
LogInit: WinSock: version 1.1 (2.2), MaxSocks=32767, MaxUdp=65467
LogInit: Build: ++UE4+Release-4.21-CL-4613538
LogInit: Engine Version: 4.21.1-4613538+++UE4+Release-4.21
LogInit: Compatible Engine Version: 4.21.0-4541578+++UE4+Release-4.21
LogInit: Net CL: 4541578
LogInit: OS: Windows 10 (), CPU: Intel(R) Core(TM) i5-4690K CPU @ 3.50GHz, GPU: NVIDIA GeForce GTX 970
LogInit: Compiled (64-bit): Nov 30 2018 04:13:25
LogInit: Compiled with Visual C++: 19.13.26129.00
LogInit: Build Configuration: Development
LogInit: Branch Name: ++UE4+Release-4.21
LogInit: Command Line:  -EpicPortal -epicusername=Electroshockist -epicuserid=79068a25bf1c457f862ce3fc2c5c8aa9 -epiclocale=en-US
LogInit: Base Directory: C:/Program Files/Epic Games/UE_4.21/Engine/Binaries/Win64/
LogInit: Installed Engine Build: 1
LogDevObjectVersion: Number of dev versions registered: 22
LogDevObjectVersion:   Dev-Blueprints (B0D832E4-1F89-4F0D-ACCF-7EB736FD4AA2): 10
LogDevObjectVersion:   Dev-Build (E1C64328-A22C-4D53-A36C-8E866417BD8C): 0
LogDevObjectVersion:   Dev-Core (375EC13C-06E4-48FB-B500-84F0262A717E): 2
LogDevObjectVersion:   Dev-Editor (E4B068ED-F494-42E9-A231-DA0B2E46BB41): 26
LogDevObjectVersion:   Dev-Framework (CFFC743F-43B0-4480-9391-14DF171D2073): 34
LogDevObjectVersion:   Dev-Mobile (B02B49B5-BB20-44E9-A304-32B752E40360): 2
LogDevObjectVersion:   Dev-Networking (A4E4105C-59A1-49B5-A7C5-40C4547EDFEE): 0
LogDevObjectVersion:   Dev-Online (39C831C9-5AE6-47DC-9A44-9C173E1C8E7C): 0
LogDevObjectVersion:   Dev-Physics (78F01B33-EBEA-4F98-B9B4-84EACCB95AA2): 0
LogDevObjectVersion:   Dev-Platform (6631380F-2D4D-43E0-8009-CF276956A95A): 0
LogDevObjectVersion:   Dev-Rendering (12F88B9F-8875-4AFC-A67C-D90C383ABD29): 27
LogDevObjectVersion:   Dev-Sequencer (7B5AE74C-D270-4C10-A958-57980B212A5A): 9
LogDevObjectVersion:   Dev-VR (D7296918-1DD6-4BDD-9DE2-64A83CC13884): 2
LogDevObjectVersion:   Dev-LoadTimes (C2A15278-BFE7-4AFE-6C17-90FF531DF755): 1
LogDevObjectVersion:   Private-Geometry (6EACA3D4-40EC-4CC1-B786-8BED09428FC5): 3
LogDevObjectVersion:   Dev-AnimPhys (29E575DD-E0A3-4627-9D10-D276232CDCEA): 17
LogDevObjectVersion:   Dev-Anim (AF43A65D-7FD3-4947-9873-3E8ED9C1BB05): 2
LogDevObjectVersion:   Dev-ReflectionCapture (6B266CEC-1EC7-4B8F-A30B-E4D90942FC07): 1
LogDevObjectVersion:   Dev-Automation (0DF73D61-A23F-47EA-B727-89E90C41499A): 1
LogDevObjectVersion:   FortniteMain (601D1886-AC64-4F84-AA16-D3DE0DEAC7D6): 17
LogDevObjectVersion:   Dev-Enterprise (9DFFBCD6-494F-0158-E221-12823C92A888): 4
LogDevObjectVersion:   Dev-Niagara (F2AED0AC-9AFE-416F-8664-AA7FFA26D6FC): 1
LogStreaming: Display: Took  0.000s to delete old logs.
LogInit: Presizing for max 8388607 objects, including 0 objects not considered by GC, pre-allocating 0 bytes for permanent pool.
LogInit: Object subsystem initialized
LogConfig: Setting CVar [[con.DebugEarlyDefault:1]]
LogConfig: Setting CVar [[r.setres:1280x720]]
[2019.01.27-18.45.51:008][  0]LogConfig: Setting CVar [[r.VSync:0]]
[2019.01.27-18.45.51:008][  0]LogConfig: Setting CVar [[r.RHICmdBypass:0]]
[2019.01.27-18.45.51:008][  0]LogConfig: Applying CVar settings from Section [/Script/Engine.RendererSettings] File [C:/Users/erico/Files/School/year 2/semester 2/Game Engine Design 1/Landscape project/Saved/Config/Windows/Engine.ini]
[2019.01.27-18.45.51:008][  0]LogConfig: Setting CVar [[r.GPUCrashDebugging:0]]
[2019.01.27-18.45.51:008][  0]LogConfig: Applying CVar settings from Section [/Script/Engine.RendererOverrideSettings] File [C:/Users/erico/Files/School/year 2/semester 2/Game Engine Design 1/Landscape project/Saved/Config/Windows/Engine.ini]
[2019.01.27-18.45.51:008][  0]LogConfig: Applying CVar settings from Section [/Script/Engine.StreamingSettings] File [C:/Users/erico/Files/School/year 2/semester 2/Game Engine Design 1/Landscape project/Saved/Config/Windows/Engine.ini]
[2019.01.27-18.45.51:008][  0]LogConfig: Setting CVar [[s.MinBulkDataSizeForAsyncLoading:131072]]
[2019.01.27-18.45.51:008][  0]LogConfig: Setting CVar [[s.AsyncLoadingThreadEnabled:0]]
[2019.01.27-18.45.51:008][  0]LogConfig: Setting CVar [[s.EventDrivenLoaderEnabled:1]]
[2019.01.27-18.45.51:008][  0]LogConfig: Setting CVar [[s.WarnIfTimeLimitExceeded:0]]
[2019.01.27-18.45.51:008][  0]LogConfig: Setting CVar [[s.TimeLimitExceededMultiplier:1.5]]
[2019.01.27-18.45.51:008][  0]LogConfig: Setting CVar [[s.TimeLimitExceededMinTime:0.005]]
[2019.01.27-18.45.51:008][  0]LogConfig: Setting CVar [[s.UseBackgroundLevelStreaming:1]]
[2019.01.27-18.45.51:008][  0]LogConfig: Setting CVar [[s.PriorityAsyncLoadingExtraTime:15.0]]
[2019.01.27-18.45.51:008][  0]LogConfig: Setting CVar [[s.LevelStreamingActorsUpdateTimeLimit:5.0]]
[2019.01.27-18.45.51:008][  0]LogConfig: Setting CVar [[s.PriorityLevelStreamingActorsUpdateExtraTime:5.0]]
[2019.01.27-18.45.51:008][  0]LogConfig: Setting CVar [[s.LevelStreamingComponentsRegistrationGranularity:10]]
[2019.01.27-18.45.51:008][  0]LogConfig: Setting CVar [[s.UnregisterComponentsTimeLimit:1.0]]
[2019.01.27-18.45.51:008][  0]LogConfig: Setting CVar [[s.LevelStreamingComponentsUnregistrationGranularity:5]]
[2019.01.27-18.45.51:008][  0]LogConfig: Applying CVar settings from Section [/Script/Engine.GarbageCollectionSettings] File [C:/Users/erico/Files/School/year 2/semester 2/Game Engine Design 1/Landscape project/Saved/Config/Windows/Engine.ini]
[2019.01.27-18.45.51:008][  0]LogConfig: Setting CVar [[gc.MaxObjectsNotConsideredByGC:1]]
[2019.01.27-18.45.51:008][  0]LogConfig: Setting CVar [[gc.SizeOfPermanentObjectPool:0]]
[2019.01.27-18.45.51:008][  0]LogConfig: Setting CVar [[gc.FlushStreamingOnGC:0]]
[2019.01.27-18.45.51:009][  0]LogConfig: Setting CVar [[gc.NumRetriesBeforeForcingGC:10]]
[2019.01.27-18.45.51:009][  0]LogConfig: Setting CVar [[gc.AllowParallelGC:1]]
[2019.01.27-18.45.51:009][  0]LogConfig: Setting CVar [[gc.TimeBetweenPurgingPendingKillObjects:61.1]]
[2019.01.27-18.45.51:009][  0]LogConfig: Setting CVar [[gc.MaxObjectsInEditor:8388607]]
[2019.01.27-18.45.51:009][  0]LogConfig: Setting CVar [[gc.IncrementalBeginDestroyEnabled:1]]
[2019.01.27-18.45.51:009][  0]LogConfig: Setting CVar [[gc.CreateGCClusters:1]]
[2019.01.27-18.45.51:009][  0]LogConfig: Setting CVar [[gc.MergeGCClusters:0]]
[2019.01.27-18.45.51:009][  0]LogConfig: Setting CVar [[gc.MinGCClusterSize:5]]
[2019.01.27-18.45.51:009][  0]LogConfig: Setting CVar [[gc.ActorClusteringEnabled:0]]
[2019.01.27-18.45.51:009][  0]LogConfig: Setting CVar [[gc.BlueprintClusteringEnabled:0]]
[2019.01.27-18.45.51:009][  0]LogConfig: Setting CVar [[gc.UseDisregardForGCOnDedicatedServers:0]]
[2019.01.27-18.45.51:009][  0]LogConfig: Applying CVar settings from Section [/Script/Engine.NetworkSettings] File [C:/Users/erico/Files/School/year 2/semester 2/Game Engine Design 1/Landscape project/Saved/Config/Windows/Engine.ini]
[2019.01.27-18.45.51:009][  0]LogConfig: Applying CVar settings from Section [/Script/UnrealEd.CookerSettings] File [C:/Users/erico/Files/School/year 2/semester 2/Game Engine Design 1/Landscape project/Saved/Config/Windows/Engine.ini]
[2019.01.27-18.45.51:022][  0]LogConfig: Applying CVar settings from Section [ViewDistanceQuality@3] File [C:/Users/erico/Files/School/year 2/semester 2/Game Engine Design 1/Landscape project/Saved/Config/Windows/Scalability.ini]
[2019.01.27-18.45.51:022][  0]LogConfig: Setting CVar [[r.SkeletalMeshLODBias:0]]
[2019.01.27-18.45.51:022][  0]LogConfig: Setting CVar [[r.ViewDistanceScale:1.0]]
[2019.01.27-18.45.51:022][  0]LogConfig: Applying CVar settings from Section [AntiAliasingQuality@3] File [C:/Users/erico/Files/School/year 2/semester 2/Game Engine Design 1/Landscape project/Saved/Config/Windows/Scalability.ini]
[2019.01.27-18.45.51:022][  0]LogConfig: Setting CVar [[r.PostProcessAAQuality:4]]
[2019.01.27-18.45.51:022][  0]LogConfig: Applying CVar settings from Section [ShadowQuality@3] File [C:/Users/erico/Files/School/year 2/semester 2/Game Engine Design 1/Landscape project/Saved/Config/Windows/Scalability.ini]
[2019.01.27-18.45.51:022][  0]LogConfig: Setting CVar [[r.LightFunctionQuality:1]]
[2019.01.27-18.45.51:022][  0]LogConfig: Setting CVar [[r.ShadowQuality:5]]
[2019.01.27-18.45.51:023][  0]LogConfig: Setting CVar [[r.Shadow.CSM.MaxCascades:10]]
[2019.01.27-18.45.51:023][  0]LogConfig: Setting CVar [[r.Shadow.MaxResolution:2048]]
[2019.01.27-18.45.51:023][  0]LogConfig: Setting CVar [[r.Shadow.MaxCSMResolution:2048]]
[2019.01.27-18.45.51:023][  0]LogConfig: Setting CVar [[r.Shadow.RadiusThreshold:0.01]]
[2019.01.27-18.45.51:023][  0]LogConfig: Setting CVar [[r.Shadow.DistanceScale:1.0]]
[2019.01.27-18.45.51:023][  0]LogConfig: Setting CVar [[r.Shadow.CSM.TransitionScale:1.0]]
[2019.01.27-18.45.51:023][  0]LogConfig: Setting CVar [[r.Shadow.PreShadowResolutionFactor:1.0]]
[2019.01.27-18.45.51:023][  0]LogConfig: Setting CVar [[r.DistanceFieldShadowing:1]]
[2019.01.27-18.45.51:023][  0]LogConfig: Setting CVar [[r.DistanceFieldAO:1]]
[2019.01.27-18.45.51:023][  0]LogConfig: Setting CVar [[r.AOQuality:2]]
[2019.01.27-18.45.51:023][  0]LogConfig: Setting CVar [[r.VolumetricFog:1]]
[2019.01.27-18.45.51:023][  0]LogConfig: Setting CVar [[r.VolumetricFog.GridPixelSize:8]]
[2019.01.27-18.45.51:023][  0]LogConfig: Setting CVar [[r.VolumetricFog.GridSizeZ:128]]
[2019.01.27-18.45.51:023][  0]LogConfig: Setting CVar [[r.VolumetricFog.HistoryMissSupersampleCount:4]]
[2019.01.27-18.45.51:023][  0]LogConfig: Setting CVar [[r.LightMaxDrawDistanceScale:1]]
[2019.01.27-18.45.51:023][  0]LogConfig: Setting CVar [[r.CapsuleShadows:1]]
[2019.01.27-18.45.51:023][  0]LogConfig: Applying CVar settings from Section [PostProcessQuality@3] File [C:/Users/erico/Files/School/year 2/semester 2/Game Engine Design 1/Landscape project/Saved/Config/Windows/Scalability.ini]
[2019.01.27-18.45.51:023][  0]LogConfig: Setting CVar [[r.MotionBlurQuality:4]]
[2019.01.27-18.45.51:023][  0]LogConfig: Setting CVar [[r.AmbientOcclusionMipLevelFactor:0.4]]
[2019.01.27-18.45.51:023][  0]LogConfig: Setting CVar [[r.AmbientOcclusionMaxQuality:100]]
[2019.01.27-18.45.51:023][  0]LogConfig: Setting CVar [[r.AmbientOcclusionLevels:-1]]
[2019.01.27-18.45.51:023][  0]LogConfig: Setting CVar [[r.AmbientOcclusionRadiusScale:1.0]]
[2019.01.27-18.45.51:023][  0]LogConfig: Setting CVar [[r.DepthOfFieldQuality:2]]
[2019.01.27-18.45.51:023][  0]LogConfig: Setting CVar [[r.RenderTargetPoolMin:400]]
[2019.01.27-18.45.51:023][  0]LogConfig: Setting CVar [[r.LensFlareQuality:2]]
[2019.01.27-18.45.51:023][  0]LogConfig: Setting CVar [[r.SceneColorFringeQuality:1]]
[2019.01.27-18.45.51:023][  0]LogConfig: Setting CVar [[r.EyeAdaptationQuality:2]]
[2019.01.27-18.45.51:023][  0]LogConfig: Setting CVar [[r.BloomQuality:5]]
[2019.01.27-18.45.51:023][  0]LogConfig: Setting CVar [[r.FastBlurThreshold:100]]
[2019.01.27-18.45.51:023][  0]LogConfig: Setting CVar [[r.Upscale.Quality:3]]
[2019.01.27-18.45.51:023][  0]LogConfig: Setting CVar [[r.Tonemapper.GrainQuantization:1]]
[2019.01.27-18.45.51:023][  0]LogConfig: Setting CVar [[r.LightShaftQuality:1]]
[2019.01.27-18.45.51:023][  0]LogConfig: Setting CVar [[r.Filter.SizeScale:1]]
[2019.01.27-18.45.51:023][  0]LogConfig: Setting CVar [[r.Tonemapper.Quality:5]]
[2019.01.27-18.45.51:023][  0]LogConfig: Setting CVar [[r.DOF.Gather.AccumulatorQuality:1        ; higher gathering accumulator quality]]
[2019.01.27-18.45.51:023][  0]LogConfig: Setting CVar [[r.DOF.Gather.PostfilterMethod:1          ; Median3x3 postfilering method]]
[2019.01.27-18.45.51:023][  0]LogConfig: Setting CVar [[r.DOF.Gather.EnableBokehSettings:0       ; no bokeh simulation when gathering]]
[2019.01.27-18.45.51:023][  0]LogConfig: Setting CVar [[r.DOF.Gather.RingCount:4                 ; medium number of samples when gathering]]
[2019.01.27-18.45.51:023][  0]LogConfig: Setting CVar [[r.DOF.Scatter.ForegroundCompositing:1    ; additive foreground scattering]]
[2019.01.27-18.45.51:023][  0]LogConfig: Setting CVar [[r.DOF.Scatter.BackgroundCompositing:2    ; additive background scattering]]
[2019.01.27-18.45.51:023][  0]LogConfig: Setting CVar [[r.DOF.Scatter.EnableBokehSettings:1      ; bokeh simulation when scattering]]
[2019.01.27-18.45.51:023][  0]LogConfig: Setting CVar [[r.DOF.Scatter.MaxSpriteRatio:0.1         ; only a maximum of 10% of scattered bokeh]]
[2019.01.27-18.45.51:023][  0]LogConfig: Setting CVar [[r.DOF.Recombine.Quality:1                ; cheap slight out of focus]]
[2019.01.27-18.45.51:023][  0]LogConfig: Setting CVar [[r.DOF.Recombine.EnableBokehSettings:0    ; no bokeh simulation on slight out of focus]]
[2019.01.27-18.45.51:023][  0]LogConfig: Setting CVar [[r.DOF.TemporalAAQuality:1                ; more stable temporal accumulation]]
[2019.01.27-18.45.51:023][  0]LogConfig: Setting CVar [[r.DOF.Kernel.MaxForegroundRadius:0.025]]
[2019.01.27-18.45.51:023][  0]LogConfig: Setting CVar [[r.DOF.Kernel.MaxBackgroundRadius:0.025]]
[2019.01.27-18.45.51:023][  0]LogConfig: Applying CVar settings from Section [TextureQuality@3] File [C:/Users/erico/Files/School/year 2/semester 2/Game Engine Design 1/Landscape project/Saved/Config/Windows/Scalability.ini]
[2019.01.27-18.45.51:023][  0]LogConfig: Setting CVar [[r.Streaming.MipBias:0]]
[2019.01.27-18.45.51:023][  0]LogConfig: Setting CVar [[r.Streaming.AmortizeCPUToGPUCopy:0]]
[2019.01.27-18.45.51:023][  0]LogConfig: Setting CVar [[r.Streaming.MaxNumTexturesToStreamPerFrame:0]]
[2019.01.27-18.45.51:023][  0]LogConfig: Setting CVar [[r.Streaming.Boost:1]]
[2019.01.27-18.45.51:023][  0]LogConfig: Setting CVar [[r.MaxAnisotropy:8]]
[2019.01.27-18.45.51:023][  0]LogConfig: Setting CVar [[r.Streaming.LimitPoolSizeToVRAM:0]]
[2019.01.27-18.45.51:023][  0]LogConfig: Setting CVar [[r.Streaming.PoolSize:1000]]
[2019.01.27-18.45.51:023][  0]LogConfig: Setting CVar [[r.Streaming.MaxEffectiveScreenSize:0]]
[2019.01.27-18.45.51:023][  0]LogConfig: Applying CVar settings from Section [EffectsQuality@3] File [C:/Users/erico/Files/School/year 2/semester 2/Game Engine Design 1/Landscape project/Saved/Config/Windows/Scalability.ini]
[2019.01.27-18.45.51:023][  0]LogConfig: Setting CVar [[r.TranslucencyLightingVolumeDim:64]]
[2019.01.27-18.45.51:023][  0]LogConfig: Setting CVar [[r.RefractionQuality:2]]
[2019.01.27-18.45.51:023][  0]LogConfig: Setting CVar [[r.SSR.Quality:3]]
[2019.01.27-18.45.51:023][  0]LogConfig: Setting CVar [[r.SceneColorFormat:4]]
[2019.01.27-18.45.51:023][  0]LogConfig: Setting CVar [[r.DetailMode:2]]
[2019.01.27-18.45.51:023][  0]LogConfig: Setting CVar [[r.TranslucencyVolumeBlur:1]]
[2019.01.27-18.45.51:023][  0]LogConfig: Setting CVar [[r.MaterialQualityLevel:1 ; High quality]]
[2019.01.27-18.45.51:023][  0]LogConfig: Setting CVar [[r.SSS.Scale:1]]
[2019.01.27-18.45.51:023][  0]LogConfig: Setting CVar [[r.SSS.SampleSet:2]]
[2019.01.27-18.45.51:023][  0]LogConfig: Setting CVar [[r.SSS.Quality:1]]
[2019.01.27-18.45.51:023][  0]LogConfig: Setting CVar [[r.SSS.HalfRes:1]]
[2019.01.27-18.45.51:023][  0]LogConfig: Setting CVar [[r.EmitterSpawnRateScale:1.0]]
[2019.01.27-18.45.51:023][  0]LogConfig: Setting CVar [[r.ParticleLightQuality:2]]
[2019.01.27-18.45.51:023][  0]LogConfig: Applying CVar settings from Section [FoliageQuality@3] File [C:/Users/erico/Files/School/year 2/semester 2/Game Engine Design 1/Landscape project/Saved/Config/Windows/Scalability.ini]
[2019.01.27-18.45.51:023][  0]LogConfig: Setting CVar [[foliage.DensityScale:1.0]]
[2019.01.27-18.45.51:023][  0]LogConfig: Setting CVar [[grass.DensityScale:1.0]]
[2019.01.27-18.45.51:023][  0]LogInit: Selected Device Profile: [Windows]
[2019.01.27-18.45.51:023][  0]LogInit: Applying CVar settings loaded from the selected device profile: [Windows]
[2019.01.27-18.45.51:031][  0]LogHAL: Display: Platform has ~ 16 GB [17114206208 / 17179869184 / 16], which maps to Larger [LargestMinGB=32, LargerMinGB=12, DefaultMinGB=8, SmallerMinGB=6, SmallestMinGB=0)
[2019.01.27-18.45.51:031][  0]LogConfig: Setting CVar [[r.Vulkan.UseRealUBs:1]]
[2019.01.27-18.45.51:031][  0]LogInit: Going up to parent DeviceProfile []
[2019.01.27-18.45.51:031][  0]LogConfig: Applying CVar settings from Section [ViewDistanceQuality@3] File [C:/Users/erico/Files/School/year 2/semester 2/Game Engine Design 1/Landscape project/Saved/Config/Windows/Scalability.ini]
[2019.01.27-18.45.51:031][  0]LogConfig: Setting CVar [[r.SkeletalMeshLODBias:0]]
[2019.01.27-18.45.51:031][  0]LogConfig: Setting CVar [[r.ViewDistanceScale:1.0]]
[2019.01.27-18.45.51:031][  0]LogConfig: Applying CVar settings from Section [AntiAliasingQuality@3] File [C:/Users/erico/Files/School/year 2/semester 2/Game Engine Design 1/Landscape project/Saved/Config/Windows/Scalability.ini]
[2019.01.27-18.45.51:031][  0]LogConfig: Setting CVar [[r.PostProcessAAQuality:4]]
[2019.01.27-18.45.51:031][  0]LogConfig: Applying CVar settings from Section [ShadowQuality@3] File [C:/Users/erico/Files/School/year 2/semester 2/Game Engine Design 1/Landscape project/Saved/Config/Windows/Scalability.ini]
[2019.01.27-18.45.51:031][  0]LogConfig: Setting CVar [[r.LightFunctionQuality:1]]
[2019.01.27-18.45.51:031][  0]LogConfig: Setting CVar [[r.ShadowQuality:5]]
[2019.01.27-18.45.51:031][  0]LogConfig: Setting CVar [[r.Shadow.CSM.MaxCascades:10]]
[2019.01.27-18.45.51:031][  0]LogConfig: Setting CVar [[r.Shadow.MaxResolution:2048]]
[2019.01.27-18.45.51:031][  0]LogConfig: Setting CVar [[r.Shadow.MaxCSMResolution:2048]]
[2019.01.27-18.45.51:031][  0]LogConfig: Setting CVar [[r.Shadow.RadiusThreshold:0.01]]
[2019.01.27-18.45.51:031][  0]LogConfig: Setting CVar [[r.Shadow.DistanceScale:1.0]]
[2019.01.27-18.45.51:031][  0]LogConfig: Setting CVar [[r.Shadow.CSM.TransitionScale:1.0]]
[2019.01.27-18.45.51:031][  0]LogConfig: Setting CVar [[r.Shadow.PreShadowResolutionFactor:1.0]]
[2019.01.27-18.45.51:031][  0]LogConfig: Setting CVar [[r.DistanceFieldShadowing:1]]
[2019.01.27-18.45.51:031][  0]LogConfig: Setting CVar [[r.DistanceFieldAO:1]]
[2019.01.27-18.45.51:031][  0]LogConfig: Setting CVar [[r.AOQuality:2]]
[2019.01.27-18.45.51:031][  0]LogConfig: Setting CVar [[r.VolumetricFog:1]]
[2019.01.27-18.45.51:031][  0]LogConfig: Setting CVar [[r.VolumetricFog.GridPixelSize:8]]
[2019.01.27-18.45.51:031][  0]LogConfig: Setting CVar [[r.VolumetricFog.GridSizeZ:128]]
[2019.01.27-18.45.51:031][  0]LogConfig: Setting CVar [[r.VolumetricFog.HistoryMissSupersampleCount:4]]
[2019.01.27-18.45.51:031][  0]LogConfig: Setting CVar [[r.LightMaxDrawDistanceScale:1]]
[2019.01.27-18.45.51:031][  0]LogConfig: Setting CVar [[r.CapsuleShadows:1]]
[2019.01.27-18.45.51:031][  0]LogConfig: Applying CVar settings from Section [PostProcessQuality@3] File [C:/Users/erico/Files/School/year 2/semester 2/Game Engine Design 1/Landscape project/Saved/Config/Windows/Scalability.ini]
[2019.01.27-18.45.51:031][  0]LogConfig: Setting CVar [[r.MotionBlurQuality:4]]
[2019.01.27-18.45.51:031][  0]LogConfig: Setting CVar [[r.AmbientOcclusionMipLevelFactor:0.4]]
[2019.01.27-18.45.51:031][  0]LogConfig: Setting CVar [[r.AmbientOcclusionMaxQuality:100]]
[2019.01.27-18.45.51:031][  0]LogConfig: Setting CVar [[r.AmbientOcclusionLevels:-1]]
[2019.01.27-18.45.51:031][  0]LogConfig: Setting CVar [[r.AmbientOcclusionRadiusScale:1.0]]
[2019.01.27-18.45.51:031][  0]LogConfig: Setting CVar [[r.DepthOfFieldQuality:2]]
[2019.01.27-18.45.51:031][  0]LogConfig: Setting CVar [[r.RenderTargetPoolMin:400]]
[2019.01.27-18.45.51:031][  0]LogConfig: Setting CVar [[r.LensFlareQuality:2]]
[2019.01.27-18.45.51:031][  0]LogConfig: Setting CVar [[r.SceneColorFringeQuality:1]]
[2019.01.27-18.45.51:031][  0]LogConfig: Setting CVar [[r.EyeAdaptationQuality:2]]
[2019.01.27-18.45.51:031][  0]LogConfig: Setting CVar [[r.BloomQuality:5]]
[2019.01.27-18.45.51:031][  0]LogConfig: Setting CVar [[r.FastBlurThreshold:100]]
[2019.01.27-18.45.51:031][  0]LogConfig: Setting CVar [[r.Upscale.Quality:3]]
[2019.01.27-18.45.51:031][  0]LogConfig: Setting CVar [[r.Tonemapper.GrainQuantization:1]]
[2019.01.27-18.45.51:031][  0]LogConfig: Setting CVar [[r.LightShaftQuality:1]]
[2019.01.27-18.45.51:031][  0]LogConfig: Setting CVar [[r.Filter.SizeScale:1]]
[2019.01.27-18.45.51:031][  0]LogConfig: Setting CVar [[r.Tonemapper.Quality:5]]
[2019.01.27-18.45.51:031][  0]LogConfig: Setting CVar [[r.DOF.Gather.AccumulatorQuality:1        ; higher gathering accumulator quality]]
[2019.01.27-18.45.51:031][  0]LogConfig: Setting CVar [[r.DOF.Gather.PostfilterMethod:1          ; Median3x3 postfilering method]]
[2019.01.27-18.45.51:031][  0]LogConfig: Setting CVar [[r.DOF.Gather.EnableBokehSettings:0       ; no bokeh simulation when gathering]]
[2019.01.27-18.45.51:031][  0]LogConfig: Setting CVar [[r.DOF.Gather.RingCount:4                 ; medium number of samples when gathering]]
[2019.01.27-18.45.51:031][  0]LogConfig: Setting CVar [[r.DOF.Scatter.ForegroundCompositing:1    ; additive foreground scattering]]
[2019.01.27-18.45.51:031][  0]LogConfig: Setting CVar [[r.DOF.Scatter.BackgroundCompositing:2    ; additive background scattering]]
[2019.01.27-18.45.51:031][  0]LogConfig: Setting CVar [[r.DOF.Scatter.EnableBokehSettings:1      ; bokeh simulation when scattering]]
[2019.01.27-18.45.51:031][  0]LogConfig: Setting CVar [[r.DOF.Scatter.MaxSpriteRatio:0.1         ; only a maximum of 10% of scattered bokeh]]
[2019.01.27-18.45.51:031][  0]LogConfig: Setting CVar [[r.DOF.Recombine.Quality:1                ; cheap slight out of focus]]
[2019.01.27-18.45.51:031][  0]LogConfig: Setting CVar [[r.DOF.Recombine.EnableBokehSettings:0    ; no bokeh simulation on slight out of focus]]
[2019.01.27-18.45.51:031][  0]LogConfig: Setting CVar [[r.DOF.TemporalAAQuality:1                ; more stable temporal accumulation]]
[2019.01.27-18.45.51:031][  0]LogConfig: Setting CVar [[r.DOF.Kernel.MaxForegroundRadius:0.025]]
[2019.01.27-18.45.51:031][  0]LogConfig: Setting CVar [[r.DOF.Kernel.MaxBackgroundRadius:0.025]]
[2019.01.27-18.45.51:031][  0]LogConfig: Applying CVar settings from Section [TextureQuality@3] File [C:/Users/erico/Files/School/year 2/semester 2/Game Engine Design 1/Landscape project/Saved/Config/Windows/Scalability.ini]
[2019.01.27-18.45.51:031][  0]LogConfig: Setting CVar [[r.Streaming.MipBias:0]]
[2019.01.27-18.45.51:031][  0]LogConfig: Setting CVar [[r.Streaming.AmortizeCPUToGPUCopy:0]]
[2019.01.27-18.45.51:031][  0]LogConfig: Setting CVar [[r.Streaming.MaxNumTexturesToStreamPerFrame:0]]
[2019.01.27-18.45.51:031][  0]LogConfig: Setting CVar [[r.Streaming.Boost:1]]
[2019.01.27-18.45.51:032][  0]LogConfig: Setting CVar [[r.MaxAnisotropy:8]]
[2019.01.27-18.45.51:032][  0]LogConfig: Setting CVar [[r.Streaming.LimitPoolSizeToVRAM:0]]
[2019.01.27-18.45.51:032][  0]LogConfig: Setting CVar [[r.Streaming.PoolSize:1000]]
[2019.01.27-18.45.51:032][  0]LogConfig: Setting CVar [[r.Streaming.MaxEffectiveScreenSize:0]]
[2019.01.27-18.45.51:032][  0]LogConfig: Applying CVar settings from Section [EffectsQuality@3] File [C:/Users/erico/Files/School/year 2/semester 2/Game Engine Design 1/Landscape project/Saved/Config/Windows/Scalability.ini]
[2019.01.27-18.45.51:032][  0]LogConfig: Setting CVar [[r.TranslucencyLightingVolumeDim:64]]
[2019.01.27-18.45.51:032][  0]LogConfig: Setting CVar [[r.RefractionQuality:2]]
[2019.01.27-18.45.51:032][  0]LogConfig: Setting CVar [[r.SSR.Quality:3]]
[2019.01.27-18.45.51:032][  0]LogConfig: Setting CVar [[r.SceneColorFormat:4]]
[2019.01.27-18.45.51:032][  0]LogConfig: Setting CVar [[r.DetailMode:2]]
[2019.01.27-18.45.51:032][  0]LogConfig: Setting CVar [[r.TranslucencyVolumeBlur:1]]
[2019.01.27-18.45.51:032][  0]LogConfig: Setting CVar [[r.MaterialQualityLevel:1 ; High quality]]
[2019.01.27-18.45.51:032][  0]LogConfig: Setting CVar [[r.SSS.Scale:1]]
[2019.01.27-18.45.51:032][  0]LogConfig: Setting CVar [[r.SSS.SampleSet:2]]
[2019.01.27-18.45.51:032][  0]LogConfig: Setting CVar [[r.SSS.Quality:1]]
[2019.01.27-18.45.51:032][  0]LogConfig: Setting CVar [[r.SSS.HalfRes:1]]
[2019.01.27-18.45.51:032][  0]LogConfig: Setting CVar [[r.EmitterSpawnRateScale:1.0]]
[2019.01.27-18.45.51:032][  0]LogConfig: Setting CVar [[r.ParticleLightQuality:2]]
[2019.01.27-18.45.51:032][  0]LogConfig: Applying CVar settings from Section [FoliageQuality@3] File [C:/Users/erico/Files/School/year 2/semester 2/Game Engine Design 1/Landscape project/Saved/Config/Windows/Scalability.ini]
[2019.01.27-18.45.51:032][  0]LogConfig: Setting CVar [[foliage.DensityScale:1.0]]
[2019.01.27-18.45.51:032][  0]LogConfig: Setting CVar [[grass.DensityScale:1.0]]
[2019.01.27-18.45.51:032][  0]LogConfig: Applying CVar settings from Section [Startup] File [../../../Engine/Config/ConsoleVariables.ini]
[2019.01.27-18.45.51:032][  0]LogConfig: Setting CVar [[net.UseAdaptiveNetUpdateFrequency:0]]
[2019.01.27-18.45.51:032][  0]LogConfig: Applying CVar settings from Section [ConsoleVariables] File [C:/Users/erico/Files/School/year 2/semester 2/Game Engine Design 1/Landscape project/Saved/Config/Windows/Engine.ini]
[2019.01.27-18.45.51:032][  0]LogInit: Computer: ELECTROSHOCKIST
[2019.01.27-18.45.51:032][  0]LogInit: User: erico
[2019.01.27-18.45.51:032][  0]LogInit: CPU Page size=4096, Cores=4
[2019.01.27-18.45.51:032][  0]LogInit: High frequency timer resolution =3.423909 MHz
[2019.01.27-18.45.51:032][  0]LogMemory: Memory total: Physical=15.9GB (16GB approx)
[2019.01.27-18.45.51:032][  0]LogMemory: Platform Memory Stats for Windows
[2019.01.27-18.45.51:032][  0]LogMemory: Process Physical Memory: 102.68 MB used, 102.68 MB peak
[2019.01.27-18.45.51:032][  0]LogMemory: Process Virtual Memory: 84.94 MB used, 84.94 MB peak
[2019.01.27-18.45.51:032][  0]LogMemory: Physical Memory: 8213.40 MB used,  8107.98 MB free, 16321.38 MB total
[2019.01.27-18.45.51:033][  0]LogMemory: Virtual Memory: 4635.19 MB used,  134213096.00 MB free, 134217728.00 MB total
[2019.01.27-18.45.51:053][  0]LogInit: Using OS detected language (en-US).
[2019.01.27-18.45.51:053][  0]LogInit: Using OS detected locale (en-US).
[2019.01.27-18.45.51:054][  0]LogTextLocalizationManager: No specific localization for 'en-US' exists, so the 'en' localization will be used.
[2019.01.27-18.45.51:435][  0]LogStreaming: Display: Took  0.383s to InitEngineTextLocalization.
[2019.01.27-18.45.51:435][  0]LogInit: Setting process to per monitor DPI aware
[2019.01.27-18.45.51:476][  0]LogSlate: New Slate User Created.  User Index 0, Is Virtual User: 0
[2019.01.27-18.45.51:476][  0]LogSlate: Slate User Registered.  User Index 0, Is Virtual User: 0
[2019.01.27-18.45.51:633][  0]LogHMD: Failed to initialize OpenVR with code 110
[2019.01.27-18.45.51:633][  0]LogD3D11RHI: D3D11 adapters:
[2019.01.27-18.45.51:695][  0]LogD3D11RHI:    0. 'NVIDIA GeForce GTX 970' (Feature Level 11_0)
[2019.01.27-18.45.51:695][  0]LogD3D11RHI:       4043/0/8160 MB DedicatedVideo/DedicatedSystem/SharedSystem, Outputs:2, VendorId:0x10de
[2019.01.27-18.45.51:697][  0]LogD3D11RHI:    1. 'Microsoft Basic Render Driver' (Feature Level 11_0)
[2019.01.27-18.45.51:697][  0]LogD3D11RHI:       0/0/8160 MB DedicatedVideo/DedicatedSystem/SharedSystem, Outputs:0, VendorId:0x1414
[2019.01.27-18.45.51:697][  0]LogD3D11RHI: Chosen D3D11 Adapter: 0
[2019.01.27-18.45.51:708][  0]LogD3D11RHI: Creating new Direct3DDevice
[2019.01.27-18.45.51:708][  0]LogD3D11RHI:     GPU DeviceId: 0x13c2 (for the marketing name, search the web for "GPU Device Id")
[2019.01.27-18.45.51:708][  0]LogWindows: EnumDisplayDevices:
[2019.01.27-18.45.51:709][  0]LogWindows:    0. 'NVIDIA GeForce GTX 970' (P:1 D:1)
[2019.01.27-18.45.51:709][  0]LogWindows:    1. 'NVIDIA GeForce GTX 970' (P:0 D:1)
[2019.01.27-18.45.51:709][  0]LogWindows:    2. 'NVIDIA GeForce GTX 970' (P:0 D:0)
[2019.01.27-18.45.51:709][  0]LogWindows:    3. 'NVIDIA GeForce GTX 970' (P:0 D:0)
[2019.01.27-18.45.51:710][  0]LogWindows: DebugString: FoundDriverCount:4 
[2019.01.27-18.45.51:710][  0]LogD3D11RHI:     Adapter Name: NVIDIA GeForce GTX 970
[2019.01.27-18.45.51:710][  0]LogD3D11RHI:   Driver Version: 417.71 (internal:25.21.14.1771, unified:417.71)
[2019.01.27-18.45.51:710][  0]LogD3D11RHI:      Driver Date: 1-11-2019
[2019.01.27-18.45.51:710][  0]LogRHI: Texture pool is 2830 MB (70% of 4043 MB)
[2019.01.27-18.45.51:747][  0]LogD3D11RHI: Async texture creation enabled
[2019.01.27-18.45.51:771][  0]LogD3D11RHI: GPU Timing Frequency: 1000.000000 (Debug: 2 2)
[2019.01.27-18.45.52:966][  0]LogTemp: Display: Loaded TP AllDesktopTargetPlatform
[2019.01.27-18.45.52:979][  0]LogTemp: Display: Loaded TP MacClientTargetPlatform
[2019.01.27-18.45.52:991][  0]LogTemp: Display: Loaded TP MacNoEditorTargetPlatform
[2019.01.27-18.45.53:003][  0]LogTemp: Display: Loaded TP MacServerTargetPlatform
[2019.01.27-18.45.53:016][  0]LogTemp: Display: Loaded TP MacTargetPlatform
[2019.01.27-18.45.53:028][  0]LogTemp: Display: Loaded TP WindowsClientTargetPlatform
[2019.01.27-18.45.53:041][  0]LogTemp: Display: Loaded TP WindowsNoEditorTargetPlatform
[2019.01.27-18.45.53:055][  0]LogTemp: Display: Loaded TP WindowsServerTargetPlatform
[2019.01.27-18.45.53:061][  0]LogTemp: Display: Loaded TP WindowsTargetPlatform
[2019.01.27-18.45.53:128][  0]LogTemp: Display: Loaded TP AndroidTargetPlatform
[2019.01.27-18.45.53:128][  0]LogTemp: Display: Loaded TP AndroidTargetPlatform
[2019.01.27-18.45.53:128][  0]LogTemp: Display: Loaded TP AndroidTargetPlatform
[2019.01.27-18.45.53:128][  0]LogTemp: Display: Loaded TP AndroidTargetPlatform
[2019.01.27-18.45.53:128][  0]LogTemp: Display: Loaded TP AndroidTargetPlatform
[2019.01.27-18.45.53:128][  0]LogTemp: Display: Loaded TP AndroidTargetPlatform
[2019.01.27-18.45.53:128][  0]LogTemp: Display: Loaded TP AndroidTargetPlatform
[2019.01.27-18.45.53:128][  0]LogTemp: Display: Loaded TP AndroidTargetPlatform
[2019.01.27-18.45.53:128][  0]LogTemp: Display: Loaded TP AndroidTargetPlatform
[2019.01.27-18.45.53:128][  0]LogTemp: Display: Loaded TP AndroidTargetPlatform
[2019.01.27-18.45.53:128][  0]LogTemp: Display: Loaded TP AndroidTargetPlatform
[2019.01.27-18.45.53:128][  0]LogTemp: Display: Loaded TP AndroidTargetPlatform
[2019.01.27-18.45.53:128][  0]LogTemp: Display: Loaded TP AndroidTargetPlatform
[2019.01.27-18.45.53:128][  0]LogTemp: Display: Loaded TP AndroidTargetPlatform
[2019.01.27-18.45.53:128][  0]LogTemp: Display: Loaded TP AndroidTargetPlatform
[2019.01.27-18.45.53:128][  0]LogTemp: Display: Loaded TP AndroidTargetPlatform
[2019.01.27-18.45.53:128][  0]LogTemp: Display: Loaded TP AndroidTargetPlatform
[2019.01.27-18.45.53:128][  0]LogTemp: Display: Loaded TP AndroidTargetPlatform
[2019.01.27-18.45.53:130][  0]LogTemp: Display: Loaded TP HTML5TargetPlatform
[2019.01.27-18.45.53:187][  0]LogTemp: Display: Loaded TP IOSTargetPlatform
[2019.01.27-18.45.53:187][  0]LogTemp: Display: Loaded TP IOSTargetPlatform
[2019.01.27-18.45.53:207][  0]LogTemp: Display: Loaded TP TVOSTargetPlatform
[2019.01.27-18.45.53:207][  0]LogTemp: Display: Loaded TP TVOSTargetPlatform
[2019.01.27-18.45.53:218][  0]LogTemp: Display: Loaded TP LinuxClientTargetPlatform
[2019.01.27-18.45.53:229][  0]LogTemp: Display: Loaded TP LinuxNoEditorTargetPlatform
[2019.01.27-18.45.53:240][  0]LogTemp: Display: Loaded TP LinuxServerTargetPlatform
[2019.01.27-18.45.53:252][  0]LogTemp: Display: Loaded TP LinuxTargetPlatform
[2019.01.27-18.45.53:292][  0]LogTemp: Display: Loaded TP LuminTargetPlatform
[2019.01.27-18.45.53:292][  0]LogTemp: Display: Loaded TP LuminTargetPlatform
[2019.01.27-18.45.53:292][  0]LogTargetPlatformManager: Display: Building Assets For Windows
[2019.01.27-18.45.53:435][  0]LogShaderCompilers: Guid format shader working directory is -53 characters bigger than the processId version (../../../../../../Users/erico/Files/School/year 2/semester 2/Game Engine Design 1/Landscape project/Intermediate/Shaders/WorkingDirectory/5304/).
[2019.01.27-18.45.53:436][  0]LogShaderCompilers: Cleaned the shader compiler working directory 'C:/Users/erico/AppData/Local/Temp/UnrealShaderWorkingDir/23C2D05E44EE37CA2C25E282347F2C9B/'.
[2019.01.27-18.45.53:439][  0]LogXGEController: Cannot use XGE Controller as Incredibuild is not installed on this machine.
[2019.01.27-18.45.53:439][  0]LogShaderCompilers: Cannot use XGE Shader Compiler as Incredibuild is not installed on this machine.
[2019.01.27-18.45.53:439][  0]LogShaderCompilers: Display: Using Local Shader Compiler.
[2019.01.27-18.45.53:897][  0]LogDerivedDataCache: Display: Max Cache Size: 512 MB
[2019.01.27-18.45.53:964][  0]LogDerivedDataCache: Loaded boot cache 0.07s 71MB C:/Users/erico/AppData/Local/UnrealEngine/4.21/DerivedDataCache/Boot.ddc.
[2019.01.27-18.45.53:964][  0]LogDerivedDataCache: Display: Loaded Boot cache: C:/Users/erico/AppData/Local/UnrealEngine/4.21/DerivedDataCache/Boot.ddc
[2019.01.27-18.45.53:964][  0]LogDerivedDataCache: FDerivedDataBackendGraph:  Pak pak cache file ../../../../../../Users/erico/Files/School/year 2/semester 2/Game Engine Design 1/Landscape project/DerivedDataCache/DDC.ddp not found, will not use a pak cache.
[2019.01.27-18.45.53:964][  0]LogDerivedDataCache: Unable to find inner node Pak for hierarchical cache Hierarchy.
[2019.01.27-18.45.53:964][  0]LogDerivedDataCache: FDerivedDataBackendGraph:  CompressedPak pak cache file ../../../../../../Users/erico/Files/School/year 2/semester 2/Game Engine Design 1/Landscape project/DerivedDataCache/Compressed.ddp not found, will not use a pak cache.
[2019.01.27-18.45.53:964][  0]LogDerivedDataCache: Unable to find inner node CompressedPak for hierarchical cache Hierarchy.
[2019.01.27-18.45.53:976][  0]LogDerivedDataCache: Display: Pak cache opened for reading ../../../Engine/DerivedDataCache/Compressed.ddp.
[2019.01.27-18.45.53:976][  0]LogDerivedDataCache: FDerivedDataBackendGraph:  EnterprisePak pak cache file ../../../Enterprise/DerivedDataCache/Compressed.ddp not found, will not use a pak cache.
[2019.01.27-18.45.53:976][  0]LogDerivedDataCache: Unable to find inner node EnterprisePak for hierarchical cache Hierarchy.
[2019.01.27-18.45.53:988][  0]LogDerivedDataCache: Using Local data cache path C:/Users/erico/AppData/Local/UnrealEngine/Common/DerivedDataCache: Writable
[2019.01.27-18.45.53:988][  0]LogDerivedDataCache: Shared data cache path not found in *engine.ini, will not use an Shared cache.
[2019.01.27-18.45.53:988][  0]LogDerivedDataCache: Unable to find inner node Shared for hierarchical cache Hierarchy.
[2019.01.27-18.45.54:008][  0]LogMaterial: Verifying Global Shaders for PCD3D_SM5
[2019.01.27-18.45.54:009][  0]LogSlate: Using FreeType 2.6.0
[2019.01.27-18.45.54:010][  0]LogSlate: SlateFontServices - WITH_FREETYPE: 1, WITH_HARFBUZZ: 1
[2019.01.27-18.45.54:089][  0]LogAssetRegistry: FAssetRegistry took 0.0322 seconds to start up
[2019.01.27-18.45.54:383][  0]LogInit: Selected Device Profile: [Windows]
[2019.01.27-18.45.54:522][  0]LogSimplygon: Simplygon DLL not present - disabling.
[2019.01.27-18.45.54:527][  0]LogMeshReduction: Using SimplygonSwarm for distributed automatic mesh merging
[2019.01.27-18.45.54:527][  0]LogMeshReduction: Using ProxyLODMeshReduction for automatic mesh merging
[2019.01.27-18.45.54:527][  0]LogMeshReduction: Using QuadricMeshReduction for automatic static mesh reduction
[2019.01.27-18.45.54:527][  0]LogMeshReduction: No automatic skeletal mesh reduction module available
[2019.01.27-18.45.54:540][  0]LogNetVersion: LandsacpeProject 1.0.0, NetCL: 4541578, EngineNetVer: 5, GameNetVer: 0 (Checksum: 4048471437)
[2019.01.27-18.45.54:985][  0]LogPackageLocalizationCache: Processed 11 localized package path(s) for 2 prioritized culture(s) in 0.058830 seconds
[2019.01.27-18.45.54:993][  0]LogUObjectArray: 39775 objects as part of root set at end of initial load.
[2019.01.27-18.45.54:993][  0]LogUObjectAllocator: 6914656 out of 0 bytes used by permanent object pool.
[2019.01.27-18.45.54:993][  0]LogUObjectArray: CloseDisregardForGC: 0/0 objects in disregard for GC pool
[2019.01.27-18.46.35:595][  0]LogTcpMessaging: Initializing TcpMessaging bridge
[2019.01.27-18.46.35:609][  0]LogUdpMessaging: Initializing bridge on interface 0.0.0.0:0 to multicast group 230.0.0.1:6666.
[2019.01.27-18.46.36:492][  0]SourceControl: Source control is disabled
[2019.01.27-18.46.36:493][  0]SourceControl: Source control is disabled
[2019.01.27-18.46.36:494][  0]SourceControl: Source control is disabled
[2019.01.27-18.46.36:495][  0]SourceControl: Source control is disabled
[2019.01.27-18.46.36:706][  0]LogAndroidPermission: UAndroidPermissionCallbackProxy::GetInstance
[2019.01.27-18.46.36:990][  0]LogOcInput: OculusInput pre-init called
[2019.01.27-18.46.37:174][  0]LogEngine: Initializing Engine...
[2019.01.27-18.46.37:174][  0]LogHMD: Failed to initialize OpenVR with code 110
[2019.01.27-18.46.37:175][  0]LogStats: UGameplayTagsManager::ConstructGameplayTagTree: ImportINI prefixes -  0.000 s
[2019.01.27-18.46.37:175][  0]LogStats: UGameplayTagsManager::ConstructGameplayTagTree: Construct from data asset -  0.000 s
[2019.01.27-18.46.37:175][  0]LogStats: UGameplayTagsManager::ConstructGameplayTagTree: ImportINI -  0.000 s
[2019.01.27-18.46.37:175][  0]LogStats: UGameplayTagsManager::ConstructGameplayTagTree: GameplayTagTreeChangedEvent.Broadcast -  0.000 s
[2019.01.27-18.46.37:422][  0]LogInit: Initializing FReadOnlyCVARCache
[2019.01.27-18.46.37:438][  0]LogAIModule: Creating AISystem for world Untitled
[2019.01.27-18.46.37:561][  0]LogInit: XAudio2 using 'Speakers (Logitech G433 Gaming Headset)' : 6 channels at 48 kHz using 16 bits per sample (channel mask 0x3f)
[2019.01.27-18.46.37:584][  0]LogInit: FAudioDevice initialized.
[2019.01.27-18.46.37:585][  0]LogNetVersion: Set ProjectVersion to 1.0.0.0. Version Checksum will be recalculated on next use.
[2019.01.27-18.46.37:593][  0]LogDerivedDataCache: Error: Could not save memory cache C:/Users/erico/AppData/Local/UnrealEngine/4.21/DerivedDataCache/Boot.ddc.
[2019.01.27-18.46.37:601][  0]LogInit: Texture streaming: Enabled
[2019.01.27-18.46.37:623][  0]LogEngineSessionManager: EngineSessionManager initialized
[2019.01.27-18.46.37:776][  0]LogInit: Transaction tracking system initialized
[2019.01.27-18.46.37:806][  0]BlueprintLog: New page: Editor Load
[2019.01.27-18.46.37:987][  0]LocalizationService: Localization service is disabled
[2019.01.27-18.46.38:667][  0]LogFileCache: Scanning file cache for directory 'C:/Users/erico/Files/School/year 2/semester 2/Game Engine Design 1/Landscape project/Content/' took 0.04s
[2019.01.27-18.46.38:667][  0]LogCook: Display: Max memory allowance for cook 16384mb min free memory 0mb
[2019.01.27-18.46.38:667][  0]LogCook: Display: Mobile HDR setting 1
[2019.01.27-18.46.38:673][  0]LogGameplayTags: Display: UGameplayTagsManager::DoneAddingNativeTags. DelegateIsBound: 0
[2019.01.27-18.46.38:674][  0]LogStats: UGameplayTagsManager::ConstructGameplayTagTree: ImportINI prefixes -  0.000 s
[2019.01.27-18.46.38:674][  0]LogStats: UGameplayTagsManager::ConstructGameplayTagTree: Construct from data asset -  0.000 s
[2019.01.27-18.46.38:674][  0]LogStats: UGameplayTagsManager::ConstructGameplayTagTree: ImportINI -  0.000 s
[2019.01.27-18.46.38:674][  0]LogStats: UGameplayTagsManager::ConstructGameplayTagTree: GameplayTagTreeChangedEvent.Broadcast -  0.000 s
[2019.01.27-18.46.38:809][  0]SourceControl: Source control is disabled
[2019.01.27-18.46.38:810][  0]LightingResults: New page: Lighting Build
[2019.01.27-18.46.38:814][  0]MapCheck: New page: Map Check
[2019.01.27-18.46.38:814][  0]LightingResults: New page: Lighting Build
[2019.01.27-18.46.47:038][  0]LogAIModule: Creating AISystem for world ThirdPersonExampleMap
[2019.01.27-18.46.59:574][  0]LogEditorServer: Finished looking for orphan Actors (0.000 secs)
[2019.01.27-18.46.59:677][  0]Cmd: MAP CHECKDEP NOCLEARLOG
[2019.01.27-18.46.59:678][  0]MapCheck: Map check complete: 0 Error(s), 0 Warning(s), took 0.215ms to complete.
[2019.01.27-18.46.59:678][  0]LogFileHelpers: Loading map 'ThirdPersonExampleMap' took 20.867
[2019.01.27-18.47.00:865][  0]LogSlate: Updating window title bar state: overlay mode, drag disabled, window buttons hidden, title bar hidden
[2019.01.27-18.47.00:872][  0]LogSlate: Updating window title bar state: overlay mode, drag disabled, window buttons hidden, title bar hidden
[2019.01.27-18.47.00:879][  0]LogSlate: Updating window title bar state: overlay mode, drag disabled, window buttons hidden, title bar hidden
[2019.01.27-18.47.00:886][  0]LogSlate: Updating window title bar state: overlay mode, drag disabled, window buttons hidden, title bar hidden
[2019.01.27-18.47.01:043][  0]LogCollectionManager: Loaded 0 collections in 0.039918 seconds
[2019.01.27-18.47.01:322][  0]LogFileCache: Scanning file cache for directory 'C:/Users/erico/Files/School/year 2/semester 2/Game Engine Design 1/Landscape project/Saved/Collections/' took 0.01s
[2019.01.27-18.47.01:322][  0]LogFileCache: Scanning file cache for directory 'C:/Users/erico/Files/School/year 2/semester 2/Game Engine Design 1/Landscape project/Content/Developers/erico/Collections/' took 0.00s
[2019.01.27-18.47.01:322][  0]LogFileCache: Scanning file cache for directory 'C:/Users/erico/Files/School/year 2/semester 2/Game Engine Design 1/Landscape project/Content/Collections/' took 0.00s
[2019.01.27-18.47.01:322][  0]LogCollectionManager: Rebuilt the GUID cache for 0 collections in 0.000000 seconds
[2019.01.27-18.47.01:331][  0]LogContentBrowser: Native class hierarchy populated in 0.0083 seconds. Added 2651 classes and 620 folders.
[2019.01.27-18.47.01:474][  0]LogContentBrowser: Native class hierarchy updated for 'WidgetCarousel' in 0.0003 seconds. Added 0 classes and 0 folders.
[2019.01.27-18.47.01:605][  0]LogPakFile: Registered encryption key '00000000000000000000000000000000': 0 pak files mounted, 0 remain pending
[2019.01.27-18.47.01:667][  0]LogPakFile: Registered encryption key '00000000000000000000000000000000': 0 pak files mounted, 0 remain pending
[2019.01.27-18.47.01:669][  0]LogPakFile: Registered encryption key '00000000000000000000000000000000': 0 pak files mounted, 0 remain pending
[2019.01.27-18.47.01:714][  0]LogPakFile: Registered encryption key '00000000000000000000000000000000': 0 pak files mounted, 0 remain pending
[2019.01.27-18.47.01:715][  0]LogPakFile: Registered encryption key '00000000000000000000000000000000': 0 pak files mounted, 0 remain pending
[2019.01.27-18.47.01:716][  0]LogPakFile: Registered encryption key '00000000000000000000000000000000': 0 pak files mounted, 0 remain pending
[2019.01.27-18.47.01:717][  0]LogPakFile: Registered encryption key '00000000000000000000000000000000': 0 pak files mounted, 0 remain pending
[2019.01.27-18.47.01:719][  0]LogPakFile: Registered encryption key '00000000000000000000000000000000': 0 pak files mounted, 0 remain pending
[2019.01.27-18.47.01:721][  0]LogPakFile: Registered encryption key '00000000000000000000000000000000': 0 pak files mounted, 0 remain pending
[2019.01.27-18.47.01:775][  0]LogPakFile: Registered encryption key '00000000000000000000000000000000': 0 pak files mounted, 0 remain pending
[2019.01.27-18.47.01:776][  0]LogPakFile: Registered encryption key '00000000000000000000000000000000': 0 pak files mounted, 0 remain pending
[2019.01.27-18.47.01:778][  0]LogPakFile: Registered encryption key '00000000000000000000000000000000': 0 pak files mounted, 0 remain pending
[2019.01.27-18.47.01:779][  0]LogPakFile: Registered encryption key '00000000000000000000000000000000': 0 pak files mounted, 0 remain pending
[2019.01.27-18.47.01:781][  0]LogPakFile: Registered encryption key '00000000000000000000000000000000': 0 pak files mounted, 0 remain pending
[2019.01.27-18.47.01:783][  0]LogPakFile: Registered encryption key '00000000000000000000000000000000': 0 pak files mounted, 0 remain pending
[2019.01.27-18.47.01:827][  0]LogPakFile: Registered encryption key '00000000000000000000000000000000': 0 pak files mounted, 0 remain pending
[2019.01.27-18.47.01:828][  0]LogPakFile: Registered encryption key '00000000000000000000000000000000': 0 pak files mounted, 0 remain pending
[2019.01.27-18.47.01:829][  0]LogPakFile: Registered encryption key '00000000000000000000000000000000': 0 pak files mounted, 0 remain pending
[2019.01.27-18.47.01:830][  0]LogPakFile: Registered encryption key '00000000000000000000000000000000': 0 pak files mounted, 0 remain pending
[2019.01.27-18.47.01:832][  0]LogPakFile: Registered encryption key '00000000000000000000000000000000': 0 pak files mounted, 0 remain pending
[2019.01.27-18.47.01:833][  0]LogPakFile: Registered encryption key '00000000000000000000000000000000': 0 pak files mounted, 0 remain pending
[2019.01.27-18.47.01:834][  0]LogPakFile: Registered encryption key '00000000000000000000000000000000': 0 pak files mounted, 0 remain pending
[2019.01.27-18.47.01:835][  0]LogPakFile: Registered encryption key '00000000000000000000000000000000': 0 pak files mounted, 0 remain pending
[2019.01.27-18.47.01:836][  0]LogPakFile: Registered encryption key '00000000000000000000000000000000': 0 pak files mounted, 0 remain pending
[2019.01.27-18.47.01:837][  0]LogPakFile: Registered encryption key '00000000000000000000000000000000': 0 pak files mounted, 0 remain pending
[2019.01.27-18.47.01:859][  0]LogPakFile: Registered encryption key '00000000000000000000000000000000': 0 pak files mounted, 0 remain pending
[2019.01.27-18.47.02:840][  0]LogContentBrowser: Native class hierarchy updated for 'AddContentDialog' in 0.0003 seconds. Added 0 classes and 0 folders.
[2019.01.27-18.47.02:893][  0]LogContentBrowser: Native class hierarchy updated for 'SceneOutliner' in 0.0003 seconds. Added 1 classes and 2 folders.
[2019.01.27-18.47.03:696][  0]LogSlate: Took 0.000084 seconds to synchronously load lazily loaded font '../../../Engine/Content/Slate/Fonts/Roboto-Regular.ttf' (155K)
[2019.01.27-18.47.03:698][  0]LogSlate: Took 0.000099 seconds to synchronously load lazily loaded font '../../../Engine/Content/Slate/Fonts/Roboto-Bold.ttf' (160K)
[2019.01.27-18.47.03:768][  0]LogSlate: Took 0.014040 seconds to synchronously load lazily loaded font '../../../Engine/Content/Editor/Slate/Fonts/FontAwesome.ttf' (139K)
[2019.01.27-18.47.04:393][  0]LogRenderer: Reallocating scene render targets to support 1616x808 Format 10 NumSamples 1 (Frame:1).
[2019.01.27-18.47.05:216][  0]LogContentBrowser: Native class hierarchy updated for 'HierarchicalLODOutliner' in 0.0003 seconds. Added 0 classes and 0 folders.
[2019.01.27-18.47.05:216][  0]LogLoad: (Engine Initialization) Total time: 76.25 seconds
[2019.01.27-18.47.05:216][  0]LogLoad: (Engine Initialization) Total Blueprint compile time: 0.00 seconds
[2019.01.27-18.47.05:721][  0]LogContentStreaming: Texture pool size now 1000 MB
[2019.01.27-18.47.05:949][  1]LogAssetRegistry: Asset discovery search completed in 71.8832 seconds
[2019.01.27-18.47.05:952][  1]LogCollectionManager: Rebuilt the object cache for 0 collections in 0.000000 seconds (found 0 objects)
[2019.01.27-18.47.05:952][  1]LogCollectionManager: Fixed up redirectors for 0 collections in 0.000039 seconds (updated 0 objects)
[2019.01.27-18.50.30:818][535]LogSlate: FSceneViewport::OnFocusLost() reason 0
[2019.01.27-18.51.15:399][ 41]LogTexture: Display: Building textures: T_ScotsPine_Bark_03_D_Tex (AutoDXT, 512X4096)
[2019.01.27-18.51.15:399][ 41]LogTexture: Display: Building textures: T_ScotsPine_Bark_01_Tex (AutoDXT, 2048X4096)
[2019.01.27-18.51.15:399][ 41]LogTexture: Display: Building textures: T_ScotsPine_Bark_01_N_Tex (BC5, 2048X4096)
[2019.01.27-18.51.15:399][ 41]LogTexture: Display: Building textures: ScotsPine_01_Atlas_Billboards_Tex (AutoDXT, 2048X2048)
[2019.01.27-18.51.15:399][ 41]LogTexture: Display: Building textures: ScotsPine_01_Atlas_Billboards_Normal_Tex (BC5, 2048X2048)
[2019.01.27-18.51.15:399][ 41]LogTexture: Display: Building textures: ScotsPine_01_Atlas_Tex (AutoDXT, 4096X4096)
[2019.01.27-18.51.15:399][ 41]LogMaterial: Display: Missing cached shader map for material ScotsPine_01_Branches_2_Mat, compiling. 
[2019.01.27-18.51.20:666][ 41]LogShaderCompilers: Display: Shaders left to compile 42
[2019.01.27-18.51.20:666][ 41]LogShaderCompilers: Display: Shaders left to compile 32
[2019.01.27-18.51.20:666][ 41]LogShaderCompilers: Display: Shaders left to compile 22
[2019.01.27-18.51.20:666][ 41]LogTexture: Display: Building textures: ScotsPine_01_Atlas_Specular_Tex (AutoDXT, 4096X4096)
[2019.01.27-18.51.20:666][ 41]LogTexture: Display: Building textures: ScotsPine_01_Atlas_Normal_Tex (BC5, 4096X4096)
[2019.01.27-18.51.20:666][ 41]LogTexture: Display: Building textures: T_ScotsPine_Bark_03_N (BC5, 512X4096)
[2019.01.27-18.51.20:666][ 41]LogMaterial: Display: Missing cached shader map for material ScotsPine_01_Leaves_Mat, compiling. 
[2019.01.27-18.51.20:708][ 41]LogMaterial: Display: Missing cached shader map for material ScotsPine_01_Fronds_Mat, compiling. 
[2019.01.27-18.51.20:737][ 41]LogMaterial: Display: Missing cached shader map for material ScotsPine_01_Branches_Mat, compiling. 
[2019.01.27-18.51.21:829][ 41]LogStaticMesh: Building static mesh ScotsPine_01...
[2019.01.27-18.51.21:833][ 41]LogSlate: Took 0.000169 seconds to synchronously load lazily loaded font '../../../Engine/Content/Slate/Fonts/Roboto-Light.ttf' (167K)
[2019.01.27-18.53.50:005][ 41]LogShaderCompilers: Display: Shaders left to compile 142
[2019.01.27-18.53.50:006][ 41]LogShaderCompilers: Display: Shaders left to compile 132
[2019.01.27-18.53.50:006][ 41]LogShaderCompilers: Display: Shaders left to compile 122
[2019.01.27-18.53.50:006][ 41]LogShaderCompilers: Display: Shaders left to compile 112
[2019.01.27-18.53.50:007][ 41]LogShaderCompilers: Display: Shaders left to compile 102
[2019.01.27-18.53.50:007][ 41]LogShaderCompilers: Display: Shaders left to compile 92
[2019.01.27-18.53.50:007][ 41]LogShaderCompilers: Display: Shaders left to compile 82
[2019.01.27-18.53.50:007][ 41]LogShaderCompilers: Display: Shaders left to compile 72
[2019.01.27-18.53.50:007][ 41]LogShaderCompilers: Display: Shaders left to compile 62
[2019.01.27-18.53.50:007][ 41]LogShaderCompilers: Display: Shaders left to compile 52
[2019.01.27-18.53.50:007][ 41]LogShaderCompilers: Display: Shaders left to compile 42
[2019.01.27-18.53.50:007][ 41]LogShaderCompilers: Display: Shaders left to compile 32
[2019.01.27-18.53.50:008][ 41]LogShaderCompilers: Display: Shaders left to compile 22
[2019.01.27-18.53.50:008][ 41]LogShaderCompilers: Display: Shaders left to compile 12
[2019.01.27-18.53.50:008][ 41]LogShaderCompilers: Display: Shaders left to compile 2
[2019.01.27-18.53.50:008][ 41]LogStaticMesh: Built static mesh [148.18s] /Game/KiteDemo/Environments/Trees/ScotsPine_01/ScotsPine_01.ScotsPine_01
[2019.01.27-18.53.50:294][ 41]LogMaterial: Display: Missing cached shader map for material ScotsPine_01_Billboard_Mat, compiling. 
[2019.01.27-18.53.50:440][ 41]LogShaderCompilers: Display: Shaders left to compile 46
[2019.01.27-18.53.50:440][ 41]LogShaderCompilers: Display: Shaders left to compile 36
[2019.01.27-18.53.50:440][ 41]LogShaderCompilers: Display: Shaders left to compile 26
[2019.01.27-18.53.50:497][ 41]LogActorFactory: Actor Factory created ScotsPine_01
[2019.01.27-18.53.51:097][ 42]LogUnrealEdMisc: Warning: Heartbeat event firing too frequently (0.000 sec). This should never happen. Something is wrong with the timer delegate!
[2019.01.27-18.53.51:097][ 42]LogUnrealEdMisc: Warning: Heartbeat event firing too frequently (0.000 sec). This should never happen. Something is wrong with the timer delegate!
[2019.01.27-18.53.54:511][157]LogShaderCompilers: Display: Shaders left to compile 16
[2019.01.27-18.53.54:626][161]LogShaderCompilers: Display: Shaders left to compile 6
[2019.01.27-18.53.58:992][472]LogSlate: FSceneViewport::OnFocusLost() reason 0
[2019.01.27-18.54.05:492][ 74]LogUnrealEdMisc: Warning: Heartbeat event firing too frequently (14.395 sec). This should never happen. Something is wrong with the timer delegate!
[2019.01.27-18.54.21:164][724]LogEditorViewport: Clicking on Actor (LMB): Landscape (Landscape1)
[2019.01.27-18.54.22:148][772]LogEditorViewport: Clicking on Actor (LMB): Landscape (Landscape1)
[2019.01.27-18.54.25:462][131]LogSlate: FSceneViewport::OnFocusLost() reason 0
[2019.01.27-18.54.33:019][908]LogEditorViewport: Clicking on Actor (LMB): StaticMeshActor (ScotsPine_01)
[2019.01.27-18.54.34:684][ 62]LogSlate: Took 0.039279 seconds to synchronously load lazily loaded font '../../../Engine/Content/Slate/Fonts/Roboto-Italic.ttf' (157K)
[2019.01.27-18.54.35:607][158]Cmd: DELETE
[2019.01.27-18.54.35:607][158]Cmd: ACTOR DELETE
[2019.01.27-18.54.35:940][158]LogEditorActor: Deleted Actor: StaticMeshActor
[2019.01.27-18.54.36:091][158]LogEditorActor: Deleted 1 Actors (0.209 secs)
[2019.01.27-18.54.38:018][364]LogSlate: FSceneViewport::OnFocusLost() reason 0
[2019.01.27-18.54.39:403][525]LogMaterial: Warning: Material /Game/KiteDemo/Environments/Trees/ScotsPine_01/ScotsPine_01_Branches_Mat.ScotsPine_01_Branches_Mat needed to have new flag set bUsedWithInstancedStaticMeshes !
[2019.01.27-18.54.39:406][525]LogMaterial: Display: Missing cached shader map for material ScotsPine_01_Branches_Mat, compiling. 
[2019.01.27-18.54.39:434][525]LogMaterial: Warning: Material /Game/KiteDemo/Environments/Trees/ScotsPine_01/ScotsPine_01_Branches_2_Mat.ScotsPine_01_Branches_2_Mat needed to have new flag set bUsedWithInstancedStaticMeshes !
[2019.01.27-18.54.39:459][525]LogShaderCompilers: Display: Shaders left to compile 87
[2019.01.27-18.54.39:459][525]LogShaderCompilers: Display: Shaders left to compile 77
[2019.01.27-18.54.39:459][525]LogShaderCompilers: Display: Shaders left to compile 67
[2019.01.27-18.54.39:459][525]LogMaterial: Display: Missing cached shader map for material ScotsPine_01_Branches_2_Mat, compiling. 
[2019.01.27-18.54.39:487][525]LogMaterial: Warning: Material /Game/KiteDemo/Environments/Trees/ScotsPine_01/ScotsPine_01_Leaves_Mat.ScotsPine_01_Leaves_Mat needed to have new flag set bUsedWithInstancedStaticMeshes !
[2019.01.27-18.54.39:489][525]LogMaterial: Display: Missing cached shader map for material ScotsPine_01_Leaves_Mat, compiling. 
[2019.01.27-18.54.39:517][525]LogMaterial: Warning: Material /Game/KiteDemo/Environments/Trees/ScotsPine_01/ScotsPine_01_Fronds_Mat.ScotsPine_01_Fronds_Mat needed to have new flag set bUsedWithInstancedStaticMeshes !
[2019.01.27-18.54.39:519][525]LogMaterial: Display: Missing cached shader map for material ScotsPine_01_Fronds_Mat, compiling. 
[2019.01.27-18.54.39:547][525]LogMaterial: Warning: Material /Game/KiteDemo/Environments/Trees/ScotsPine_01/ScotsPine_01_Billboard_Mat.ScotsPine_01_Billboard_Mat needed to have new flag set bUsedWithInstancedStaticMeshes !
[2019.01.27-18.54.39:549][525]LogMaterial: Display: Missing cached shader map for material ScotsPine_01_Billboard_Mat, compiling. 
[2019.01.27-18.54.45:956][174]Cmd: TRANSACTION UNDO
[2019.01.27-18.54.45:956][174]LogEditorTransaction: Undo Foliage Editing
[2019.01.27-18.54.49:460][530]LogShaderCompilers: Display: Shaders left to compile 413
[2019.01.27-18.54.50:029][593]LogShaderCompilers: Display: Shaders left to compile 403
[2019.01.27-18.54.50:422][634]LogShaderCompilers: Display: Shaders left to compile 393
[2019.01.27-18.54.52:211][820]LogSlate: FSceneViewport::OnFocusLost() reason 0
[2019.01.27-18.54.56:681][314]Cmd: TRANSACTION UNDO
[2019.01.27-18.54.56:681][314]LogEditorTransaction: Undo Foliage Editing
[2019.01.27-18.54.58:514][475]LogSlate: FSceneViewport::OnFocusLost() reason 0
[2019.01.27-18.54.59:680][600]LogShaderCompilers: Display: Shaders left to compile 383
[2019.01.27-18.55.01:112][694]Cmd: TRANSACTION UNDO
[2019.01.27-18.55.01:112][694]LogEditorTransaction: Undo Foliage Editing
[2019.01.27-18.55.01:633][741]LogShaderCompilers: Display: Shaders left to compile 373
[2019.01.27-18.55.01:962][769]LogSlate: FSceneViewport::OnFocusLost() reason 0
[2019.01.27-18.55.02:691][847]LogShaderCompilers: Display: Shaders left to compile 363
[2019.01.27-18.55.04:351][ 17]LogSlate: FSceneViewport::OnFocusLost() reason 0
[2019.01.27-18.55.08:449][475]LogShaderCompilers: Display: Shaders left to compile 353
[2019.01.27-18.55.11:876][848]LogShaderCompilers: Display: Shaders left to compile 343
[2019.01.27-18.55.13:005][973]LogShaderCompilers: Display: Shaders left to compile 333
[2019.01.27-18.55.13:646][975]LogShaderCompilers: Display: Shaders left to compile 323
[2019.01.27-18.55.15:514][976]LogShaderCompilers: Display: Shaders left to compile 313
[2019.01.27-18.55.16:844][102]LogShaderCompilers: Display: Shaders left to compile 303
[2019.01.27-18.55.21:670][569]LogSlate: FSceneViewport::OnFocusLost() reason 0
[2019.01.27-18.55.24:967][889]LogStaticMesh: Building static mesh HillTree_02...
