c:\users\marco colonna\downloads\sdl_project_1.1.0 - using umers body class\sdl_project_1.1.0 - using umers body class\sdl_project\debug\vc141.pdb
c:\users\marco colonna\downloads\sdl_project_1.1.0 - using umers body class\sdl_project_1.1.0 - using umers body class\sdl_project\debug\vc141.idb
c:\users\marco colonna\downloads\sdl_project_1.1.0 - using umers body class\sdl_project_1.1.0 - using umers body class\sdl_project\debug\assignment1.obj
c:\users\marco colonna\downloads\sdl_project_1.1.0 - using umers body class\sdl_project_1.1.0 - using umers body class\sdl_project\debug\body.obj
c:\users\marco colonna\downloads\sdl_project_1.1.0 - using umers body class\sdl_project_1.1.0 - using umers body class\sdl_project\debug\gamemanager.obj
c:\users\marco colonna\downloads\sdl_project_1.1.0 - using umers body class\sdl_project_1.1.0 - using umers body class\sdl_project\debug\main.obj
c:\users\marco colonna\downloads\sdl_project_1.1.0 - using umers body class\sdl_project_1.1.0 - using umers body class\sdl_project\debug\mmath.obj
c:\users\marco colonna\downloads\sdl_project_1.1.0 - using umers body class\sdl_project_1.1.0 - using umers body class\sdl_project\debug\timer.obj
c:\users\marco colonna\downloads\sdl_project_1.1.0 - using umers body class\sdl_project_1.1.0 - using umers body class\sdl_project\debug\vmath.obj
c:\users\marco colonna\downloads\sdl_project_1.1.0 - using umers body class\sdl_project_1.1.0 - using umers body class\sdl_project\debug\window.obj
c:\users\marco colonna\desktop\sdl_project_1.1.0 - using umers body class\sdl_project_1.1.0 - using umers body class\sdl_project\debug\vc141.pdb
c:\users\marco colonna\desktop\sdl_project_1.1.0 - using umers body class\sdl_project_1.1.0 - using umers body class\sdl_project\debug\vc141.idb
c:\users\marco colonna\desktop\sdl_project_1.1.0 - using umers body class\sdl_project_1.1.0 - using umers body class\sdl_project\debug\assignment1.obj
c:\users\marco colonna\desktop\sdl_project_1.1.0 - using umers body class\sdl_project_1.1.0 - using umers body class\sdl_project\debug\body.obj
c:\users\marco colonna\desktop\sdl_project_1.1.0 - using umers body class\sdl_project_1.1.0 - using umers body class\sdl_project\debug\gamemanager.obj
c:\users\marco colonna\desktop\sdl_project_1.1.0 - using umers body class\sdl_project_1.1.0 - using umers body class\sdl_project\debug\main.obj
c:\users\marco colonna\desktop\sdl_project_1.1.0 - using umers body class\sdl_project_1.1.0 - using umers body class\sdl_project\debug\mmath.obj
c:\users\marco colonna\desktop\sdl_project_1.1.0 - using umers body class\sdl_project_1.1.0 - using umers body class\sdl_project\debug\timer.obj
c:\users\marco colonna\desktop\sdl_project_1.1.0 - using umers body class\sdl_project_1.1.0 - using umers body class\sdl_project\debug\vmath.obj
c:\users\marco colonna\desktop\sdl_project_1.1.0 - using umers body class\sdl_project_1.1.0 - using umers body class\sdl_project\debug\window.obj
c:\users\marco colonna\downloads\sdl_project_1.1.0 - using umers body class\sdl_project_1.1.0 - using umers body class\debug\sdl_project.ilk
c:\users\marco colonna\downloads\sdl_project_1.1.0 - using umers body class\sdl_project_1.1.0 - using umers body class\debug\sdl_project.exe
c:\users\marco colonna\downloads\sdl_project_1.1.0 - using umers body class\sdl_project_1.1.0 - using umers body class\debug\sdl_project.pdb
c:\users\marco colonna\desktop\sdl_project_1.1.0 - using umers body class\sdl_project_1.1.0 - using umers body class\debug\sdl_project.exe
c:\users\marco colonna\desktop\sdl_project_1.1.0 - using umers body class\sdl_project_1.1.0 - using umers body class\debug\sdl_project.ilk
c:\users\marco colonna\desktop\sdl_project_1.1.0 - using umers body class\sdl_project_1.1.0 - using umers body class\debug\sdl_project.pdb
c:\users\marco colonna\downloads\sdl_project_1.1.0 - using umers body class\sdl_project_1.1.0 - using umers body class\debug\sdl_project.lib
c:\users\marco colonna\downloads\sdl_project_1.1.0 - using umers body class\sdl_project_1.1.0 - using umers body class\debug\sdl_project.exp
c:\users\marco colonna\desktop\sdl_project_1.1.0 - using umers body class\sdl_project_1.1.0 - using umers body class\debug\sdl_project.lib
c:\users\marco colonna\desktop\sdl_project_1.1.0 - using umers body class\sdl_project_1.1.0 - using umers body class\debug\sdl_project.exp
c:\users\marco colonna\desktop\sdl_project_1.1.0 - using umers body class\sdl_project_1.1.0 - using umers body class\sdl_project\debug\sdl_project.tlog\cl.command.1.tlog
c:\users\marco colonna\desktop\sdl_project_1.1.0 - using umers body class\sdl_project_1.1.0 - using umers body class\sdl_project\debug\sdl_project.tlog\cl.read.1.tlog
c:\users\marco colonna\desktop\sdl_project_1.1.0 - using umers body class\sdl_project_1.1.0 - using umers body class\sdl_project\debug\sdl_project.tlog\cl.write.1.tlog
c:\users\marco colonna\desktop\sdl_project_1.1.0 - using umers body class\sdl_project_1.1.0 - using umers body class\sdl_project\debug\sdl_project.tlog\link.command.1.tlog
c:\users\marco colonna\desktop\sdl_project_1.1.0 - using umers body class\sdl_project_1.1.0 - using umers body class\sdl_project\debug\sdl_project.tlog\link.read.1.tlog
c:\users\marco colonna\desktop\sdl_project_1.1.0 - using umers body class\sdl_project_1.1.0 - using umers body class\sdl_project\debug\sdl_project.tlog\link.write.1.tlog
c:\users\marco colonna\desktop\sdl_project_1.1.0 - using umers body class\sdl_project_1.1.0 - using umers body class\sdl_project\debug\sdl_project.tlog\sdl_project.write.1u.tlog
